[0.135s] Invoking command in '/home/jeni/astra_s/build/magic_enum': CMAKE_PREFIX_PATH=/opt/ros/foxy CONDA_PROMPT_MODIFIER=(base) /usr/bin/cmake --build /home/jeni/astra_s/build/magic_enum -- -j20 -l20
[0.160s] [ 14%] Built target example_custom_name
[0.160s] [ 35%] Built target example_switch
[0.160s] [ 42%] Built target test_flags-cpp17
[0.161s] [ 57%] Built target test_aliases-cpp17
[0.162s] [ 71%] Built target enum_flag_example
[0.162s] [ 85%] Built target example
[0.162s] [100%] Built target test-cpp17
[0.169s] Invoked command in '/home/jeni/astra_s/build/magic_enum' returned '0': CMAKE_PREFIX_PATH=/opt/ros/foxy CONDA_PROMPT_MODIFIER=(base) /usr/bin/cmake --build /home/jeni/astra_s/build/magic_enum -- -j20 -l20
[0.191s] Invoking command in '/home/jeni/astra_s/build/magic_enum': CMAKE_PREFIX_PATH=/opt/ros/foxy CONDA_PROMPT_MODIFIER=(base) /usr/bin/cmake --install /home/jeni/astra_s/build/magic_enum
[0.196s] -- Install configuration: "Release"
[0.196s] -- Up-to-date: /home/jeni/astra_s/install/magic_enum/lib/cmake/magic_enum/magic_enumConfigVersion.cmake
[0.197s] -- Up-to-date: /home/jeni/astra_s/install/magic_enum/lib/cmake/magic_enum/magic_enumConfig.cmake
[0.197s] -- Up-to-date: /home/jeni/astra_s/install/magic_enum/./include
[0.197s] -- Up-to-date: /home/jeni/astra_s/install/magic_enum/./include/magic_enum_format.hpp
[0.197s] -- Up-to-date: /home/jeni/astra_s/install/magic_enum/./include/magic_enum.hpp
[0.197s] -- Up-to-date: /home/jeni/astra_s/install/magic_enum/./include/magic_enum_fuse.hpp
[0.197s] -- Up-to-date: /home/jeni/astra_s/install/magic_enum/./include/magic_enum_switch.hpp
[0.197s] -- Up-to-date: /home/jeni/astra_s/install/magic_enum/share/magic_enum/package.xml
[0.198s] Invoked command in '/home/jeni/astra_s/build/magic_enum' returned '0': CMAKE_PREFIX_PATH=/opt/ros/foxy CONDA_PROMPT_MODIFIER=(base) /usr/bin/cmake --install /home/jeni/astra_s/build/magic_enum
