-- The CXX compiler identification is GNU 9.4.0
-- Check for working CXX compiler: /usr/bin/c++
-- Check for working CXX compiler: /usr/bin/c++ -- works
-- Detecting CXX compiler ABI info
-- Detecting CXX compiler ABI info - done
-- Detecting CXX compile features
-- Detecting CXX compile features - done
-- Performing Test HAS_CPP20_FLAG
-- Performing Test HAS_CPP20_FLAG - Failed
-- Performing Test HAS_CPP23_FLAG
-- Performing Test HAS_CPP23_FLAG - Failed
-- Configuring done
-- Generating done
-- Build files have been written to: /home/jeni/astra_s/build/magic_enum
[35m[1mScanning dependencies of target test_flags-cpp17[0m
[35m[1mScanning dependencies of target enum_flag_example[0m
[35m[1mScanning dependencies of target example[0m
[35m[1mScanning dependencies of target example_switch[0m
[35m[1mScanning dependencies of target example_custom_name[0m
[35m[1mScanning dependencies of target test-cpp17[0m
[35m[1mScanning dependencies of target test_aliases-cpp17[0m
[ 14%] [32mBuilding CXX object example/CMakeFiles/enum_flag_example.dir/enum_flag_example.cpp.o[0m
[ 14%] [32mBuilding CXX object example/CMakeFiles/example.dir/example.cpp.o[0m
[ 21%] [32mBuilding CXX object example/CMakeFiles/example_custom_name.dir/example_custom_name.cpp.o[0m
[ 28%] [32mBuilding CXX object example/CMakeFiles/example_switch.dir/example_switch.cpp.o[0m
[ 35%] [32mBuilding CXX object test/CMakeFiles/test-cpp17.dir/test.cpp.o[0m
[ 42%] [32mBuilding CXX object test/CMakeFiles/test_flags-cpp17.dir/test_flags.cpp.o[0m
[ 50%] [32mBuilding CXX object test/CMakeFiles/test_aliases-cpp17.dir/test_aliases.cpp.o[0m
[ 57%] [32m[1mLinking CXX executable enum_flag_example[0m
[ 64%] [32m[1mLinking CXX executable example_custom_name[0m
[ 64%] Built target enum_flag_example
[ 71%] [32m[1mLinking CXX executable example[0m
[ 71%] Built target example_custom_name
[ 78%] [32m[1mLinking CXX executable example_switch[0m
[ 78%] Built target example
[ 78%] Built target example_switch
[ 85%] [32m[1mLinking CXX executable test_aliases-cpp17[0m
/usr/bin/c++  -O3 -DNDEBUG   CMakeFiles/test_aliases-cpp17.dir/test_aliases.cpp.o  -o test_aliases-cpp17 
[ 85%] Built target test_aliases-cpp17
[ 92%] [32m[1mLinking CXX executable test_flags-cpp17[0m
/usr/bin/c++  -O3 -DNDEBUG   CMakeFiles/test_flags-cpp17.dir/test_flags.cpp.o  -o test_flags-cpp17 
[ 92%] Built target test_flags-cpp17
[100%] [32m[1mLinking CXX executable test-cpp17[0m
/usr/bin/c++  -O3 -DNDEBUG   CMakeFiles/test-cpp17.dir/test.cpp.o  -o test-cpp17 
[100%] Built target test-cpp17
-- Install configuration: "Release"
-- Installing: /home/jeni/astra_s/install/magic_enum/lib/cmake/magic_enum/magic_enumConfigVersion.cmake
-- Installing: /home/jeni/astra_s/install/magic_enum/lib/cmake/magic_enum/magic_enumConfig.cmake
-- Installing: /home/jeni/astra_s/install/magic_enum/./include
-- Installing: /home/jeni/astra_s/install/magic_enum/./include/magic_enum_format.hpp
-- Installing: /home/jeni/astra_s/install/magic_enum/./include/magic_enum.hpp
-- Installing: /home/jeni/astra_s/install/magic_enum/./include/magic_enum_fuse.hpp
-- Installing: /home/jeni/astra_s/install/magic_enum/./include/magic_enum_switch.hpp
-- Installing: /home/jeni/astra_s/install/magic_enum/share/magic_enum/package.xml
