[0.254s] Invoking command in '/home/jeni/astra_s/build/libuvc': CONDA_PROMPT_MODIFIER=(base) /usr/bin/cmake --build /home/jeni/astra_s/build/libuvc -- -j20 -l20
[0.278s] [ 45%] Built target uvc_static
[0.279s] [ 90%] Built target uvc
[0.290s] [100%] Built target example
[0.300s] Invoked command in '/home/jeni/astra_s/build/libuvc' returned '0': CONDA_PROMPT_MODIFIER=(base) /usr/bin/cmake --build /home/jeni/astra_s/build/libuvc -- -j20 -l20
[0.324s] Invoking command in '/home/jeni/astra_s/build/libuvc': CONDA_PROMPT_MODIFIER=(base) /usr/bin/cmake --install /home/jeni/astra_s/build/libuvc
[0.328s] -- Install configuration: "Release"
[0.328s] -- Up-to-date: /home/jeni/astra_s/install/libuvc/lib/libuvc.so.0.0.7
[0.328s] -- Up-to-date: /home/jeni/astra_s/install/libuvc/lib/libuvc.so.0
[0.328s] -- Up-to-date: /home/jeni/astra_s/install/libuvc/lib/libuvc.so
[0.328s] -- Up-to-date: /home/jeni/astra_s/install/libuvc/include/libuvc/libuvc.h
[0.328s] -- Up-to-date: /home/jeni/astra_s/install/libuvc/include/libuvc/libuvc_config.h
[0.328s] -- Up-to-date: /home/jeni/astra_s/install/libuvc/lib/libuvc.a
[0.329s] -- Up-to-date: /home/jeni/astra_s/install/libuvc/include/libuvc/libuvc.h
[0.329s] -- Up-to-date: /home/jeni/astra_s/install/libuvc/include/libuvc/libuvc_config.h
[0.329s] -- Up-to-date: /home/jeni/astra_s/install/libuvc/lib/cmake/libuvc/libuvcTargets.cmake
[0.329s] -- Up-to-date: /home/jeni/astra_s/install/libuvc/lib/cmake/libuvc/libuvcTargets-release.cmake
[0.329s] -- Up-to-date: /home/jeni/astra_s/install/libuvc/lib/cmake/libuvc/FindLibUSB.cmake
[0.329s] -- Up-to-date: /home/jeni/astra_s/install/libuvc/lib/cmake/libuvc/FindJpegPkg.cmake
[0.329s] -- Up-to-date: /home/jeni/astra_s/install/libuvc/lib/cmake/libuvc/libuvcConfigVersion.cmake
[0.330s] -- Up-to-date: /home/jeni/astra_s/install/libuvc/lib/pkgconfig/libuvc.pc
[0.330s] -- Up-to-date: /home/jeni/astra_s/install/libuvc/lib/cmake/libuvc/libuvcConfig.cmake
[0.330s] Invoked command in '/home/jeni/astra_s/build/libuvc' returned '0': CONDA_PROMPT_MODIFIER=(base) /usr/bin/cmake --install /home/jeni/astra_s/build/libuvc
