[2.242s] DEBUG:colcon:Command line arguments: ['/usr/bin/colcon', 'build', '--event-handlers', 'console_direct+', '--cmake-args', '-DCMAKE_BUILD_TYPE=Release']
[2.243s] DEBUG:colcon:Parsed command line arguments: Namespace(allow_overriding=[], ament_cmake_args=None, base_paths=['.'], build_base='build', catkin_cmake_args=None, catkin_skip_building_tests=False, cmake_args=['-DCMAKE_BUILD_TYPE=Release'], cmake_clean_cache=False, cmake_clean_first=False, cmake_force_configure=False, cmake_target=None, cmake_target_skip_unavailable=False, continue_on_error=False, event_handlers=['console_direct+'], executor='parallel', ignore_user_meta=False, install_base='install', log_base=None, log_level=None, main=<bound method BuildVerb.main of <colcon_core.verb.build.BuildVerb object at 0x7fcb30f70df0>>, merge_install=False, metas=['./colcon.meta'], packages_above=None, packages_above_and_dependencies=None, packages_above_depth=None, packages_end=None, packages_ignore=None, packages_ignore_regex=None, packages_select=None, packages_select_build_failed=False, packages_select_by_dep=None, packages_select_regex=None, packages_select_test_failures=False, packages_skip=None, packages_skip_build_finished=False, packages_skip_by_dep=None, packages_skip_regex=None, packages_skip_test_passed=False, packages_skip_up_to=None, packages_start=None, packages_up_to=None, packages_up_to_regex=None, parallel_workers=20, paths=None, symlink_install=False, test_result_base=None, verb_extension=<colcon_core.verb.build.BuildVerb object at 0x7fcb30f70df0>, verb_name='build', verb_parser=<colcon_defaults.argument_parser.defaults.DefaultArgumentsDecorator object at 0x7fcb30bc32e0>)
[2.333s] Level 1:colcon.colcon_core.package_discovery:discover_packages(colcon_meta) check parameters
[2.334s] Level 1:colcon.colcon_core.package_discovery:discover_packages(recursive) check parameters
[2.334s] Level 1:colcon.colcon_core.package_discovery:discover_packages(ignore) check parameters
[2.334s] Level 1:colcon.colcon_core.package_discovery:discover_packages(path) check parameters
[2.334s] Level 1:colcon.colcon_core.package_discovery:discover_packages(colcon_meta) discover
[2.334s] Level 1:colcon.colcon_core.package_discovery:discover_packages(recursive) discover
[2.334s] INFO:colcon.colcon_core.package_discovery:Crawling recursively for packages in '/home/jeni/astra_s'
[2.334s] Level 1:colcon.colcon_core.package_identification:_identify(.) by extensions ['ignore', 'ignore_ament_install']
[2.334s] Level 1:colcon.colcon_core.package_identification:_identify(.) by extension 'ignore'
[2.334s] Level 1:colcon.colcon_core.package_identification:_identify(.) by extension 'ignore_ament_install'
[2.334s] Level 1:colcon.colcon_core.package_identification:_identify(.) by extensions ['colcon_pkg']
[2.334s] Level 1:colcon.colcon_core.package_identification:_identify(.) by extension 'colcon_pkg'
[2.334s] Level 1:colcon.colcon_core.package_identification:_identify(.) by extensions ['colcon_meta']
[2.334s] Level 1:colcon.colcon_core.package_identification:_identify(.) by extension 'colcon_meta'
[2.334s] Level 1:colcon.colcon_core.package_identification:_identify(.) by extensions ['ros']
[2.334s] Level 1:colcon.colcon_core.package_identification:_identify(.) by extension 'ros'
[2.340s] Level 1:colcon.colcon_core.package_identification:_identify(.) by extensions ['cmake', 'python']
[2.340s] Level 1:colcon.colcon_core.package_identification:_identify(.) by extension 'cmake'
[2.340s] Level 1:colcon.colcon_core.package_identification:_identify(.) by extension 'python'
[2.340s] Level 1:colcon.colcon_core.package_identification:_identify(.) by extensions ['python_setup_py']
[2.340s] Level 1:colcon.colcon_core.package_identification:_identify(.) by extension 'python_setup_py'
[2.340s] Level 1:colcon.colcon_core.package_identification:_identify(build) by extensions ['ignore', 'ignore_ament_install']
[2.340s] Level 1:colcon.colcon_core.package_identification:_identify(build) by extension 'ignore'
[2.340s] Level 1:colcon.colcon_core.package_identification:_identify(build) ignored
[2.340s] Level 1:colcon.colcon_core.package_identification:_identify(glog-0.6.0) by extensions ['ignore', 'ignore_ament_install']
[2.340s] Level 1:colcon.colcon_core.package_identification:_identify(glog-0.6.0) by extension 'ignore'
[2.340s] Level 1:colcon.colcon_core.package_identification:_identify(glog-0.6.0) by extension 'ignore_ament_install'
[2.340s] Level 1:colcon.colcon_core.package_identification:_identify(glog-0.6.0) by extensions ['colcon_pkg']
[2.340s] Level 1:colcon.colcon_core.package_identification:_identify(glog-0.6.0) by extension 'colcon_pkg'
[2.340s] Level 1:colcon.colcon_core.package_identification:_identify(glog-0.6.0) by extensions ['colcon_meta']
[2.340s] Level 1:colcon.colcon_core.package_identification:_identify(glog-0.6.0) by extension 'colcon_meta'
[2.340s] Level 1:colcon.colcon_core.package_identification:_identify(glog-0.6.0) by extensions ['ros']
[2.340s] Level 1:colcon.colcon_core.package_identification:_identify(glog-0.6.0) by extension 'ros'
[2.340s] Level 1:colcon.colcon_core.package_identification:_identify(glog-0.6.0) by extensions ['cmake', 'python']
[2.340s] Level 1:colcon.colcon_core.package_identification:_identify(glog-0.6.0) by extension 'cmake'
[2.347s] Level 1:colcon.colcon_core.package_identification:_identify(glog-0.6.0) by extension 'python'
[2.347s] DEBUG:colcon.colcon_core.package_identification:Package 'glog-0.6.0' with type 'cmake' and name 'glog'
[2.348s] Level 1:colcon.colcon_core.package_identification:_identify(install) by extensions ['ignore', 'ignore_ament_install']
[2.348s] Level 1:colcon.colcon_core.package_identification:_identify(install) by extension 'ignore'
[2.348s] Level 1:colcon.colcon_core.package_identification:_identify(install) ignored
[2.348s] Level 1:colcon.colcon_core.package_identification:_identify(libuvc) by extensions ['ignore', 'ignore_ament_install']
[2.348s] Level 1:colcon.colcon_core.package_identification:_identify(libuvc) by extension 'ignore'
[2.348s] Level 1:colcon.colcon_core.package_identification:_identify(libuvc) by extension 'ignore_ament_install'
[2.348s] Level 1:colcon.colcon_core.package_identification:_identify(libuvc) by extensions ['colcon_pkg']
[2.348s] Level 1:colcon.colcon_core.package_identification:_identify(libuvc) by extension 'colcon_pkg'
[2.348s] Level 1:colcon.colcon_core.package_identification:_identify(libuvc) by extensions ['colcon_meta']
[2.348s] Level 1:colcon.colcon_core.package_identification:_identify(libuvc) by extension 'colcon_meta'
[2.348s] Level 1:colcon.colcon_core.package_identification:_identify(libuvc) by extensions ['ros']
[2.348s] Level 1:colcon.colcon_core.package_identification:_identify(libuvc) by extension 'ros'
[2.348s] Level 1:colcon.colcon_core.package_identification:_identify(libuvc) by extensions ['cmake', 'python']
[2.348s] Level 1:colcon.colcon_core.package_identification:_identify(libuvc) by extension 'cmake'
[2.350s] Level 1:colcon.colcon_core.package_identification:_identify(libuvc) by extension 'python'
[2.350s] DEBUG:colcon.colcon_core.package_identification:Package 'libuvc' with type 'cmake' and name 'libuvc'
[2.350s] Level 1:colcon.colcon_core.package_identification:_identify(log) by extensions ['ignore', 'ignore_ament_install']
[2.350s] Level 1:colcon.colcon_core.package_identification:_identify(log) by extension 'ignore'
[2.350s] Level 1:colcon.colcon_core.package_identification:_identify(log) ignored
[2.350s] Level 1:colcon.colcon_core.package_identification:_identify(magic_enum-0.8.2) by extensions ['ignore', 'ignore_ament_install']
[2.350s] Level 1:colcon.colcon_core.package_identification:_identify(magic_enum-0.8.2) by extension 'ignore'
[2.350s] Level 1:colcon.colcon_core.package_identification:_identify(magic_enum-0.8.2) by extension 'ignore_ament_install'
[2.350s] Level 1:colcon.colcon_core.package_identification:_identify(magic_enum-0.8.2) by extensions ['colcon_pkg']
[2.350s] Level 1:colcon.colcon_core.package_identification:_identify(magic_enum-0.8.2) by extension 'colcon_pkg'
[2.350s] Level 1:colcon.colcon_core.package_identification:_identify(magic_enum-0.8.2) by extensions ['colcon_meta']
[2.350s] Level 1:colcon.colcon_core.package_identification:_identify(magic_enum-0.8.2) by extension 'colcon_meta'
[2.350s] Level 1:colcon.colcon_core.package_identification:_identify(magic_enum-0.8.2) by extensions ['ros']
[2.350s] Level 1:colcon.colcon_core.package_identification:_identify(magic_enum-0.8.2) by extension 'ros'
[2.351s] DEBUG:colcon.colcon_core.package_identification:Package 'magic_enum-0.8.2' with type 'ros.cmake' and name 'magic_enum'
[2.351s] Level 1:colcon.colcon_core.package_identification:_identify(src) by extensions ['ignore', 'ignore_ament_install']
[2.352s] Level 1:colcon.colcon_core.package_identification:_identify(src) by extension 'ignore'
[2.352s] Level 1:colcon.colcon_core.package_identification:_identify(src) by extension 'ignore_ament_install'
[2.352s] Level 1:colcon.colcon_core.package_identification:_identify(src) by extensions ['colcon_pkg']
[2.352s] Level 1:colcon.colcon_core.package_identification:_identify(src) by extension 'colcon_pkg'
[2.352s] Level 1:colcon.colcon_core.package_identification:_identify(src) by extensions ['colcon_meta']
[2.352s] Level 1:colcon.colcon_core.package_identification:_identify(src) by extension 'colcon_meta'
[2.352s] Level 1:colcon.colcon_core.package_identification:_identify(src) by extensions ['ros']
[2.352s] Level 1:colcon.colcon_core.package_identification:_identify(src) by extension 'ros'
[2.352s] Level 1:colcon.colcon_core.package_identification:_identify(src) by extensions ['cmake', 'python']
[2.352s] Level 1:colcon.colcon_core.package_identification:_identify(src) by extension 'cmake'
[2.352s] Level 1:colcon.colcon_core.package_identification:_identify(src) by extension 'python'
[2.352s] Level 1:colcon.colcon_core.package_identification:_identify(src) by extensions ['python_setup_py']
[2.352s] Level 1:colcon.colcon_core.package_identification:_identify(src) by extension 'python_setup_py'
[2.352s] Level 1:colcon.colcon_core.package_identification:_identify(src/ros2_astra_camera) by extensions ['ignore', 'ignore_ament_install']
[2.352s] Level 1:colcon.colcon_core.package_identification:_identify(src/ros2_astra_camera) by extension 'ignore'
[2.352s] Level 1:colcon.colcon_core.package_identification:_identify(src/ros2_astra_camera) by extension 'ignore_ament_install'
[2.352s] Level 1:colcon.colcon_core.package_identification:_identify(src/ros2_astra_camera) by extensions ['colcon_pkg']
[2.352s] Level 1:colcon.colcon_core.package_identification:_identify(src/ros2_astra_camera) by extension 'colcon_pkg'
[2.352s] Level 1:colcon.colcon_core.package_identification:_identify(src/ros2_astra_camera) by extensions ['colcon_meta']
[2.352s] Level 1:colcon.colcon_core.package_identification:_identify(src/ros2_astra_camera) by extension 'colcon_meta'
[2.352s] Level 1:colcon.colcon_core.package_identification:_identify(src/ros2_astra_camera) by extensions ['ros']
[2.352s] Level 1:colcon.colcon_core.package_identification:_identify(src/ros2_astra_camera) by extension 'ros'
[2.352s] Level 1:colcon.colcon_core.package_identification:_identify(src/ros2_astra_camera) by extensions ['cmake', 'python']
[2.352s] Level 1:colcon.colcon_core.package_identification:_identify(src/ros2_astra_camera) by extension 'cmake'
[2.352s] Level 1:colcon.colcon_core.package_identification:_identify(src/ros2_astra_camera) by extension 'python'
[2.352s] Level 1:colcon.colcon_core.package_identification:_identify(src/ros2_astra_camera) by extensions ['python_setup_py']
[2.352s] Level 1:colcon.colcon_core.package_identification:_identify(src/ros2_astra_camera) by extension 'python_setup_py'
[2.352s] Level 1:colcon.colcon_core.package_identification:_identify(src/ros2_astra_camera/astra_camera) by extensions ['ignore', 'ignore_ament_install']
[2.352s] Level 1:colcon.colcon_core.package_identification:_identify(src/ros2_astra_camera/astra_camera) by extension 'ignore'
[2.352s] Level 1:colcon.colcon_core.package_identification:_identify(src/ros2_astra_camera/astra_camera) by extension 'ignore_ament_install'
[2.352s] Level 1:colcon.colcon_core.package_identification:_identify(src/ros2_astra_camera/astra_camera) by extensions ['colcon_pkg']
[2.352s] Level 1:colcon.colcon_core.package_identification:_identify(src/ros2_astra_camera/astra_camera) by extension 'colcon_pkg'
[2.352s] Level 1:colcon.colcon_core.package_identification:_identify(src/ros2_astra_camera/astra_camera) by extensions ['colcon_meta']
[2.352s] Level 1:colcon.colcon_core.package_identification:_identify(src/ros2_astra_camera/astra_camera) by extension 'colcon_meta'
[2.352s] Level 1:colcon.colcon_core.package_identification:_identify(src/ros2_astra_camera/astra_camera) by extensions ['ros']
[2.352s] Level 1:colcon.colcon_core.package_identification:_identify(src/ros2_astra_camera/astra_camera) by extension 'ros'
[2.353s] DEBUG:colcon.colcon_core.package_identification:Package 'src/ros2_astra_camera/astra_camera' with type 'ros.ament_cmake' and name 'astra_camera'
[2.353s] Level 1:colcon.colcon_core.package_identification:_identify(src/ros2_astra_camera/astra_camera_msgs) by extensions ['ignore', 'ignore_ament_install']
[2.353s] Level 1:colcon.colcon_core.package_identification:_identify(src/ros2_astra_camera/astra_camera_msgs) by extension 'ignore'
[2.353s] Level 1:colcon.colcon_core.package_identification:_identify(src/ros2_astra_camera/astra_camera_msgs) by extension 'ignore_ament_install'
[2.353s] Level 1:colcon.colcon_core.package_identification:_identify(src/ros2_astra_camera/astra_camera_msgs) by extensions ['colcon_pkg']
[2.353s] Level 1:colcon.colcon_core.package_identification:_identify(src/ros2_astra_camera/astra_camera_msgs) by extension 'colcon_pkg'
[2.353s] Level 1:colcon.colcon_core.package_identification:_identify(src/ros2_astra_camera/astra_camera_msgs) by extensions ['colcon_meta']
[2.353s] Level 1:colcon.colcon_core.package_identification:_identify(src/ros2_astra_camera/astra_camera_msgs) by extension 'colcon_meta'
[2.353s] Level 1:colcon.colcon_core.package_identification:_identify(src/ros2_astra_camera/astra_camera_msgs) by extensions ['ros']
[2.353s] Level 1:colcon.colcon_core.package_identification:_identify(src/ros2_astra_camera/astra_camera_msgs) by extension 'ros'
[2.354s] DEBUG:colcon.colcon_core.package_identification:Package 'src/ros2_astra_camera/astra_camera_msgs' with type 'ros.ament_cmake' and name 'astra_camera_msgs'
[2.354s] Level 1:colcon.colcon_core.package_discovery:discover_packages(recursive) using defaults
[2.354s] Level 1:colcon.colcon_core.package_discovery:discover_packages(ignore) discover
[2.354s] Level 1:colcon.colcon_core.package_discovery:discover_packages(ignore) using defaults
[2.354s] Level 1:colcon.colcon_core.package_discovery:discover_packages(path) discover
[2.354s] Level 1:colcon.colcon_core.package_discovery:discover_packages(path) using defaults
[2.554s] Level 1:colcon.colcon_core.package_discovery:discover_packages(prefix_path) check parameters
[2.554s] Level 1:colcon.colcon_core.package_discovery:discover_packages(prefix_path) discover
[2.632s] DEBUG:colcon.colcon_installed_package_information.package_discovery:Found 266 installed packages in /opt/ros/foxy
[2.633s] Level 1:colcon.colcon_core.package_discovery:discover_packages(prefix_path) using defaults
[2.745s] Level 5:colcon.colcon_core.verb:set package 'astra_camera_msgs' build argument 'cmake_args' from command line to '['-DCMAKE_BUILD_TYPE=Release']'
[2.745s] Level 5:colcon.colcon_core.verb:set package 'astra_camera_msgs' build argument 'cmake_target' from command line to 'None'
[2.745s] Level 5:colcon.colcon_core.verb:set package 'astra_camera_msgs' build argument 'cmake_target_skip_unavailable' from command line to 'False'
[2.745s] Level 5:colcon.colcon_core.verb:set package 'astra_camera_msgs' build argument 'cmake_clean_cache' from command line to 'False'
[2.745s] Level 5:colcon.colcon_core.verb:set package 'astra_camera_msgs' build argument 'cmake_clean_first' from command line to 'False'
[2.745s] Level 5:colcon.colcon_core.verb:set package 'astra_camera_msgs' build argument 'cmake_force_configure' from command line to 'False'
[2.745s] Level 5:colcon.colcon_core.verb:set package 'astra_camera_msgs' build argument 'ament_cmake_args' from command line to 'None'
[2.745s] Level 5:colcon.colcon_core.verb:set package 'astra_camera_msgs' build argument 'catkin_cmake_args' from command line to 'None'
[2.745s] Level 5:colcon.colcon_core.verb:set package 'astra_camera_msgs' build argument 'catkin_skip_building_tests' from command line to 'False'
[2.745s] DEBUG:colcon.colcon_core.verb:Building package 'astra_camera_msgs' with the following arguments: {'ament_cmake_args': None, 'build_base': '/home/jeni/astra_s/build/astra_camera_msgs', 'catkin_cmake_args': None, 'catkin_skip_building_tests': False, 'cmake_args': ['-DCMAKE_BUILD_TYPE=Release'], 'cmake_clean_cache': False, 'cmake_clean_first': False, 'cmake_force_configure': False, 'cmake_target': None, 'cmake_target_skip_unavailable': False, 'install_base': '/home/jeni/astra_s/install/astra_camera_msgs', 'merge_install': False, 'path': '/home/jeni/astra_s/src/ros2_astra_camera/astra_camera_msgs', 'symlink_install': False, 'test_result_base': None}
[2.784s] Level 5:colcon.colcon_core.verb:set package 'glog' build argument 'cmake_args' from command line to '['-DCMAKE_BUILD_TYPE=Release']'
[2.784s] Level 5:colcon.colcon_core.verb:set package 'glog' build argument 'cmake_target' from command line to 'None'
[2.784s] Level 5:colcon.colcon_core.verb:set package 'glog' build argument 'cmake_target_skip_unavailable' from command line to 'False'
[2.784s] Level 5:colcon.colcon_core.verb:set package 'glog' build argument 'cmake_clean_cache' from command line to 'False'
[2.784s] Level 5:colcon.colcon_core.verb:set package 'glog' build argument 'cmake_clean_first' from command line to 'False'
[2.784s] Level 5:colcon.colcon_core.verb:set package 'glog' build argument 'cmake_force_configure' from command line to 'False'
[2.784s] Level 5:colcon.colcon_core.verb:set package 'glog' build argument 'ament_cmake_args' from command line to 'None'
[2.784s] Level 5:colcon.colcon_core.verb:set package 'glog' build argument 'catkin_cmake_args' from command line to 'None'
[2.784s] Level 5:colcon.colcon_core.verb:set package 'glog' build argument 'catkin_skip_building_tests' from command line to 'False'
[2.784s] DEBUG:colcon.colcon_core.verb:Building package 'glog' with the following arguments: {'ament_cmake_args': None, 'build_base': '/home/jeni/astra_s/build/glog', 'catkin_cmake_args': None, 'catkin_skip_building_tests': False, 'cmake_args': ['-DCMAKE_BUILD_TYPE=Release'], 'cmake_clean_cache': False, 'cmake_clean_first': False, 'cmake_force_configure': False, 'cmake_target': None, 'cmake_target_skip_unavailable': False, 'install_base': '/home/jeni/astra_s/install/glog', 'merge_install': False, 'path': '/home/jeni/astra_s/glog-0.6.0', 'symlink_install': False, 'test_result_base': None}
[2.822s] Level 5:colcon.colcon_core.verb:set package 'libuvc' build argument 'cmake_args' from command line to '['-DCMAKE_BUILD_TYPE=Release']'
[2.822s] Level 5:colcon.colcon_core.verb:set package 'libuvc' build argument 'cmake_target' from command line to 'None'
[2.822s] Level 5:colcon.colcon_core.verb:set package 'libuvc' build argument 'cmake_target_skip_unavailable' from command line to 'False'
[2.822s] Level 5:colcon.colcon_core.verb:set package 'libuvc' build argument 'cmake_clean_cache' from command line to 'False'
[2.822s] Level 5:colcon.colcon_core.verb:set package 'libuvc' build argument 'cmake_clean_first' from command line to 'False'
[2.822s] Level 5:colcon.colcon_core.verb:set package 'libuvc' build argument 'cmake_force_configure' from command line to 'False'
[2.822s] Level 5:colcon.colcon_core.verb:set package 'libuvc' build argument 'ament_cmake_args' from command line to 'None'
[2.822s] Level 5:colcon.colcon_core.verb:set package 'libuvc' build argument 'catkin_cmake_args' from command line to 'None'
[2.822s] Level 5:colcon.colcon_core.verb:set package 'libuvc' build argument 'catkin_skip_building_tests' from command line to 'False'
[2.822s] DEBUG:colcon.colcon_core.verb:Building package 'libuvc' with the following arguments: {'ament_cmake_args': None, 'build_base': '/home/jeni/astra_s/build/libuvc', 'catkin_cmake_args': None, 'catkin_skip_building_tests': False, 'cmake_args': ['-DCMAKE_BUILD_TYPE=Release'], 'cmake_clean_cache': False, 'cmake_clean_first': False, 'cmake_force_configure': False, 'cmake_target': None, 'cmake_target_skip_unavailable': False, 'install_base': '/home/jeni/astra_s/install/libuvc', 'merge_install': False, 'path': '/home/jeni/astra_s/libuvc', 'symlink_install': False, 'test_result_base': None}
[2.860s] Level 5:colcon.colcon_core.verb:set package 'magic_enum' build argument 'cmake_args' from command line to '['-DCMAKE_BUILD_TYPE=Release']'
[2.860s] Level 5:colcon.colcon_core.verb:set package 'magic_enum' build argument 'cmake_target' from command line to 'None'
[2.860s] Level 5:colcon.colcon_core.verb:set package 'magic_enum' build argument 'cmake_target_skip_unavailable' from command line to 'False'
[2.860s] Level 5:colcon.colcon_core.verb:set package 'magic_enum' build argument 'cmake_clean_cache' from command line to 'False'
[2.860s] Level 5:colcon.colcon_core.verb:set package 'magic_enum' build argument 'cmake_clean_first' from command line to 'False'
[2.860s] Level 5:colcon.colcon_core.verb:set package 'magic_enum' build argument 'cmake_force_configure' from command line to 'False'
[2.860s] Level 5:colcon.colcon_core.verb:set package 'magic_enum' build argument 'ament_cmake_args' from command line to 'None'
[2.860s] Level 5:colcon.colcon_core.verb:set package 'magic_enum' build argument 'catkin_cmake_args' from command line to 'None'
[2.860s] Level 5:colcon.colcon_core.verb:set package 'magic_enum' build argument 'catkin_skip_building_tests' from command line to 'False'
[2.860s] DEBUG:colcon.colcon_core.verb:Building package 'magic_enum' with the following arguments: {'ament_cmake_args': None, 'build_base': '/home/jeni/astra_s/build/magic_enum', 'catkin_cmake_args': None, 'catkin_skip_building_tests': False, 'cmake_args': ['-DCMAKE_BUILD_TYPE=Release'], 'cmake_clean_cache': False, 'cmake_clean_first': False, 'cmake_force_configure': False, 'cmake_target': None, 'cmake_target_skip_unavailable': False, 'install_base': '/home/jeni/astra_s/install/magic_enum', 'merge_install': False, 'path': '/home/jeni/astra_s/magic_enum-0.8.2', 'symlink_install': False, 'test_result_base': None}
[2.898s] Level 5:colcon.colcon_core.verb:set package 'astra_camera' build argument 'cmake_args' from command line to '['-DCMAKE_BUILD_TYPE=Release']'
[2.898s] Level 5:colcon.colcon_core.verb:set package 'astra_camera' build argument 'cmake_target' from command line to 'None'
[2.898s] Level 5:colcon.colcon_core.verb:set package 'astra_camera' build argument 'cmake_target_skip_unavailable' from command line to 'False'
[2.898s] Level 5:colcon.colcon_core.verb:set package 'astra_camera' build argument 'cmake_clean_cache' from command line to 'False'
[2.898s] Level 5:colcon.colcon_core.verb:set package 'astra_camera' build argument 'cmake_clean_first' from command line to 'False'
[2.898s] Level 5:colcon.colcon_core.verb:set package 'astra_camera' build argument 'cmake_force_configure' from command line to 'False'
[2.898s] Level 5:colcon.colcon_core.verb:set package 'astra_camera' build argument 'ament_cmake_args' from command line to 'None'
[2.898s] Level 5:colcon.colcon_core.verb:set package 'astra_camera' build argument 'catkin_cmake_args' from command line to 'None'
[2.898s] Level 5:colcon.colcon_core.verb:set package 'astra_camera' build argument 'catkin_skip_building_tests' from command line to 'False'
[2.898s] DEBUG:colcon.colcon_core.verb:Building package 'astra_camera' with the following arguments: {'ament_cmake_args': None, 'build_base': '/home/jeni/astra_s/build/astra_camera', 'catkin_cmake_args': None, 'catkin_skip_building_tests': False, 'cmake_args': ['-DCMAKE_BUILD_TYPE=Release'], 'cmake_clean_cache': False, 'cmake_clean_first': False, 'cmake_force_configure': False, 'cmake_target': None, 'cmake_target_skip_unavailable': False, 'install_base': '/home/jeni/astra_s/install/astra_camera', 'merge_install': False, 'path': '/home/jeni/astra_s/src/ros2_astra_camera/astra_camera', 'symlink_install': False, 'test_result_base': None}
[2.936s] INFO:colcon.colcon_core.executor:Executing jobs using 'parallel' executor
[2.974s] DEBUG:colcon.colcon_parallel_executor.executor.parallel:run_until_complete
[2.974s] INFO:colcon.colcon_ros.task.ament_cmake.build:Building ROS package in '/home/jeni/astra_s/src/ros2_astra_camera/astra_camera_msgs' with build type 'ament_cmake'
[2.974s] INFO:colcon.colcon_cmake.task.cmake.build:Building CMake package in '/home/jeni/astra_s/src/ros2_astra_camera/astra_camera_msgs'
[3.014s] INFO:colcon.colcon_core.plugin_system:Skipping extension 'colcon_core.shell.bat': Not used on non-Windows systems
[3.014s] INFO:colcon.colcon_core.shell:Skip shell extension 'powershell' for command environment: Not usable outside of PowerShell
[3.014s] DEBUG:colcon.colcon_core.shell:Skip shell extension 'dsv' for command environment
[3.094s] INFO:colcon.colcon_cmake.task.cmake.build:Building CMake package in '/home/jeni/astra_s/glog-0.6.0'
[3.134s] INFO:colcon.colcon_core.shell:Skip shell extension 'powershell' for command environment: Not usable outside of PowerShell
[3.134s] DEBUG:colcon.colcon_core.shell:Skip shell extension 'dsv' for command environment
[3.215s] INFO:colcon.colcon_cmake.task.cmake.build:Building CMake package in '/home/jeni/astra_s/libuvc'
[3.256s] INFO:colcon.colcon_core.shell:Skip shell extension 'powershell' for command environment: Not usable outside of PowerShell
[3.256s] DEBUG:colcon.colcon_core.shell:Skip shell extension 'dsv' for command environment
[3.337s] INFO:colcon.colcon_ros.task.cmake.build:Building ROS package in '/home/jeni/astra_s/magic_enum-0.8.2' with build type 'cmake'
[3.338s] INFO:colcon.colcon_cmake.task.cmake.build:Building CMake package in '/home/jeni/astra_s/magic_enum-0.8.2'
[3.378s] INFO:colcon.colcon_core.shell:Skip shell extension 'powershell' for command environment: Not usable outside of PowerShell
[3.378s] DEBUG:colcon.colcon_core.shell:Skip shell extension 'dsv' for command environment
[3.463s] DEBUG:colcon.colcon_core.event_handler.log_command:Invoking command in '/home/jeni/astra_s/build/astra_camera_msgs': CMAKE_PREFIX_PATH=/opt/ros/foxy CONDA_PROMPT_MODIFIER=(base) /usr/bin/cmake /home/jeni/astra_s/src/ros2_astra_camera/astra_camera_msgs -DCMAKE_BUILD_TYPE=Release -DCMAKE_INSTALL_PREFIX=/home/jeni/astra_s/install/astra_camera_msgs
[3.465s] DEBUG:colcon.colcon_core.event_handler.log_command:Invoking command in '/home/jeni/astra_s/build/glog': CONDA_PROMPT_MODIFIER=(base) /usr/bin/cmake /home/jeni/astra_s/glog-0.6.0 -DCMAKE_BUILD_TYPE=Release -DCMAKE_INSTALL_PREFIX=/home/jeni/astra_s/install/glog
[3.467s] DEBUG:colcon.colcon_core.event_handler.log_command:Invoking command in '/home/jeni/astra_s/build/libuvc': CONDA_PROMPT_MODIFIER=(base) /usr/bin/cmake /home/jeni/astra_s/libuvc -DCMAKE_BUILD_TYPE=Release -DCMAKE_INSTALL_PREFIX=/home/jeni/astra_s/install/libuvc
[3.471s] DEBUG:colcon.colcon_core.event_handler.log_command:Invoking command in '/home/jeni/astra_s/build/magic_enum': CMAKE_PREFIX_PATH=/opt/ros/foxy CONDA_PROMPT_MODIFIER=(base) /usr/bin/cmake /home/jeni/astra_s/magic_enum-0.8.2 -DCMAKE_BUILD_TYPE=Release -DCMAKE_INSTALL_PREFIX=/home/jeni/astra_s/install/magic_enum
[3.639s] DEBUG:colcon.colcon_core.event_handler.log_command:Invoked command in '/home/jeni/astra_s/build/magic_enum' returned '0': CMAKE_PREFIX_PATH=/opt/ros/foxy CONDA_PROMPT_MODIFIER=(base) /usr/bin/cmake /home/jeni/astra_s/magic_enum-0.8.2 -DCMAKE_BUILD_TYPE=Release -DCMAKE_INSTALL_PREFIX=/home/jeni/astra_s/install/magic_enum
[3.641s] DEBUG:colcon.colcon_core.event_handler.log_command:Invoking command in '/home/jeni/astra_s/build/magic_enum': CMAKE_PREFIX_PATH=/opt/ros/foxy CONDA_PROMPT_MODIFIER=(base) /usr/bin/cmake --build /home/jeni/astra_s/build/magic_enum -- -j20 -l20
[3.804s] DEBUG:colcon.colcon_core.event_handler.log_command:Invoked command in '/home/jeni/astra_s/build/libuvc' returned '0': CONDA_PROMPT_MODIFIER=(base) /usr/bin/cmake /home/jeni/astra_s/libuvc -DCMAKE_BUILD_TYPE=Release -DCMAKE_INSTALL_PREFIX=/home/jeni/astra_s/install/libuvc
[3.806s] DEBUG:colcon.colcon_core.event_handler.log_command:Invoking command in '/home/jeni/astra_s/build/libuvc': CONDA_PROMPT_MODIFIER=(base) /usr/bin/cmake --build /home/jeni/astra_s/build/libuvc -- -j20 -l20
[4.279s] DEBUG:colcon.colcon_core.event_handler.log_command:Invoked command in '/home/jeni/astra_s/build/libuvc' returned '0': CONDA_PROMPT_MODIFIER=(base) /usr/bin/cmake --build /home/jeni/astra_s/build/libuvc -- -j20 -l20
[4.308s] DEBUG:colcon.colcon_core.event_handler.log_command:Invoking command in '/home/jeni/astra_s/build/libuvc': CONDA_PROMPT_MODIFIER=(base) /usr/bin/cmake --install /home/jeni/astra_s/build/libuvc
[4.314s] Level 1:colcon.colcon_core.environment:create_environment_scripts_only(libuvc)
[4.314s] DEBUG:colcon.colcon_core.event_handler.log_command:Invoked command in '/home/jeni/astra_s/build/libuvc' returned '0': CONDA_PROMPT_MODIFIER=(base) /usr/bin/cmake --install /home/jeni/astra_s/build/libuvc
[4.366s] Level 1:colcon.colcon_core.environment:checking '/home/jeni/astra_s/install/libuvc' for CMake module files
[4.366s] Level 1:colcon.colcon_core.shell:create_environment_hook('libuvc', 'cmake_module_path')
[4.416s] INFO:colcon.colcon_core.shell:Creating environment hook '/home/jeni/astra_s/install/libuvc/share/libuvc/hook/cmake_module_path.ps1'
[4.416s] INFO:colcon.colcon_core.shell:Creating environment descriptor '/home/jeni/astra_s/install/libuvc/share/libuvc/hook/cmake_module_path.dsv'
[4.417s] INFO:colcon.colcon_core.shell:Creating environment hook '/home/jeni/astra_s/install/libuvc/share/libuvc/hook/cmake_module_path.sh'
[4.417s] Level 1:colcon.colcon_core.shell:create_environment_hook('libuvc', 'cmake_module_path1')
[4.463s] INFO:colcon.colcon_core.shell:Creating environment hook '/home/jeni/astra_s/install/libuvc/share/libuvc/hook/cmake_module_path1.ps1'
[4.463s] INFO:colcon.colcon_core.shell:Creating environment descriptor '/home/jeni/astra_s/install/libuvc/share/libuvc/hook/cmake_module_path1.dsv'
[4.463s] INFO:colcon.colcon_core.shell:Creating environment hook '/home/jeni/astra_s/install/libuvc/share/libuvc/hook/cmake_module_path1.sh'
[4.463s] Level 1:colcon.colcon_core.environment:checking '/home/jeni/astra_s/install/libuvc' for CMake config files
[4.463s] Level 1:colcon.colcon_core.shell:create_environment_hook('libuvc', 'cmake_prefix_path')
[4.510s] INFO:colcon.colcon_core.shell:Creating environment hook '/home/jeni/astra_s/install/libuvc/share/libuvc/hook/cmake_prefix_path.ps1'
[4.511s] INFO:colcon.colcon_core.shell:Creating environment descriptor '/home/jeni/astra_s/install/libuvc/share/libuvc/hook/cmake_prefix_path.dsv'
[4.511s] INFO:colcon.colcon_core.shell:Creating environment hook '/home/jeni/astra_s/install/libuvc/share/libuvc/hook/cmake_prefix_path.sh'
[4.511s] Level 1:colcon.colcon_core.environment:checking '/home/jeni/astra_s/install/libuvc/lib'
[4.511s] Level 1:colcon.colcon_core.shell:create_environment_hook('libuvc', 'ld_library_path_lib')
[4.558s] INFO:colcon.colcon_core.shell:Creating environment hook '/home/jeni/astra_s/install/libuvc/share/libuvc/hook/ld_library_path_lib.ps1'
[4.558s] INFO:colcon.colcon_core.shell:Creating environment descriptor '/home/jeni/astra_s/install/libuvc/share/libuvc/hook/ld_library_path_lib.dsv'
[4.559s] INFO:colcon.colcon_core.shell:Creating environment hook '/home/jeni/astra_s/install/libuvc/share/libuvc/hook/ld_library_path_lib.sh'
[4.559s] Level 1:colcon.colcon_core.environment:checking '/home/jeni/astra_s/install/libuvc/bin'
[4.559s] Level 1:colcon.colcon_core.environment:checking '/home/jeni/astra_s/install/libuvc/lib/pkgconfig/libuvc.pc'
[4.559s] Level 1:colcon.colcon_core.shell:create_environment_hook('libuvc', 'pkg_config')
[4.605s] INFO:colcon.colcon_core.shell:Creating environment hook '/home/jeni/astra_s/install/libuvc/share/libuvc/hook/pkg_config.ps1'
[4.605s] INFO:colcon.colcon_core.shell:Creating environment descriptor '/home/jeni/astra_s/install/libuvc/share/libuvc/hook/pkg_config.dsv'
[4.606s] INFO:colcon.colcon_core.shell:Creating environment hook '/home/jeni/astra_s/install/libuvc/share/libuvc/hook/pkg_config.sh'
[4.606s] Level 1:colcon.colcon_core.environment:checking '/home/jeni/astra_s/install/libuvc/lib/python3.8/site-packages'
[4.606s] Level 1:colcon.colcon_core.environment:checking '/home/jeni/astra_s/install/libuvc/bin'
[4.651s] INFO:colcon.colcon_core.shell:Creating package script '/home/jeni/astra_s/install/libuvc/share/libuvc/package.ps1'
[4.652s] INFO:colcon.colcon_core.shell:Creating package descriptor '/home/jeni/astra_s/install/libuvc/share/libuvc/package.dsv'
[4.652s] INFO:colcon.colcon_core.shell:Creating package script '/home/jeni/astra_s/install/libuvc/share/libuvc/package.sh'
[4.652s] INFO:colcon.colcon_core.shell:Creating package script '/home/jeni/astra_s/install/libuvc/share/libuvc/package.bash'
[4.653s] INFO:colcon.colcon_core.shell:Creating package script '/home/jeni/astra_s/install/libuvc/share/libuvc/package.zsh'
[4.653s] Level 1:colcon.colcon_core.environment:create_file_with_runtime_dependencies(/home/jeni/astra_s/install/libuvc/share/colcon-core/packages/libuvc)
[5.093s] DEBUG:colcon.colcon_core.event_handler.log_command:Invoked command in '/home/jeni/astra_s/build/astra_camera_msgs' returned '0': CMAKE_PREFIX_PATH=/opt/ros/foxy CONDA_PROMPT_MODIFIER=(base) /usr/bin/cmake /home/jeni/astra_s/src/ros2_astra_camera/astra_camera_msgs -DCMAKE_BUILD_TYPE=Release -DCMAKE_INSTALL_PREFIX=/home/jeni/astra_s/install/astra_camera_msgs
[5.093s] DEBUG:colcon.colcon_core.event_handler.log_command:Invoking command in '/home/jeni/astra_s/build/astra_camera_msgs': CMAKE_PREFIX_PATH=/opt/ros/foxy CONDA_PROMPT_MODIFIER=(base) /usr/bin/cmake --build /home/jeni/astra_s/build/astra_camera_msgs -- -j20 -l20
[8.956s] DEBUG:colcon.colcon_core.event_handler.log_command:Invoked command in '/home/jeni/astra_s/build/astra_camera_msgs' returned '0': CMAKE_PREFIX_PATH=/opt/ros/foxy CONDA_PROMPT_MODIFIER=(base) /usr/bin/cmake --build /home/jeni/astra_s/build/astra_camera_msgs -- -j20 -l20
[9.030s] DEBUG:colcon.colcon_core.event_handler.log_command:Invoking command in '/home/jeni/astra_s/build/astra_camera_msgs': CMAKE_PREFIX_PATH=/opt/ros/foxy CONDA_PROMPT_MODIFIER=(base) /usr/bin/cmake --install /home/jeni/astra_s/build/astra_camera_msgs
[9.074s] Level 1:colcon.colcon_core.environment:create_environment_scripts_only(astra_camera_msgs)
[9.075s] DEBUG:colcon.colcon_core.event_handler.log_command:Invoked command in '/home/jeni/astra_s/build/astra_camera_msgs' returned '0': CMAKE_PREFIX_PATH=/opt/ros/foxy CONDA_PROMPT_MODIFIER=(base) /usr/bin/cmake --install /home/jeni/astra_s/build/astra_camera_msgs
[9.121s] Level 1:colcon.colcon_core.environment:checking '/home/jeni/astra_s/install/astra_camera_msgs' for CMake module files
[9.122s] Level 1:colcon.colcon_core.environment:checking '/home/jeni/astra_s/install/astra_camera_msgs' for CMake config files
[9.122s] Level 1:colcon.colcon_core.shell:create_environment_hook('astra_camera_msgs', 'cmake_prefix_path')
[9.166s] INFO:colcon.colcon_core.shell:Creating environment hook '/home/jeni/astra_s/install/astra_camera_msgs/share/astra_camera_msgs/hook/cmake_prefix_path.ps1'
[9.167s] INFO:colcon.colcon_core.shell:Creating environment descriptor '/home/jeni/astra_s/install/astra_camera_msgs/share/astra_camera_msgs/hook/cmake_prefix_path.dsv'
[9.167s] INFO:colcon.colcon_core.shell:Creating environment hook '/home/jeni/astra_s/install/astra_camera_msgs/share/astra_camera_msgs/hook/cmake_prefix_path.sh'
[9.167s] Level 1:colcon.colcon_core.environment:checking '/home/jeni/astra_s/install/astra_camera_msgs/lib'
[9.167s] Level 1:colcon.colcon_core.shell:create_environment_hook('astra_camera_msgs', 'ld_library_path_lib')
[9.211s] INFO:colcon.colcon_core.shell:Creating environment hook '/home/jeni/astra_s/install/astra_camera_msgs/share/astra_camera_msgs/hook/ld_library_path_lib.ps1'
[9.211s] INFO:colcon.colcon_core.shell:Creating environment descriptor '/home/jeni/astra_s/install/astra_camera_msgs/share/astra_camera_msgs/hook/ld_library_path_lib.dsv'
[9.211s] INFO:colcon.colcon_core.shell:Creating environment hook '/home/jeni/astra_s/install/astra_camera_msgs/share/astra_camera_msgs/hook/ld_library_path_lib.sh'
[9.212s] Level 1:colcon.colcon_core.environment:checking '/home/jeni/astra_s/install/astra_camera_msgs/bin'
[9.212s] Level 1:colcon.colcon_core.environment:checking '/home/jeni/astra_s/install/astra_camera_msgs/lib/pkgconfig/astra_camera_msgs.pc'
[9.212s] Level 1:colcon.colcon_core.environment:checking '/home/jeni/astra_s/install/astra_camera_msgs/lib/python3.8/site-packages'
[9.212s] Level 1:colcon.colcon_core.environment:checking '/home/jeni/astra_s/install/astra_camera_msgs/bin'
[9.254s] INFO:colcon.colcon_core.shell:Creating package script '/home/jeni/astra_s/install/astra_camera_msgs/share/astra_camera_msgs/package.ps1'
[9.255s] INFO:colcon.colcon_core.shell:Creating package descriptor '/home/jeni/astra_s/install/astra_camera_msgs/share/astra_camera_msgs/package.dsv'
[9.255s] INFO:colcon.colcon_core.shell:Creating package script '/home/jeni/astra_s/install/astra_camera_msgs/share/astra_camera_msgs/package.sh'
[9.255s] INFO:colcon.colcon_core.shell:Creating package script '/home/jeni/astra_s/install/astra_camera_msgs/share/astra_camera_msgs/package.bash'
[9.255s] INFO:colcon.colcon_core.shell:Creating package script '/home/jeni/astra_s/install/astra_camera_msgs/share/astra_camera_msgs/package.zsh'
[9.255s] Level 1:colcon.colcon_core.environment:create_file_with_runtime_dependencies(/home/jeni/astra_s/install/astra_camera_msgs/share/colcon-core/packages/astra_camera_msgs)
[9.260s] DEBUG:colcon.colcon_core.event_handler.log_command:Invoked command in '/home/jeni/astra_s/build/glog' returned '0': CONDA_PROMPT_MODIFIER=(base) /usr/bin/cmake /home/jeni/astra_s/glog-0.6.0 -DCMAKE_BUILD_TYPE=Release -DCMAKE_INSTALL_PREFIX=/home/jeni/astra_s/install/glog
[9.261s] DEBUG:colcon.colcon_core.event_handler.log_command:Invoking command in '/home/jeni/astra_s/build/glog': CONDA_PROMPT_MODIFIER=(base) /usr/bin/cmake --build /home/jeni/astra_s/build/glog -- -j20 -l20
[9.381s] Level 1:colcon.colcon_core.environment:create_environment_scripts_only(astra_camera_msgs)
[9.429s] Level 1:colcon.colcon_core.environment:checking '/home/jeni/astra_s/install/astra_camera_msgs' for CMake module files
[9.429s] Level 1:colcon.colcon_core.environment:checking '/home/jeni/astra_s/install/astra_camera_msgs' for CMake config files
[9.429s] Level 1:colcon.colcon_core.shell:create_environment_hook('astra_camera_msgs', 'cmake_prefix_path')
[9.476s] INFO:colcon.colcon_core.shell:Creating environment hook '/home/jeni/astra_s/install/astra_camera_msgs/share/astra_camera_msgs/hook/cmake_prefix_path.ps1'
[9.476s] INFO:colcon.colcon_core.shell:Creating environment descriptor '/home/jeni/astra_s/install/astra_camera_msgs/share/astra_camera_msgs/hook/cmake_prefix_path.dsv'
[9.477s] INFO:colcon.colcon_core.shell:Creating environment hook '/home/jeni/astra_s/install/astra_camera_msgs/share/astra_camera_msgs/hook/cmake_prefix_path.sh'
[9.477s] Level 1:colcon.colcon_core.environment:checking '/home/jeni/astra_s/install/astra_camera_msgs/lib'
[9.477s] Level 1:colcon.colcon_core.shell:create_environment_hook('astra_camera_msgs', 'ld_library_path_lib')
[9.526s] INFO:colcon.colcon_core.shell:Creating environment hook '/home/jeni/astra_s/install/astra_camera_msgs/share/astra_camera_msgs/hook/ld_library_path_lib.ps1'
[9.526s] INFO:colcon.colcon_core.shell:Creating environment descriptor '/home/jeni/astra_s/install/astra_camera_msgs/share/astra_camera_msgs/hook/ld_library_path_lib.dsv'
[9.527s] INFO:colcon.colcon_core.shell:Creating environment hook '/home/jeni/astra_s/install/astra_camera_msgs/share/astra_camera_msgs/hook/ld_library_path_lib.sh'
[9.527s] Level 1:colcon.colcon_core.environment:checking '/home/jeni/astra_s/install/astra_camera_msgs/bin'
[9.527s] Level 1:colcon.colcon_core.environment:checking '/home/jeni/astra_s/install/astra_camera_msgs/lib/pkgconfig/astra_camera_msgs.pc'
[9.527s] Level 1:colcon.colcon_core.environment:checking '/home/jeni/astra_s/install/astra_camera_msgs/lib/python3.8/site-packages'
[9.527s] Level 1:colcon.colcon_core.environment:checking '/home/jeni/astra_s/install/astra_camera_msgs/bin'
[9.574s] INFO:colcon.colcon_core.shell:Creating package script '/home/jeni/astra_s/install/astra_camera_msgs/share/astra_camera_msgs/package.ps1'
[9.574s] INFO:colcon.colcon_core.shell:Creating package descriptor '/home/jeni/astra_s/install/astra_camera_msgs/share/astra_camera_msgs/package.dsv'
[9.574s] INFO:colcon.colcon_core.shell:Creating package script '/home/jeni/astra_s/install/astra_camera_msgs/share/astra_camera_msgs/package.sh'
[9.575s] INFO:colcon.colcon_core.shell:Creating package script '/home/jeni/astra_s/install/astra_camera_msgs/share/astra_camera_msgs/package.bash'
[9.575s] INFO:colcon.colcon_core.shell:Creating package script '/home/jeni/astra_s/install/astra_camera_msgs/share/astra_camera_msgs/package.zsh'
[9.575s] Level 1:colcon.colcon_core.environment:create_file_with_runtime_dependencies(/home/jeni/astra_s/install/astra_camera_msgs/share/colcon-core/packages/astra_camera_msgs)
[9.576s] INFO:colcon.colcon_ros.task.ament_cmake.build:Building ROS package in '/home/jeni/astra_s/src/ros2_astra_camera/astra_camera' with build type 'ament_cmake'
[9.576s] INFO:colcon.colcon_cmake.task.cmake.build:Building CMake package in '/home/jeni/astra_s/src/ros2_astra_camera/astra_camera'
[9.625s] INFO:colcon.colcon_core.shell:Skip shell extension 'powershell' for command environment: Not usable outside of PowerShell
[9.625s] DEBUG:colcon.colcon_core.shell:Skip shell extension 'dsv' for command environment
[9.725s] DEBUG:colcon.colcon_core.event_handler.log_command:Invoking command in '/home/jeni/astra_s/build/astra_camera': AMENT_PREFIX_PATH=/home/jeni/astra_s/install/astra_camera_msgs:${AMENT_PREFIX_PATH} CMAKE_PREFIX_PATH=/home/jeni/astra_s/install/astra_camera_msgs:/opt/ros/foxy CONDA_PROMPT_MODIFIER=(base) LD_LIBRARY_PATH=/home/jeni/astra_s/install/astra_camera_msgs/lib:${LD_LIBRARY_PATH} PYTHONPATH=/home/jeni/astra_s/install/astra_camera_msgs/lib/python3.9/site-packages:${PYTHONPATH} /usr/bin/cmake /home/jeni/astra_s/src/ros2_astra_camera/astra_camera -DCMAKE_BUILD_TYPE=Release -DCMAKE_INSTALL_PREFIX=/home/jeni/astra_s/install/astra_camera
[11.845s] DEBUG:colcon.colcon_core.event_handler.log_command:Invoked command in '/home/jeni/astra_s/build/astra_camera' returned '0': AMENT_PREFIX_PATH=/home/jeni/astra_s/install/astra_camera_msgs:${AMENT_PREFIX_PATH} CMAKE_PREFIX_PATH=/home/jeni/astra_s/install/astra_camera_msgs:/opt/ros/foxy CONDA_PROMPT_MODIFIER=(base) LD_LIBRARY_PATH=/home/jeni/astra_s/install/astra_camera_msgs/lib:${LD_LIBRARY_PATH} PYTHONPATH=/home/jeni/astra_s/install/astra_camera_msgs/lib/python3.9/site-packages:${PYTHONPATH} /usr/bin/cmake /home/jeni/astra_s/src/ros2_astra_camera/astra_camera -DCMAKE_BUILD_TYPE=Release -DCMAKE_INSTALL_PREFIX=/home/jeni/astra_s/install/astra_camera
[11.847s] DEBUG:colcon.colcon_core.event_handler.log_command:Invoking command in '/home/jeni/astra_s/build/astra_camera': AMENT_PREFIX_PATH=/home/jeni/astra_s/install/astra_camera_msgs:${AMENT_PREFIX_PATH} CMAKE_PREFIX_PATH=/home/jeni/astra_s/install/astra_camera_msgs:/opt/ros/foxy CONDA_PROMPT_MODIFIER=(base) LD_LIBRARY_PATH=/home/jeni/astra_s/install/astra_camera_msgs/lib:${LD_LIBRARY_PATH} PYTHONPATH=/home/jeni/astra_s/install/astra_camera_msgs/lib/python3.9/site-packages:${PYTHONPATH} /usr/bin/cmake --build /home/jeni/astra_s/build/astra_camera -- -j20 -l20
[12.594s] DEBUG:colcon.colcon_core.event_handler.log_command:Invoked command in '/home/jeni/astra_s/build/glog' returned '0': CONDA_PROMPT_MODIFIER=(base) /usr/bin/cmake --build /home/jeni/astra_s/build/glog -- -j20 -l20
[12.658s] DEBUG:colcon.colcon_core.event_handler.log_command:Invoking command in '/home/jeni/astra_s/build/glog': CONDA_PROMPT_MODIFIER=(base) /usr/bin/cmake --install /home/jeni/astra_s/build/glog
[12.671s] Level 1:colcon.colcon_core.environment:create_environment_scripts_only(glog)
[12.674s] DEBUG:colcon.colcon_core.event_handler.log_command:Invoked command in '/home/jeni/astra_s/build/glog' returned '0': CONDA_PROMPT_MODIFIER=(base) /usr/bin/cmake --install /home/jeni/astra_s/build/glog
[12.771s] Level 1:colcon.colcon_core.environment:checking '/home/jeni/astra_s/install/glog' for CMake module files
[12.771s] Level 1:colcon.colcon_core.environment:checking '/home/jeni/astra_s/install/glog' for CMake config files
[12.772s] Level 1:colcon.colcon_core.shell:create_environment_hook('glog', 'cmake_prefix_path')
[12.869s] INFO:colcon.colcon_core.shell:Creating environment hook '/home/jeni/astra_s/install/glog/share/glog/hook/cmake_prefix_path.ps1'
[12.870s] INFO:colcon.colcon_core.shell:Creating environment descriptor '/home/jeni/astra_s/install/glog/share/glog/hook/cmake_prefix_path.dsv'
[12.870s] INFO:colcon.colcon_core.shell:Creating environment hook '/home/jeni/astra_s/install/glog/share/glog/hook/cmake_prefix_path.sh'
[12.871s] Level 1:colcon.colcon_core.environment:checking '/home/jeni/astra_s/install/glog/lib'
[12.871s] Level 1:colcon.colcon_core.shell:create_environment_hook('glog', 'ld_library_path_lib')
[12.954s] INFO:colcon.colcon_core.shell:Creating environment hook '/home/jeni/astra_s/install/glog/share/glog/hook/ld_library_path_lib.ps1'
[12.954s] INFO:colcon.colcon_core.shell:Creating environment descriptor '/home/jeni/astra_s/install/glog/share/glog/hook/ld_library_path_lib.dsv'
[12.954s] INFO:colcon.colcon_core.shell:Creating environment hook '/home/jeni/astra_s/install/glog/share/glog/hook/ld_library_path_lib.sh'
[12.955s] Level 1:colcon.colcon_core.environment:checking '/home/jeni/astra_s/install/glog/bin'
[12.955s] Level 1:colcon.colcon_core.environment:checking '/home/jeni/astra_s/install/glog/lib/pkgconfig/glog.pc'
[12.955s] Level 1:colcon.colcon_core.environment:checking '/home/jeni/astra_s/install/glog/lib/python3.8/site-packages'
[12.955s] Level 1:colcon.colcon_core.environment:checking '/home/jeni/astra_s/install/glog/bin'
[13.022s] INFO:colcon.colcon_core.shell:Creating package script '/home/jeni/astra_s/install/glog/share/glog/package.ps1'
[13.023s] INFO:colcon.colcon_core.shell:Creating package descriptor '/home/jeni/astra_s/install/glog/share/glog/package.dsv'
[13.023s] INFO:colcon.colcon_core.shell:Creating package script '/home/jeni/astra_s/install/glog/share/glog/package.sh'
[13.024s] INFO:colcon.colcon_core.shell:Creating package script '/home/jeni/astra_s/install/glog/share/glog/package.bash'
[13.024s] INFO:colcon.colcon_core.shell:Creating package script '/home/jeni/astra_s/install/glog/share/glog/package.zsh'
[13.024s] Level 1:colcon.colcon_core.environment:create_file_with_runtime_dependencies(/home/jeni/astra_s/install/glog/share/colcon-core/packages/glog)
[20.374s] DEBUG:colcon.colcon_core.event_handler.log_command:Invoked command in '/home/jeni/astra_s/build/magic_enum' returned '0': CMAKE_PREFIX_PATH=/opt/ros/foxy CONDA_PROMPT_MODIFIER=(base) /usr/bin/cmake --build /home/jeni/astra_s/build/magic_enum -- -j20 -l20
[20.386s] DEBUG:colcon.colcon_core.event_handler.log_command:Invoking command in '/home/jeni/astra_s/build/magic_enum': CMAKE_PREFIX_PATH=/opt/ros/foxy CONDA_PROMPT_MODIFIER=(base) /usr/bin/cmake --install /home/jeni/astra_s/build/magic_enum
[20.393s] DEBUG:colcon.colcon_core.event_handler.log_command:Invoked command in '/home/jeni/astra_s/build/magic_enum' returned '0': CMAKE_PREFIX_PATH=/opt/ros/foxy CONDA_PROMPT_MODIFIER=(base) /usr/bin/cmake --install /home/jeni/astra_s/build/magic_enum
[20.404s] Level 1:colcon.colcon_core.shell:create_environment_hook('magic_enum', 'pkg_config_path')
[20.450s] INFO:colcon.colcon_core.shell:Creating environment hook '/home/jeni/astra_s/install/magic_enum/share/magic_enum/hook/pkg_config_path.ps1'
[20.451s] INFO:colcon.colcon_core.shell:Creating environment descriptor '/home/jeni/astra_s/install/magic_enum/share/magic_enum/hook/pkg_config_path.dsv'
[20.451s] INFO:colcon.colcon_core.shell:Creating environment hook '/home/jeni/astra_s/install/magic_enum/share/magic_enum/hook/pkg_config_path.sh'
[20.453s] Level 1:colcon.colcon_core.shell:create_environment_hook('magic_enum', 'pkg_config_path_multiarch')
[20.496s] INFO:colcon.colcon_core.shell:Creating environment hook '/home/jeni/astra_s/install/magic_enum/share/magic_enum/hook/pkg_config_path_multiarch.ps1'
[20.497s] INFO:colcon.colcon_core.shell:Creating environment descriptor '/home/jeni/astra_s/install/magic_enum/share/magic_enum/hook/pkg_config_path_multiarch.dsv'
[20.497s] INFO:colcon.colcon_core.shell:Creating environment hook '/home/jeni/astra_s/install/magic_enum/share/magic_enum/hook/pkg_config_path_multiarch.sh'
[20.497s] Level 1:colcon.colcon_core.environment:create_environment_scripts_only(magic_enum)
[20.539s] Level 1:colcon.colcon_core.environment:checking '/home/jeni/astra_s/install/magic_enum' for CMake module files
[20.540s] Level 1:colcon.colcon_core.environment:checking '/home/jeni/astra_s/install/magic_enum' for CMake config files
[20.540s] Level 1:colcon.colcon_core.shell:create_environment_hook('magic_enum', 'cmake_prefix_path')
[20.583s] INFO:colcon.colcon_core.shell:Creating environment hook '/home/jeni/astra_s/install/magic_enum/share/magic_enum/hook/cmake_prefix_path.ps1'
[20.583s] INFO:colcon.colcon_core.shell:Creating environment descriptor '/home/jeni/astra_s/install/magic_enum/share/magic_enum/hook/cmake_prefix_path.dsv'
[20.583s] INFO:colcon.colcon_core.shell:Creating environment hook '/home/jeni/astra_s/install/magic_enum/share/magic_enum/hook/cmake_prefix_path.sh'
[20.583s] Level 1:colcon.colcon_core.environment:checking '/home/jeni/astra_s/install/magic_enum/lib'
[20.583s] Level 1:colcon.colcon_core.environment:checking '/home/jeni/astra_s/install/magic_enum/bin'
[20.583s] Level 1:colcon.colcon_core.environment:checking '/home/jeni/astra_s/install/magic_enum/lib/pkgconfig/magic_enum.pc'
[20.584s] Level 1:colcon.colcon_core.environment:checking '/home/jeni/astra_s/install/magic_enum/lib/python3.8/site-packages'
[20.584s] Level 1:colcon.colcon_core.environment:checking '/home/jeni/astra_s/install/magic_enum/bin'
[20.626s] INFO:colcon.colcon_core.shell:Creating package script '/home/jeni/astra_s/install/magic_enum/share/magic_enum/package.ps1'
[20.627s] INFO:colcon.colcon_core.shell:Creating package descriptor '/home/jeni/astra_s/install/magic_enum/share/magic_enum/package.dsv'
[20.627s] INFO:colcon.colcon_core.shell:Creating package script '/home/jeni/astra_s/install/magic_enum/share/magic_enum/package.sh'
[20.627s] INFO:colcon.colcon_core.shell:Creating package script '/home/jeni/astra_s/install/magic_enum/share/magic_enum/package.bash'
[20.627s] INFO:colcon.colcon_core.shell:Creating package script '/home/jeni/astra_s/install/magic_enum/share/magic_enum/package.zsh'
[20.627s] Level 1:colcon.colcon_core.environment:create_file_with_runtime_dependencies(/home/jeni/astra_s/install/magic_enum/share/colcon-core/packages/magic_enum)
[24.150s] DEBUG:colcon.colcon_core.event_handler.log_command:Invoked command in '/home/jeni/astra_s/build/astra_camera' returned '0': AMENT_PREFIX_PATH=/home/jeni/astra_s/install/astra_camera_msgs:${AMENT_PREFIX_PATH} CMAKE_PREFIX_PATH=/home/jeni/astra_s/install/astra_camera_msgs:/opt/ros/foxy CONDA_PROMPT_MODIFIER=(base) LD_LIBRARY_PATH=/home/jeni/astra_s/install/astra_camera_msgs/lib:${LD_LIBRARY_PATH} PYTHONPATH=/home/jeni/astra_s/install/astra_camera_msgs/lib/python3.9/site-packages:${PYTHONPATH} /usr/bin/cmake --build /home/jeni/astra_s/build/astra_camera -- -j20 -l20
[24.175s] DEBUG:colcon.colcon_core.event_handler.log_command:Invoking command in '/home/jeni/astra_s/build/astra_camera': AMENT_PREFIX_PATH=/home/jeni/astra_s/install/astra_camera_msgs:${AMENT_PREFIX_PATH} CMAKE_PREFIX_PATH=/home/jeni/astra_s/install/astra_camera_msgs:/opt/ros/foxy CONDA_PROMPT_MODIFIER=(base) LD_LIBRARY_PATH=/home/jeni/astra_s/install/astra_camera_msgs/lib:${LD_LIBRARY_PATH} PYTHONPATH=/home/jeni/astra_s/install/astra_camera_msgs/lib/python3.9/site-packages:${PYTHONPATH} /usr/bin/cmake --install /home/jeni/astra_s/build/astra_camera
[24.222s] Level 1:colcon.colcon_core.environment:create_environment_scripts_only(astra_camera)
[24.223s] DEBUG:colcon.colcon_core.event_handler.log_command:Invoked command in '/home/jeni/astra_s/build/astra_camera' returned '0': AMENT_PREFIX_PATH=/home/jeni/astra_s/install/astra_camera_msgs:${AMENT_PREFIX_PATH} CMAKE_PREFIX_PATH=/home/jeni/astra_s/install/astra_camera_msgs:/opt/ros/foxy CONDA_PROMPT_MODIFIER=(base) LD_LIBRARY_PATH=/home/jeni/astra_s/install/astra_camera_msgs/lib:${LD_LIBRARY_PATH} PYTHONPATH=/home/jeni/astra_s/install/astra_camera_msgs/lib/python3.9/site-packages:${PYTHONPATH} /usr/bin/cmake --install /home/jeni/astra_s/build/astra_camera
[24.266s] Level 1:colcon.colcon_core.environment:checking '/home/jeni/astra_s/install/astra_camera' for CMake module files
[24.266s] Level 1:colcon.colcon_core.environment:checking '/home/jeni/astra_s/install/astra_camera' for CMake config files
[24.266s] Level 1:colcon.colcon_core.shell:create_environment_hook('astra_camera', 'cmake_prefix_path')
[24.308s] INFO:colcon.colcon_core.shell:Creating environment hook '/home/jeni/astra_s/install/astra_camera/share/astra_camera/hook/cmake_prefix_path.ps1'
[24.308s] INFO:colcon.colcon_core.shell:Creating environment descriptor '/home/jeni/astra_s/install/astra_camera/share/astra_camera/hook/cmake_prefix_path.dsv'
[24.308s] INFO:colcon.colcon_core.shell:Creating environment hook '/home/jeni/astra_s/install/astra_camera/share/astra_camera/hook/cmake_prefix_path.sh'
[24.308s] Level 1:colcon.colcon_core.environment:checking '/home/jeni/astra_s/install/astra_camera/lib'
[24.308s] Level 1:colcon.colcon_core.shell:create_environment_hook('astra_camera', 'ld_library_path_lib')
[24.348s] INFO:colcon.colcon_core.shell:Creating environment hook '/home/jeni/astra_s/install/astra_camera/share/astra_camera/hook/ld_library_path_lib.ps1'
[24.348s] INFO:colcon.colcon_core.shell:Creating environment descriptor '/home/jeni/astra_s/install/astra_camera/share/astra_camera/hook/ld_library_path_lib.dsv'
[24.348s] INFO:colcon.colcon_core.shell:Creating environment hook '/home/jeni/astra_s/install/astra_camera/share/astra_camera/hook/ld_library_path_lib.sh'
[24.349s] Level 1:colcon.colcon_core.environment:checking '/home/jeni/astra_s/install/astra_camera/bin'
[24.349s] Level 1:colcon.colcon_core.environment:checking '/home/jeni/astra_s/install/astra_camera/lib/pkgconfig/astra_camera.pc'
[24.349s] Level 1:colcon.colcon_core.environment:checking '/home/jeni/astra_s/install/astra_camera/lib/python3.8/site-packages'
[24.349s] Level 1:colcon.colcon_core.environment:checking '/home/jeni/astra_s/install/astra_camera/bin'
[24.389s] INFO:colcon.colcon_core.shell:Creating package script '/home/jeni/astra_s/install/astra_camera/share/astra_camera/package.ps1'
[24.389s] INFO:colcon.colcon_core.shell:Creating package descriptor '/home/jeni/astra_s/install/astra_camera/share/astra_camera/package.dsv'
[24.389s] INFO:colcon.colcon_core.shell:Creating package script '/home/jeni/astra_s/install/astra_camera/share/astra_camera/package.sh'
[24.389s] INFO:colcon.colcon_core.shell:Creating package script '/home/jeni/astra_s/install/astra_camera/share/astra_camera/package.bash'
[24.389s] INFO:colcon.colcon_core.shell:Creating package script '/home/jeni/astra_s/install/astra_camera/share/astra_camera/package.zsh'
[24.389s] Level 1:colcon.colcon_core.environment:create_file_with_runtime_dependencies(/home/jeni/astra_s/install/astra_camera/share/colcon-core/packages/astra_camera)
[24.453s] Level 1:colcon.colcon_core.environment:create_environment_scripts_only(astra_camera)
[24.493s] Level 1:colcon.colcon_core.environment:checking '/home/jeni/astra_s/install/astra_camera' for CMake module files
[24.493s] Level 1:colcon.colcon_core.environment:checking '/home/jeni/astra_s/install/astra_camera' for CMake config files
[24.494s] Level 1:colcon.colcon_core.shell:create_environment_hook('astra_camera', 'cmake_prefix_path')
[24.533s] INFO:colcon.colcon_core.shell:Creating environment hook '/home/jeni/astra_s/install/astra_camera/share/astra_camera/hook/cmake_prefix_path.ps1'
[24.533s] INFO:colcon.colcon_core.shell:Creating environment descriptor '/home/jeni/astra_s/install/astra_camera/share/astra_camera/hook/cmake_prefix_path.dsv'
[24.533s] INFO:colcon.colcon_core.shell:Creating environment hook '/home/jeni/astra_s/install/astra_camera/share/astra_camera/hook/cmake_prefix_path.sh'
[24.534s] Level 1:colcon.colcon_core.environment:checking '/home/jeni/astra_s/install/astra_camera/lib'
[24.534s] Level 1:colcon.colcon_core.shell:create_environment_hook('astra_camera', 'ld_library_path_lib')
[24.574s] INFO:colcon.colcon_core.shell:Creating environment hook '/home/jeni/astra_s/install/astra_camera/share/astra_camera/hook/ld_library_path_lib.ps1'
[24.574s] INFO:colcon.colcon_core.shell:Creating environment descriptor '/home/jeni/astra_s/install/astra_camera/share/astra_camera/hook/ld_library_path_lib.dsv'
[24.574s] INFO:colcon.colcon_core.shell:Creating environment hook '/home/jeni/astra_s/install/astra_camera/share/astra_camera/hook/ld_library_path_lib.sh'
[24.574s] Level 1:colcon.colcon_core.environment:checking '/home/jeni/astra_s/install/astra_camera/bin'
[24.574s] Level 1:colcon.colcon_core.environment:checking '/home/jeni/astra_s/install/astra_camera/lib/pkgconfig/astra_camera.pc'
[24.574s] Level 1:colcon.colcon_core.environment:checking '/home/jeni/astra_s/install/astra_camera/lib/python3.8/site-packages'
[24.574s] Level 1:colcon.colcon_core.environment:checking '/home/jeni/astra_s/install/astra_camera/bin'
[24.614s] INFO:colcon.colcon_core.shell:Creating package script '/home/jeni/astra_s/install/astra_camera/share/astra_camera/package.ps1'
[24.615s] INFO:colcon.colcon_core.shell:Creating package descriptor '/home/jeni/astra_s/install/astra_camera/share/astra_camera/package.dsv'
[24.615s] INFO:colcon.colcon_core.shell:Creating package script '/home/jeni/astra_s/install/astra_camera/share/astra_camera/package.sh'
[24.615s] INFO:colcon.colcon_core.shell:Creating package script '/home/jeni/astra_s/install/astra_camera/share/astra_camera/package.bash'
[24.615s] INFO:colcon.colcon_core.shell:Creating package script '/home/jeni/astra_s/install/astra_camera/share/astra_camera/package.zsh'
[24.615s] Level 1:colcon.colcon_core.environment:create_file_with_runtime_dependencies(/home/jeni/astra_s/install/astra_camera/share/colcon-core/packages/astra_camera)
[24.616s] DEBUG:colcon.colcon_parallel_executor.executor.parallel:closing loop
[24.616s] DEBUG:colcon.colcon_parallel_executor.executor.parallel:loop closed
[24.616s] DEBUG:colcon.colcon_parallel_executor.executor.parallel:run_until_complete finished with '0'
[24.616s] DEBUG:colcon.colcon_core.event_reactor:joining thread
[24.694s] INFO:colcon.colcon_core.plugin_system:Skipping extension 'colcon_notification.desktop_notification.terminal_notifier': Not used on non-Darwin systems
[24.694s] INFO:colcon.colcon_core.plugin_system:Skipping extension 'colcon_notification.desktop_notification.win32': Not used on non-Windows systems
[24.694s] INFO:colcon.colcon_notification.desktop_notification:Sending desktop notification using 'notify2'
[24.716s] DEBUG:colcon.colcon_core.event_reactor:joined thread
[24.800s] INFO:colcon.colcon_core.shell:Creating prefix script '/home/jeni/astra_s/install/local_setup.ps1'
[24.801s] INFO:colcon.colcon_core.shell:Creating prefix util module '/home/jeni/astra_s/install/_local_setup_util_ps1.py'
[24.801s] INFO:colcon.colcon_core.shell:Creating prefix chain script '/home/jeni/astra_s/install/setup.ps1'
[24.841s] INFO:colcon.colcon_core.shell:Creating prefix script '/home/jeni/astra_s/install/local_setup.sh'
[24.842s] INFO:colcon.colcon_core.shell:Creating prefix util module '/home/jeni/astra_s/install/_local_setup_util_sh.py'
[24.842s] INFO:colcon.colcon_core.shell:Creating prefix chain script '/home/jeni/astra_s/install/setup.sh'
[24.882s] INFO:colcon.colcon_core.shell:Creating prefix script '/home/jeni/astra_s/install/local_setup.bash'
[24.882s] INFO:colcon.colcon_core.shell:Creating prefix chain script '/home/jeni/astra_s/install/setup.bash'
[24.922s] INFO:colcon.colcon_core.shell:Creating prefix script '/home/jeni/astra_s/install/local_setup.zsh'
[24.922s] INFO:colcon.colcon_core.shell:Creating prefix chain script '/home/jeni/astra_s/install/setup.zsh'
