[0.374s] Invoking command in '/home/jeni/astra_s/build/glog': CONDA_PROMPT_MODIFIER=(base) /usr/bin/cmake --build /home/jeni/astra_s/build/glog -- -j20 -l20
[0.402s] [ 22%] Built target glogbase
[0.416s] [ 29%] Built target glog
[0.417s] [ 29%] Built target glogtest
[0.432s] [ 41%] Built target cleanup_with_absolute_prefix_unittest
[0.432s] [ 41%] Built target logging_unittest
[0.432s] [ 48%] Built target signalhandler_unittest
[0.433s] [ 54%] Built target symbolize_unittest
[0.433s] [ 61%] Built target cleanup_with_relative_prefix_unittest
[0.433s] [ 67%] Built target utilities_unittest
[0.433s] [ 74%] Built target logging_custom_prefix_unittest
[0.434s] [ 80%] Built target stl_logging_unittest
[0.437s] [ 87%] Built target stacktrace_unittest
[0.437s] [ 93%] Built target cleanup_immediately_unittest
[0.439s] [100%] Built target demangle_unittest
[0.447s] Invoked command in '/home/jeni/astra_s/build/glog' returned '0': CONDA_PROMPT_MODIFIER=(base) /usr/bin/cmake --build /home/jeni/astra_s/build/glog -- -j20 -l20
[0.972s] Invoking command in '/home/jeni/astra_s/build/glog': CONDA_PROMPT_MODIFIER=(base) /usr/bin/cmake --install /home/jeni/astra_s/build/glog
[0.976s] -- Install configuration: "Release"
[0.976s] -- Up-to-date: /home/jeni/astra_s/install/glog/lib/libglog.so.0.6.0
[0.976s] -- Up-to-date: /home/jeni/astra_s/install/glog/lib/libglog.so.1
[0.976s] -- Up-to-date: /home/jeni/astra_s/install/glog/lib/libglog.so
[0.976s] -- Up-to-date: /home/jeni/astra_s/install/glog/include/glog/export.h
[0.976s] -- Up-to-date: /home/jeni/astra_s/install/glog/include/glog/logging.h
[0.976s] -- Up-to-date: /home/jeni/astra_s/install/glog/include/glog/raw_logging.h
[0.976s] -- Up-to-date: /home/jeni/astra_s/install/glog/include/glog/stl_logging.h
[0.976s] -- Up-to-date: /home/jeni/astra_s/install/glog/include/glog/vlog_is_on.h
[0.976s] -- Up-to-date: /home/jeni/astra_s/install/glog/include/glog/log_severity.h
[0.976s] -- Up-to-date: /home/jeni/astra_s/install/glog/include/glog/platform.h
[0.977s] -- Up-to-date: /home/jeni/astra_s/install/glog/lib/pkgconfig/libglog.pc
[0.977s] -- Up-to-date: /home/jeni/astra_s/install/glog/lib/cmake/glog/glog-modules.cmake
[0.977s] -- Up-to-date: /home/jeni/astra_s/install/glog/lib/cmake/glog/glog-config.cmake
[0.977s] -- Up-to-date: /home/jeni/astra_s/install/glog/lib/cmake/glog/glog-config-version.cmake
[0.977s] -- Up-to-date: /home/jeni/astra_s/install/glog/lib/cmake/glog/glog-targets.cmake
[0.977s] -- Up-to-date: /home/jeni/astra_s/install/glog/lib/cmake/glog/glog-targets-release.cmake
[0.978s] Invoked command in '/home/jeni/astra_s/build/glog' returned '0': CONDA_PROMPT_MODIFIER=(base) /usr/bin/cmake --install /home/jeni/astra_s/build/glog
