Performing C SOURCE FILE Test CMAKE_HAVE_LIBC_PTHREAD failed with the following output:
Change Dir: /home/jeni/astra_s/build/astra_camera/CMakeFiles/CMakeTmp

Run Build Command(s):/usr/bin/make cmTC_27471/fast && /usr/bin/make -f CMakeFiles/cmTC_27471.dir/build.make CMakeFiles/cmTC_27471.dir/build
make[1]: 进入目录“/home/jeni/astra_s/build/astra_camera/CMakeFiles/CMakeTmp”
Building C object CMakeFiles/cmTC_27471.dir/src.c.o
/usr/bin/cc   -fPIC -DCMAKE_HAVE_LIBC_PTHREAD   -std=gnu11 -o CMakeFiles/cmTC_27471.dir/src.c.o   -c /home/jeni/astra_s/build/astra_camera/CMakeFiles/CMakeTmp/src.c
Linking C executable cmTC_27471
/usr/bin/cmake -E cmake_link_script CMakeFiles/cmTC_27471.dir/link.txt --verbose=1
/usr/bin/cc  -fPIC -DCMAKE_HAVE_LIBC_PTHREAD    CMakeFiles/cmTC_27471.dir/src.c.o  -o cmTC_27471 
/usr/bin/ld: CMakeFiles/cmTC_27471.dir/src.c.o: in function `main':
src.c:(.text+0x46): undefined reference to `pthread_create'
/usr/bin/ld: src.c:(.text+0x52): undefined reference to `pthread_detach'
/usr/bin/ld: src.c:(.text+0x63): undefined reference to `pthread_join'
collect2: error: ld returned 1 exit status
make[1]: *** [CMakeFiles/cmTC_27471.dir/build.make:87：cmTC_27471] 错误 1
make[1]: 离开目录“/home/jeni/astra_s/build/astra_camera/CMakeFiles/CMakeTmp”
make: *** [Makefile:121：cmTC_27471/fast] 错误 2


Source file was:
#include <pthread.h>

void* test_func(void* data)
{
  return data;
}

int main(void)
{
  pthread_t thread;
  pthread_create(&thread, NULL, test_func, NULL);
  pthread_detach(thread);
  pthread_join(thread, NULL);
  pthread_atfork(NULL, NULL, NULL);
  pthread_exit(NULL);

  return 0;
}

Determining if the function pthread_create exists in the pthreads failed with the following output:
Change Dir: /home/jeni/astra_s/build/astra_camera/CMakeFiles/CMakeTmp

Run Build Command(s):/usr/bin/make cmTC_d39a2/fast && /usr/bin/make -f CMakeFiles/cmTC_d39a2.dir/build.make CMakeFiles/cmTC_d39a2.dir/build
make[1]: 进入目录“/home/jeni/astra_s/build/astra_camera/CMakeFiles/CMakeTmp”
Building C object CMakeFiles/cmTC_d39a2.dir/CheckFunctionExists.c.o
/usr/bin/cc   -fPIC -DCHECK_FUNCTION_EXISTS=pthread_create   -std=gnu11 -o CMakeFiles/cmTC_d39a2.dir/CheckFunctionExists.c.o   -c /usr/share/cmake-3.16/Modules/CheckFunctionExists.c
Linking C executable cmTC_d39a2
/usr/bin/cmake -E cmake_link_script CMakeFiles/cmTC_d39a2.dir/link.txt --verbose=1
/usr/bin/cc  -fPIC -DCHECK_FUNCTION_EXISTS=pthread_create    CMakeFiles/cmTC_d39a2.dir/CheckFunctionExists.c.o  -o cmTC_d39a2  -lpthreads 
/usr/bin/ld: 找不到 -lpthreads
collect2: error: ld returned 1 exit status
make[1]: *** [CMakeFiles/cmTC_d39a2.dir/build.make:87：cmTC_d39a2] 错误 1
make[1]: 离开目录“/home/jeni/astra_s/build/astra_camera/CMakeFiles/CMakeTmp”
make: *** [Makefile:121：cmTC_d39a2/fast] 错误 2



