-- The C compiler identification is GNU 9.4.0
-- The CXX compiler identification is GNU 9.4.0
-- Check for working C compiler: /usr/bin/cc
-- Check for working C compiler: /usr/bin/cc -- works
-- Detecting C compiler ABI info
-- Detecting C compiler ABI info - done
-- Detecting C compile features
-- Detecting C compile features - done
-- Check for working CXX compiler: /usr/bin/c++
-- Check for working CXX compiler: /usr/bin/c++ -- works
-- Detecting CXX compiler ABI info
-- Detecting CXX compiler ABI info - done
-- Detecting CXX compile features
-- Detecting CXX compile features - done
-- Found ament_cmake: 0.9.12 (/opt/ros/foxy/share/ament_cmake/cmake)
-- Found PythonInterp: /home/jeni/anaconda3/bin/python3 (found suitable version "3.9.7", minimum required is "3") 
-- Using PYTHON_EXECUTABLE: /home/jeni/anaconda3/bin/python3
-- Found rosidl_default_generators: 1.0.1 (/opt/ros/foxy/share/rosidl_default_generators/cmake)
-- Using all available rosidl_typesupport_c: rosidl_typesupport_fastrtps_c;rosidl_typesupport_introspection_c
-- Found rosidl_adapter: 1.3.1 (/opt/ros/foxy/share/rosidl_adapter/cmake)
-- Found OpenSSL: /usr/lib/x86_64-linux-gnu/libcrypto.so (found version "1.1.1f")  
-- Found FastRTPS: /opt/ros/foxy/include  
-- Using all available rosidl_typesupport_cpp: rosidl_typesupport_fastrtps_cpp;rosidl_typesupport_introspection_cpp
-- Found sensor_msgs: 2.0.5 (/opt/ros/foxy/share/sensor_msgs/cmake)
-- Found PythonInterp: /home/jeni/anaconda3/bin/python3 (found version "3.9.7") 
-- Found ament_cmake_ros: 0.9.2 (/opt/ros/foxy/share/ament_cmake_ros/cmake)
-- Using all available rosidl_typesupport_c: rosidl_typesupport_fastrtps_c;rosidl_typesupport_introspection_c
-- Using all available rosidl_typesupport_cpp: rosidl_typesupport_fastrtps_cpp;rosidl_typesupport_introspection_cpp
-- Found PythonInterp: /home/jeni/anaconda3/bin/python3 (found suitable version "3.9.7", minimum required is "3.5") 
-- Found python_cmake_module: 0.8.1 (/opt/ros/foxy/share/python_cmake_module/cmake)
-- Found PythonLibs: /home/jeni/anaconda3/lib/libpython3.9.so (found suitable version "3.9.7", minimum required is "3.5") 
-- Using PYTHON_EXECUTABLE: /home/jeni/anaconda3/bin/python3
-- Using PYTHON_INCLUDE_DIRS: /home/jeni/anaconda3/include/python3.9
-- Using PYTHON_LIBRARIES: /home/jeni/anaconda3/lib/libpython3.9.so
-- Found PythonExtra: .so  
-- Using numpy include directory: /home/jeni/anaconda3/lib/python3.9/site-packages/numpy/core/include
-- Found ament_lint_auto: 0.9.8 (/opt/ros/foxy/share/ament_lint_auto/cmake)
-- Added test 'copyright' to check source files copyright and LICENSE
-- Added test 'lint_cmake' to check CMake code style
-- Added test 'xmllint' to check XML markup files
-- Configuring done
CMake Warning at /opt/ros/foxy/share/rosidl_generator_py/cmake/rosidl_generator_py_generate_interfaces.cmake:235 (add_library):
  Cannot generate a safe runtime search path for target
  astra_camera_msgs__rosidl_typesupport_fastrtps_c__pyext because files in
  some directories may conflict with libraries in implicit directories:

    runtime library [libssl.so.1.1] in /usr/lib/x86_64-linux-gnu may be hidden by files in:
      /home/jeni/anaconda3/lib
    runtime library [libcrypto.so.1.1] in /usr/lib/x86_64-linux-gnu may be hidden by files in:
      /home/jeni/anaconda3/lib

  Some of these libraries may not be found correctly.
Call Stack (most recent call first):
  /opt/ros/foxy/share/ament_cmake_core/cmake/core/ament_execute_extensions.cmake:48 (include)
  /opt/ros/foxy/share/rosidl_cmake/cmake/rosidl_generate_interfaces.cmake:286 (ament_execute_extensions)
  CMakeLists.txt:17 (rosidl_generate_interfaces)


-- Generating done
-- Build files have been written to: /home/jeni/astra_s/build/astra_camera_msgs
[  1%] [34m[1mGenerating C code for ROS interfaces[0m
[35m[1mScanning dependencies of target astra_camera_msgs__cpp[0m
[  2%] [34m[1mGenerating C++ code for ROS interfaces[0m
[  2%] Built target astra_camera_msgs__cpp
[  3%] [34m[1mGenerating C++ introspection for ROS interfaces[0m
[  4%] [34m[1mGenerating C++ type support for eProsima Fast-RTPS[0m
[  5%] [34m[1mGenerating C++ type support dispatch for ROS interfaces[0m
[35m[1mScanning dependencies of target astra_camera_msgs__rosidl_generator_c[0m
[  6%] [32mBuilding C object CMakeFiles/astra_camera_msgs__rosidl_generator_c.dir/rosidl_generator_c/astra_camera_msgs/msg/detail/device_info__functions.c.o[0m
[  7%] [32mBuilding C object CMakeFiles/astra_camera_msgs__rosidl_generator_c.dir/rosidl_generator_c/astra_camera_msgs/msg/detail/extrinsics__functions.c.o[0m
[  8%] [32mBuilding C object CMakeFiles/astra_camera_msgs__rosidl_generator_c.dir/rosidl_generator_c/astra_camera_msgs/srv/detail/get_camera_info__functions.c.o[0m
[  9%] [32mBuilding C object CMakeFiles/astra_camera_msgs__rosidl_generator_c.dir/rosidl_generator_c/astra_camera_msgs/srv/detail/get_camera_params__functions.c.o[0m
[ 12%] [32mBuilding C object CMakeFiles/astra_camera_msgs__rosidl_generator_c.dir/rosidl_generator_c/astra_camera_msgs/srv/detail/get_string__functions.c.o[0m
[ 12%] [32mBuilding C object CMakeFiles/astra_camera_msgs__rosidl_generator_c.dir/rosidl_generator_c/astra_camera_msgs/srv/detail/get_device_info__functions.c.o[0m
[ 12%] [32mBuilding C object CMakeFiles/astra_camera_msgs__rosidl_generator_c.dir/rosidl_generator_c/astra_camera_msgs/msg/detail/metadata__functions.c.o[0m
[ 13%] [32mBuilding C object CMakeFiles/astra_camera_msgs__rosidl_generator_c.dir/rosidl_generator_c/astra_camera_msgs/srv/detail/set_int32__functions.c.o[0m
[ 14%] [32mBuilding C object CMakeFiles/astra_camera_msgs__rosidl_generator_c.dir/rosidl_generator_c/astra_camera_msgs/srv/detail/get_int32__functions.c.o[0m
[ 15%] [32m[1mLinking C shared library libastra_camera_msgs__rosidl_generator_c.so[0m
[ 15%] Built target astra_camera_msgs__rosidl_generator_c
[ 17%] [34m[1mGenerating C introspection for ROS interfaces[0m
[ 17%] [34m[1mGenerating C type support dispatch for ROS interfaces[0m
[35m[1mScanning dependencies of target astra_camera_msgs__rosidl_typesupport_cpp[0m
[ 18%] [32mBuilding CXX object CMakeFiles/astra_camera_msgs__rosidl_typesupport_cpp.dir/rosidl_typesupport_cpp/astra_camera_msgs/srv/set_int32__type_support.cpp.o[0m
[ 21%] [32mBuilding CXX object CMakeFiles/astra_camera_msgs__rosidl_typesupport_cpp.dir/rosidl_typesupport_cpp/astra_camera_msgs/srv/get_camera_params__type_support.cpp.o[0m
[ 21%] [32mBuilding CXX object CMakeFiles/astra_camera_msgs__rosidl_typesupport_cpp.dir/rosidl_typesupport_cpp/astra_camera_msgs/srv/get_camera_info__type_support.cpp.o[0m
[ 23%] [32mBuilding CXX object CMakeFiles/astra_camera_msgs__rosidl_typesupport_cpp.dir/rosidl_typesupport_cpp/astra_camera_msgs/msg/extrinsics__type_support.cpp.o[0m
[ 23%] [32mBuilding CXX object CMakeFiles/astra_camera_msgs__rosidl_typesupport_cpp.dir/rosidl_typesupport_cpp/astra_camera_msgs/msg/metadata__type_support.cpp.o[0m
[ 24%] [32mBuilding CXX object CMakeFiles/astra_camera_msgs__rosidl_typesupport_cpp.dir/rosidl_typesupport_cpp/astra_camera_msgs/msg/device_info__type_support.cpp.o[0m
[ 25%] [32mBuilding CXX object CMakeFiles/astra_camera_msgs__rosidl_typesupport_cpp.dir/rosidl_typesupport_cpp/astra_camera_msgs/srv/get_int32__type_support.cpp.o[0m
[ 26%] [32mBuilding CXX object CMakeFiles/astra_camera_msgs__rosidl_typesupport_cpp.dir/rosidl_typesupport_cpp/astra_camera_msgs/srv/get_device_info__type_support.cpp.o[0m
[ 27%] [32mBuilding CXX object CMakeFiles/astra_camera_msgs__rosidl_typesupport_cpp.dir/rosidl_typesupport_cpp/astra_camera_msgs/srv/get_string__type_support.cpp.o[0m
[35m[1mScanning dependencies of target astra_camera_msgs__rosidl_typesupport_introspection_cpp[0m
[ 28%] [32mBuilding CXX object CMakeFiles/astra_camera_msgs__rosidl_typesupport_introspection_cpp.dir/rosidl_typesupport_introspection_cpp/astra_camera_msgs/msg/detail/device_info__type_support.cpp.o[0m
[ 29%] [32mBuilding CXX object CMakeFiles/astra_camera_msgs__rosidl_typesupport_introspection_cpp.dir/rosidl_typesupport_introspection_cpp/astra_camera_msgs/msg/detail/extrinsics__type_support.cpp.o[0m
[ 30%] [32mBuilding CXX object CMakeFiles/astra_camera_msgs__rosidl_typesupport_introspection_cpp.dir/rosidl_typesupport_introspection_cpp/astra_camera_msgs/srv/detail/get_device_info__type_support.cpp.o[0m
[ 31%] [32mBuilding CXX object CMakeFiles/astra_camera_msgs__rosidl_typesupport_introspection_cpp.dir/rosidl_typesupport_introspection_cpp/astra_camera_msgs/msg/detail/metadata__type_support.cpp.o[0m
[ 32%] [32mBuilding CXX object CMakeFiles/astra_camera_msgs__rosidl_typesupport_introspection_cpp.dir/rosidl_typesupport_introspection_cpp/astra_camera_msgs/srv/detail/get_int32__type_support.cpp.o[0m
[ 33%] [32mBuilding CXX object CMakeFiles/astra_camera_msgs__rosidl_typesupport_introspection_cpp.dir/rosidl_typesupport_introspection_cpp/astra_camera_msgs/srv/detail/get_camera_info__type_support.cpp.o[0m
[ 34%] [32mBuilding CXX object CMakeFiles/astra_camera_msgs__rosidl_typesupport_introspection_cpp.dir/rosidl_typesupport_introspection_cpp/astra_camera_msgs/srv/detail/get_camera_params__type_support.cpp.o[0m
[35m[1mScanning dependencies of target astra_camera_msgs__rosidl_typesupport_fastrtps_cpp[0m
[ 35%] [32mBuilding CXX object CMakeFiles/astra_camera_msgs__rosidl_typesupport_introspection_cpp.dir/rosidl_typesupport_introspection_cpp/astra_camera_msgs/srv/detail/get_string__type_support.cpp.o[0m
[ 36%] [32mBuilding CXX object CMakeFiles/astra_camera_msgs__rosidl_typesupport_introspection_cpp.dir/rosidl_typesupport_introspection_cpp/astra_camera_msgs/srv/detail/set_int32__type_support.cpp.o[0m
[ 37%] [32mBuilding CXX object CMakeFiles/astra_camera_msgs__rosidl_typesupport_fastrtps_cpp.dir/rosidl_typesupport_fastrtps_cpp/astra_camera_msgs/msg/detail/dds_fastrtps/extrinsics__type_support.cpp.o[0m
[ 38%] [32mBuilding CXX object CMakeFiles/astra_camera_msgs__rosidl_typesupport_fastrtps_cpp.dir/rosidl_typesupport_fastrtps_cpp/astra_camera_msgs/msg/detail/dds_fastrtps/device_info__type_support.cpp.o[0m
[ 40%] [32mBuilding CXX object CMakeFiles/astra_camera_msgs__rosidl_typesupport_fastrtps_cpp.dir/rosidl_typesupport_fastrtps_cpp/astra_camera_msgs/srv/detail/dds_fastrtps/get_device_info__type_support.cpp.o[0m
[ 41%] [32mBuilding CXX object CMakeFiles/astra_camera_msgs__rosidl_typesupport_fastrtps_cpp.dir/rosidl_typesupport_fastrtps_cpp/astra_camera_msgs/srv/detail/dds_fastrtps/get_camera_info__type_support.cpp.o[0m
[ 42%] [32mBuilding CXX object CMakeFiles/astra_camera_msgs__rosidl_typesupport_fastrtps_cpp.dir/rosidl_typesupport_fastrtps_cpp/astra_camera_msgs/srv/detail/dds_fastrtps/get_camera_params__type_support.cpp.o[0m
[ 43%] [32mBuilding CXX object CMakeFiles/astra_camera_msgs__rosidl_typesupport_fastrtps_cpp.dir/rosidl_typesupport_fastrtps_cpp/astra_camera_msgs/msg/detail/dds_fastrtps/metadata__type_support.cpp.o[0m
[ 44%] [32mBuilding CXX object CMakeFiles/astra_camera_msgs__rosidl_typesupport_fastrtps_cpp.dir/rosidl_typesupport_fastrtps_cpp/astra_camera_msgs/srv/detail/dds_fastrtps/get_int32__type_support.cpp.o[0m
[ 45%] [32mBuilding CXX object CMakeFiles/astra_camera_msgs__rosidl_typesupport_fastrtps_cpp.dir/rosidl_typesupport_fastrtps_cpp/astra_camera_msgs/srv/detail/dds_fastrtps/get_string__type_support.cpp.o[0m
[ 46%] [32m[1mLinking CXX shared library libastra_camera_msgs__rosidl_typesupport_cpp.so[0m
[ 47%] [32mBuilding CXX object CMakeFiles/astra_camera_msgs__rosidl_typesupport_fastrtps_cpp.dir/rosidl_typesupport_fastrtps_cpp/astra_camera_msgs/srv/detail/dds_fastrtps/set_int32__type_support.cpp.o[0m
[ 47%] Built target astra_camera_msgs__rosidl_typesupport_cpp
[35m[1mScanning dependencies of target astra_camera_msgs__rosidl_typesupport_c[0m
[ 48%] [32mBuilding CXX object CMakeFiles/astra_camera_msgs__rosidl_typesupport_c.dir/rosidl_typesupport_c/astra_camera_msgs/msg/device_info__type_support.cpp.o[0m
[ 49%] [32mBuilding CXX object CMakeFiles/astra_camera_msgs__rosidl_typesupport_c.dir/rosidl_typesupport_c/astra_camera_msgs/msg/metadata__type_support.cpp.o[0m
[ 50%] [32mBuilding CXX object CMakeFiles/astra_camera_msgs__rosidl_typesupport_c.dir/rosidl_typesupport_c/astra_camera_msgs/msg/extrinsics__type_support.cpp.o[0m
[ 51%] [32mBuilding CXX object CMakeFiles/astra_camera_msgs__rosidl_typesupport_c.dir/rosidl_typesupport_c/astra_camera_msgs/srv/get_device_info__type_support.cpp.o[0m
[ 52%] [32mBuilding CXX object CMakeFiles/astra_camera_msgs__rosidl_typesupport_c.dir/rosidl_typesupport_c/astra_camera_msgs/srv/get_camera_info__type_support.cpp.o[0m
[ 53%] [32mBuilding CXX object CMakeFiles/astra_camera_msgs__rosidl_typesupport_c.dir/rosidl_typesupport_c/astra_camera_msgs/srv/get_int32__type_support.cpp.o[0m
[ 54%] [32mBuilding CXX object CMakeFiles/astra_camera_msgs__rosidl_typesupport_c.dir/rosidl_typesupport_c/astra_camera_msgs/srv/get_camera_params__type_support.cpp.o[0m
[ 55%] [32mBuilding CXX object CMakeFiles/astra_camera_msgs__rosidl_typesupport_c.dir/rosidl_typesupport_c/astra_camera_msgs/srv/get_string__type_support.cpp.o[0m
[ 56%] [32mBuilding CXX object CMakeFiles/astra_camera_msgs__rosidl_typesupport_c.dir/rosidl_typesupport_c/astra_camera_msgs/srv/set_int32__type_support.cpp.o[0m
[ 57%] [32m[1mLinking CXX shared library libastra_camera_msgs__rosidl_typesupport_c.so[0m
[ 57%] Built target astra_camera_msgs__rosidl_typesupport_c
[35m[1mScanning dependencies of target astra_camera_msgs__rosidl_typesupport_introspection_c[0m
[ 61%] [32mBuilding C object CMakeFiles/astra_camera_msgs__rosidl_typesupport_introspection_c.dir/rosidl_typesupport_introspection_c/astra_camera_msgs/srv/detail/get_camera_info__type_support.c.o[0m
[ 62%] [32mBuilding C object CMakeFiles/astra_camera_msgs__rosidl_typesupport_introspection_c.dir/rosidl_typesupport_introspection_c/astra_camera_msgs/srv/detail/get_camera_params__type_support.c.o[0m
[ 61%] [32mBuilding C object CMakeFiles/astra_camera_msgs__rosidl_typesupport_introspection_c.dir/rosidl_typesupport_introspection_c/astra_camera_msgs/srv/detail/get_string__type_support.c.o[0m
[ 62%] [32mBuilding C object CMakeFiles/astra_camera_msgs__rosidl_typesupport_introspection_c.dir/rosidl_typesupport_introspection_c/astra_camera_msgs/msg/detail/metadata__type_support.c.o[0m
[ 63%] [32mBuilding C object CMakeFiles/astra_camera_msgs__rosidl_typesupport_introspection_c.dir/rosidl_typesupport_introspection_c/astra_camera_msgs/msg/detail/extrinsics__type_support.c.o[0m
[ 64%] [32mBuilding C object CMakeFiles/astra_camera_msgs__rosidl_typesupport_introspection_c.dir/rosidl_typesupport_introspection_c/astra_camera_msgs/msg/detail/device_info__type_support.c.o[0m
[ 65%] [32mBuilding C object CMakeFiles/astra_camera_msgs__rosidl_typesupport_introspection_c.dir/rosidl_typesupport_introspection_c/astra_camera_msgs/srv/detail/get_int32__type_support.c.o[0m
[ 66%] [32mBuilding C object CMakeFiles/astra_camera_msgs__rosidl_typesupport_introspection_c.dir/rosidl_typesupport_introspection_c/astra_camera_msgs/srv/detail/get_device_info__type_support.c.o[0m
[ 67%] [32mBuilding C object CMakeFiles/astra_camera_msgs__rosidl_typesupport_introspection_c.dir/rosidl_typesupport_introspection_c/astra_camera_msgs/srv/detail/set_int32__type_support.c.o[0m
[ 68%] [32m[1mLinking C shared library libastra_camera_msgs__rosidl_typesupport_introspection_c.so[0m
[ 69%] [32m[1mLinking CXX shared library libastra_camera_msgs__rosidl_typesupport_introspection_cpp.so[0m
[ 69%] Built target astra_camera_msgs__rosidl_typesupport_introspection_c
[ 69%] Built target astra_camera_msgs__rosidl_typesupport_introspection_cpp
[ 70%] [32m[1mLinking CXX shared library libastra_camera_msgs__rosidl_typesupport_fastrtps_cpp.so[0m
[ 70%] Built target astra_camera_msgs__rosidl_typesupport_fastrtps_cpp
[ 71%] [34m[1mGenerating C type support for eProsima Fast-RTPS[0m
[35m[1mScanning dependencies of target astra_camera_msgs__rosidl_typesupport_fastrtps_c[0m
[ 73%] [32mBuilding CXX object CMakeFiles/astra_camera_msgs__rosidl_typesupport_fastrtps_c.dir/rosidl_typesupport_fastrtps_c/astra_camera_msgs/msg/detail/device_info__type_support_c.cpp.o[0m
[ 73%] [32mBuilding CXX object CMakeFiles/astra_camera_msgs__rosidl_typesupport_fastrtps_c.dir/rosidl_typesupport_fastrtps_c/astra_camera_msgs/msg/detail/extrinsics__type_support_c.cpp.o[0m
[ 74%] [32mBuilding CXX object CMakeFiles/astra_camera_msgs__rosidl_typesupport_fastrtps_c.dir/rosidl_typesupport_fastrtps_c/astra_camera_msgs/srv/detail/set_int32__type_support_c.cpp.o[0m
[ 75%] [32mBuilding CXX object CMakeFiles/astra_camera_msgs__rosidl_typesupport_fastrtps_c.dir/rosidl_typesupport_fastrtps_c/astra_camera_msgs/srv/detail/get_camera_params__type_support_c.cpp.o[0m
[ 76%] [32mBuilding CXX object CMakeFiles/astra_camera_msgs__rosidl_typesupport_fastrtps_c.dir/rosidl_typesupport_fastrtps_c/astra_camera_msgs/srv/detail/get_int32__type_support_c.cpp.o[0m
[ 77%] [32mBuilding CXX object CMakeFiles/astra_camera_msgs__rosidl_typesupport_fastrtps_c.dir/rosidl_typesupport_fastrtps_c/astra_camera_msgs/srv/detail/get_string__type_support_c.cpp.o[0m
[ 78%] [32mBuilding CXX object CMakeFiles/astra_camera_msgs__rosidl_typesupport_fastrtps_c.dir/rosidl_typesupport_fastrtps_c/astra_camera_msgs/msg/detail/metadata__type_support_c.cpp.o[0m
[ 80%] [32mBuilding CXX object CMakeFiles/astra_camera_msgs__rosidl_typesupport_fastrtps_c.dir/rosidl_typesupport_fastrtps_c/astra_camera_msgs/srv/detail/get_device_info__type_support_c.cpp.o[0m
[ 81%] [32mBuilding CXX object CMakeFiles/astra_camera_msgs__rosidl_typesupport_fastrtps_c.dir/rosidl_typesupport_fastrtps_c/astra_camera_msgs/srv/detail/get_camera_info__type_support_c.cpp.o[0m
[ 82%] [32m[1mLinking CXX shared library libastra_camera_msgs__rosidl_typesupport_fastrtps_c.so[0m
[ 82%] Built target astra_camera_msgs__rosidl_typesupport_fastrtps_c
[35m[1mScanning dependencies of target astra_camera_msgs[0m
[ 82%] Built target astra_camera_msgs
[35m[1mScanning dependencies of target astra_camera_msgs__py[0m
[ 83%] [34m[1mGenerating Python code for ROS interfaces[0m
[ 83%] Built target astra_camera_msgs__py
[35m[1mScanning dependencies of target astra_camera_msgs__python[0m
[ 85%] [32mBuilding C object CMakeFiles/astra_camera_msgs__python.dir/rosidl_generator_py/astra_camera_msgs/msg/_extrinsics_s.c.o[0m
[ 85%] [32mBuilding C object CMakeFiles/astra_camera_msgs__python.dir/rosidl_generator_py/astra_camera_msgs/msg/_device_info_s.c.o[0m
[ 86%] [32mBuilding C object CMakeFiles/astra_camera_msgs__python.dir/rosidl_generator_py/astra_camera_msgs/msg/_metadata_s.c.o[0m
[ 87%] [32mBuilding C object CMakeFiles/astra_camera_msgs__python.dir/rosidl_generator_py/astra_camera_msgs/srv/_get_camera_info_s.c.o[0m
[ 89%] [32mBuilding C object CMakeFiles/astra_camera_msgs__python.dir/rosidl_generator_py/astra_camera_msgs/srv/_get_camera_params_s.c.o[0m
[ 89%] [32mBuilding C object CMakeFiles/astra_camera_msgs__python.dir/rosidl_generator_py/astra_camera_msgs/srv/_get_device_info_s.c.o[0m
[ 90%] [32mBuilding C object CMakeFiles/astra_camera_msgs__python.dir/rosidl_generator_py/astra_camera_msgs/srv/_get_string_s.c.o[0m
[ 91%] [32mBuilding C object CMakeFiles/astra_camera_msgs__python.dir/rosidl_generator_py/astra_camera_msgs/srv/_set_int32_s.c.o[0m
[ 92%] [32mBuilding C object CMakeFiles/astra_camera_msgs__python.dir/rosidl_generator_py/astra_camera_msgs/srv/_get_int32_s.c.o[0m
[ 93%] [32m[1mLinking C shared library rosidl_generator_py/astra_camera_msgs/libastra_camera_msgs__python.so[0m
[ 93%] Built target astra_camera_msgs__python
[35m[1mScanning dependencies of target astra_camera_msgs__rosidl_typesupport_introspection_c__pyext[0m
[35m[1mScanning dependencies of target astra_camera_msgs__rosidl_typesupport_fastrtps_c__pyext[0m
[35m[1mScanning dependencies of target astra_camera_msgs__rosidl_typesupport_c__pyext[0m
[ 94%] [32mBuilding C object CMakeFiles/astra_camera_msgs__rosidl_typesupport_c__pyext.dir/rosidl_generator_py/astra_camera_msgs/_astra_camera_msgs_s.ep.rosidl_typesupport_c.c.o[0m
[ 96%] [32mBuilding C object CMakeFiles/astra_camera_msgs__rosidl_typesupport_introspection_c__pyext.dir/rosidl_generator_py/astra_camera_msgs/_astra_camera_msgs_s.ep.rosidl_typesupport_introspection_c.c.o[0m
[ 96%] [32mBuilding C object CMakeFiles/astra_camera_msgs__rosidl_typesupport_fastrtps_c__pyext.dir/rosidl_generator_py/astra_camera_msgs/_astra_camera_msgs_s.ep.rosidl_typesupport_fastrtps_c.c.o[0m
[ 98%] [32m[1mLinking C shared library rosidl_generator_py/astra_camera_msgs/astra_camera_msgs_s__rosidl_typesupport_c.cpython-39-x86_64-linux-gnu.so[0m
[ 98%] [32m[1mLinking CXX shared library rosidl_generator_py/astra_camera_msgs/astra_camera_msgs_s__rosidl_typesupport_fastrtps_c.cpython-39-x86_64-linux-gnu.so[0m
[100%] [32m[1mLinking C shared library rosidl_generator_py/astra_camera_msgs/astra_camera_msgs_s__rosidl_typesupport_introspection_c.cpython-39-x86_64-linux-gnu.so[0m
[100%] Built target astra_camera_msgs__rosidl_typesupport_c__pyext
[100%] Built target astra_camera_msgs__rosidl_typesupport_introspection_c__pyext
[100%] Built target astra_camera_msgs__rosidl_typesupport_fastrtps_c__pyext
-- Install configuration: "Release"
-- Installing: /home/jeni/astra_s/install/astra_camera_msgs/share/ament_index/resource_index/rosidl_interfaces/astra_camera_msgs
-- Installing: /home/jeni/astra_s/install/astra_camera_msgs/include/astra_camera_msgs
-- Installing: /home/jeni/astra_s/install/astra_camera_msgs/include/astra_camera_msgs/srv
-- Installing: /home/jeni/astra_s/install/astra_camera_msgs/include/astra_camera_msgs/srv/get_camera_params.h
-- Installing: /home/jeni/astra_s/install/astra_camera_msgs/include/astra_camera_msgs/srv/get_device_info.h
-- Installing: /home/jeni/astra_s/install/astra_camera_msgs/include/astra_camera_msgs/srv/get_int32.h
-- Installing: /home/jeni/astra_s/install/astra_camera_msgs/include/astra_camera_msgs/srv/detail
-- Installing: /home/jeni/astra_s/install/astra_camera_msgs/include/astra_camera_msgs/srv/detail/get_string__type_support.h
-- Installing: /home/jeni/astra_s/install/astra_camera_msgs/include/astra_camera_msgs/srv/detail/set_int32__struct.h
-- Installing: /home/jeni/astra_s/install/astra_camera_msgs/include/astra_camera_msgs/srv/detail/get_int32__type_support.h
-- Installing: /home/jeni/astra_s/install/astra_camera_msgs/include/astra_camera_msgs/srv/detail/get_camera_info__functions.h
-- Installing: /home/jeni/astra_s/install/astra_camera_msgs/include/astra_camera_msgs/srv/detail/get_int32__functions.c
-- Installing: /home/jeni/astra_s/install/astra_camera_msgs/include/astra_camera_msgs/srv/detail/get_device_info__functions.h
-- Installing: /home/jeni/astra_s/install/astra_camera_msgs/include/astra_camera_msgs/srv/detail/set_int32__functions.h
-- Installing: /home/jeni/astra_s/install/astra_camera_msgs/include/astra_camera_msgs/srv/detail/get_camera_params__type_support.h
-- Installing: /home/jeni/astra_s/install/astra_camera_msgs/include/astra_camera_msgs/srv/detail/get_string__functions.c
-- Installing: /home/jeni/astra_s/install/astra_camera_msgs/include/astra_camera_msgs/srv/detail/get_string__struct.h
-- Installing: /home/jeni/astra_s/install/astra_camera_msgs/include/astra_camera_msgs/srv/detail/get_camera_params__functions.c
-- Installing: /home/jeni/astra_s/install/astra_camera_msgs/include/astra_camera_msgs/srv/detail/get_camera_params__struct.h
-- Installing: /home/jeni/astra_s/install/astra_camera_msgs/include/astra_camera_msgs/srv/detail/set_int32__type_support.h
-- Installing: /home/jeni/astra_s/install/astra_camera_msgs/include/astra_camera_msgs/srv/detail/get_device_info__functions.c
-- Installing: /home/jeni/astra_s/install/astra_camera_msgs/include/astra_camera_msgs/srv/detail/get_int32__functions.h
-- Installing: /home/jeni/astra_s/install/astra_camera_msgs/include/astra_camera_msgs/srv/detail/get_camera_info__functions.c
-- Installing: /home/jeni/astra_s/install/astra_camera_msgs/include/astra_camera_msgs/srv/detail/get_camera_info__struct.h
-- Installing: /home/jeni/astra_s/install/astra_camera_msgs/include/astra_camera_msgs/srv/detail/set_int32__functions.c
-- Installing: /home/jeni/astra_s/install/astra_camera_msgs/include/astra_camera_msgs/srv/detail/get_camera_params__functions.h
-- Installing: /home/jeni/astra_s/install/astra_camera_msgs/include/astra_camera_msgs/srv/detail/get_camera_info__type_support.h
-- Installing: /home/jeni/astra_s/install/astra_camera_msgs/include/astra_camera_msgs/srv/detail/get_device_info__type_support.h
-- Installing: /home/jeni/astra_s/install/astra_camera_msgs/include/astra_camera_msgs/srv/detail/get_string__functions.h
-- Installing: /home/jeni/astra_s/install/astra_camera_msgs/include/astra_camera_msgs/srv/detail/get_int32__struct.h
-- Installing: /home/jeni/astra_s/install/astra_camera_msgs/include/astra_camera_msgs/srv/detail/get_device_info__struct.h
-- Installing: /home/jeni/astra_s/install/astra_camera_msgs/include/astra_camera_msgs/srv/set_int32.h
-- Installing: /home/jeni/astra_s/install/astra_camera_msgs/include/astra_camera_msgs/srv/get_string.h
-- Installing: /home/jeni/astra_s/install/astra_camera_msgs/include/astra_camera_msgs/srv/get_camera_info.h
-- Installing: /home/jeni/astra_s/install/astra_camera_msgs/include/astra_camera_msgs/msg
-- Installing: /home/jeni/astra_s/install/astra_camera_msgs/include/astra_camera_msgs/msg/rosidl_generator_c__visibility_control.h
-- Installing: /home/jeni/astra_s/install/astra_camera_msgs/include/astra_camera_msgs/msg/detail
-- Installing: /home/jeni/astra_s/install/astra_camera_msgs/include/astra_camera_msgs/msg/detail/device_info__struct.h
-- Installing: /home/jeni/astra_s/install/astra_camera_msgs/include/astra_camera_msgs/msg/detail/metadata__type_support.h
-- Installing: /home/jeni/astra_s/install/astra_camera_msgs/include/astra_camera_msgs/msg/detail/metadata__struct.h
-- Installing: /home/jeni/astra_s/install/astra_camera_msgs/include/astra_camera_msgs/msg/detail/device_info__functions.h
-- Installing: /home/jeni/astra_s/install/astra_camera_msgs/include/astra_camera_msgs/msg/detail/extrinsics__functions.h
-- Installing: /home/jeni/astra_s/install/astra_camera_msgs/include/astra_camera_msgs/msg/detail/extrinsics__type_support.h
-- Installing: /home/jeni/astra_s/install/astra_camera_msgs/include/astra_camera_msgs/msg/detail/extrinsics__functions.c
-- Installing: /home/jeni/astra_s/install/astra_camera_msgs/include/astra_camera_msgs/msg/detail/device_info__type_support.h
-- Installing: /home/jeni/astra_s/install/astra_camera_msgs/include/astra_camera_msgs/msg/detail/extrinsics__struct.h
-- Installing: /home/jeni/astra_s/install/astra_camera_msgs/include/astra_camera_msgs/msg/detail/device_info__functions.c
-- Installing: /home/jeni/astra_s/install/astra_camera_msgs/include/astra_camera_msgs/msg/detail/metadata__functions.c
-- Installing: /home/jeni/astra_s/install/astra_camera_msgs/include/astra_camera_msgs/msg/detail/metadata__functions.h
-- Installing: /home/jeni/astra_s/install/astra_camera_msgs/include/astra_camera_msgs/msg/device_info.h
-- Installing: /home/jeni/astra_s/install/astra_camera_msgs/include/astra_camera_msgs/msg/extrinsics.h
-- Installing: /home/jeni/astra_s/install/astra_camera_msgs/include/astra_camera_msgs/msg/metadata.h
-- Installing: /home/jeni/astra_s/install/astra_camera_msgs/share/astra_camera_msgs/environment/library_path.sh
-- Installing: /home/jeni/astra_s/install/astra_camera_msgs/share/astra_camera_msgs/environment/library_path.dsv
-- Installing: /home/jeni/astra_s/install/astra_camera_msgs/lib/libastra_camera_msgs__rosidl_generator_c.so
-- Set runtime path of "/home/jeni/astra_s/install/astra_camera_msgs/lib/libastra_camera_msgs__rosidl_generator_c.so" to ""
-- Up-to-date: /home/jeni/astra_s/install/astra_camera_msgs/include/astra_camera_msgs
-- Up-to-date: /home/jeni/astra_s/install/astra_camera_msgs/include/astra_camera_msgs/srv
-- Up-to-date: /home/jeni/astra_s/install/astra_camera_msgs/include/astra_camera_msgs/srv/detail
-- Installing: /home/jeni/astra_s/install/astra_camera_msgs/include/astra_camera_msgs/srv/detail/set_int32__rosidl_typesupport_fastrtps_c.h
-- Installing: /home/jeni/astra_s/install/astra_camera_msgs/include/astra_camera_msgs/srv/detail/get_string__rosidl_typesupport_fastrtps_c.h
-- Installing: /home/jeni/astra_s/install/astra_camera_msgs/include/astra_camera_msgs/srv/detail/get_camera_params__rosidl_typesupport_fastrtps_c.h
-- Installing: /home/jeni/astra_s/install/astra_camera_msgs/include/astra_camera_msgs/srv/detail/get_int32__rosidl_typesupport_fastrtps_c.h
-- Installing: /home/jeni/astra_s/install/astra_camera_msgs/include/astra_camera_msgs/srv/detail/get_camera_info__rosidl_typesupport_fastrtps_c.h
-- Installing: /home/jeni/astra_s/install/astra_camera_msgs/include/astra_camera_msgs/srv/detail/get_device_info__rosidl_typesupport_fastrtps_c.h
-- Up-to-date: /home/jeni/astra_s/install/astra_camera_msgs/include/astra_camera_msgs/msg
-- Up-to-date: /home/jeni/astra_s/install/astra_camera_msgs/include/astra_camera_msgs/msg/detail
-- Installing: /home/jeni/astra_s/install/astra_camera_msgs/include/astra_camera_msgs/msg/detail/extrinsics__rosidl_typesupport_fastrtps_c.h
-- Installing: /home/jeni/astra_s/install/astra_camera_msgs/include/astra_camera_msgs/msg/detail/device_info__rosidl_typesupport_fastrtps_c.h
-- Installing: /home/jeni/astra_s/install/astra_camera_msgs/include/astra_camera_msgs/msg/detail/metadata__rosidl_typesupport_fastrtps_c.h
-- Installing: /home/jeni/astra_s/install/astra_camera_msgs/include/astra_camera_msgs/msg/rosidl_typesupport_fastrtps_c__visibility_control.h
-- Installing: /home/jeni/astra_s/install/astra_camera_msgs/lib/libastra_camera_msgs__rosidl_typesupport_fastrtps_c.so
-- Set runtime path of "/home/jeni/astra_s/install/astra_camera_msgs/lib/libastra_camera_msgs__rosidl_typesupport_fastrtps_c.so" to ""
-- Up-to-date: /home/jeni/astra_s/install/astra_camera_msgs/include/astra_camera_msgs
-- Up-to-date: /home/jeni/astra_s/install/astra_camera_msgs/include/astra_camera_msgs/srv
-- Up-to-date: /home/jeni/astra_s/install/astra_camera_msgs/include/astra_camera_msgs/srv/detail
-- Installing: /home/jeni/astra_s/install/astra_camera_msgs/include/astra_camera_msgs/srv/detail/get_int32__rosidl_typesupport_fastrtps_cpp.hpp
-- Installing: /home/jeni/astra_s/install/astra_camera_msgs/include/astra_camera_msgs/srv/detail/get_camera_params__rosidl_typesupport_fastrtps_cpp.hpp
-- Installing: /home/jeni/astra_s/install/astra_camera_msgs/include/astra_camera_msgs/srv/detail/get_camera_info__rosidl_typesupport_fastrtps_cpp.hpp
-- Installing: /home/jeni/astra_s/install/astra_camera_msgs/include/astra_camera_msgs/srv/detail/dds_fastrtps
-- Installing: /home/jeni/astra_s/install/astra_camera_msgs/include/astra_camera_msgs/srv/detail/get_device_info__rosidl_typesupport_fastrtps_cpp.hpp
-- Installing: /home/jeni/astra_s/install/astra_camera_msgs/include/astra_camera_msgs/srv/detail/set_int32__rosidl_typesupport_fastrtps_cpp.hpp
-- Installing: /home/jeni/astra_s/install/astra_camera_msgs/include/astra_camera_msgs/srv/detail/get_string__rosidl_typesupport_fastrtps_cpp.hpp
-- Up-to-date: /home/jeni/astra_s/install/astra_camera_msgs/include/astra_camera_msgs/msg
-- Up-to-date: /home/jeni/astra_s/install/astra_camera_msgs/include/astra_camera_msgs/msg/detail
-- Installing: /home/jeni/astra_s/install/astra_camera_msgs/include/astra_camera_msgs/msg/detail/metadata__rosidl_typesupport_fastrtps_cpp.hpp
-- Installing: /home/jeni/astra_s/install/astra_camera_msgs/include/astra_camera_msgs/msg/detail/device_info__rosidl_typesupport_fastrtps_cpp.hpp
-- Installing: /home/jeni/astra_s/install/astra_camera_msgs/include/astra_camera_msgs/msg/detail/extrinsics__rosidl_typesupport_fastrtps_cpp.hpp
-- Installing: /home/jeni/astra_s/install/astra_camera_msgs/include/astra_camera_msgs/msg/detail/dds_fastrtps
-- Installing: /home/jeni/astra_s/install/astra_camera_msgs/include/astra_camera_msgs/msg/rosidl_typesupport_fastrtps_cpp__visibility_control.h
-- Installing: /home/jeni/astra_s/install/astra_camera_msgs/lib/libastra_camera_msgs__rosidl_typesupport_fastrtps_cpp.so
-- Set runtime path of "/home/jeni/astra_s/install/astra_camera_msgs/lib/libastra_camera_msgs__rosidl_typesupport_fastrtps_cpp.so" to ""
-- Up-to-date: /home/jeni/astra_s/install/astra_camera_msgs/include/astra_camera_msgs
-- Up-to-date: /home/jeni/astra_s/install/astra_camera_msgs/include/astra_camera_msgs/srv
-- Up-to-date: /home/jeni/astra_s/install/astra_camera_msgs/include/astra_camera_msgs/srv/detail
-- Installing: /home/jeni/astra_s/install/astra_camera_msgs/include/astra_camera_msgs/srv/detail/get_camera_params__type_support.c
-- Installing: /home/jeni/astra_s/install/astra_camera_msgs/include/astra_camera_msgs/srv/detail/get_int32__type_support.c
-- Installing: /home/jeni/astra_s/install/astra_camera_msgs/include/astra_camera_msgs/srv/detail/get_string__rosidl_typesupport_introspection_c.h
-- Installing: /home/jeni/astra_s/install/astra_camera_msgs/include/astra_camera_msgs/srv/detail/get_device_info__type_support.c
-- Installing: /home/jeni/astra_s/install/astra_camera_msgs/include/astra_camera_msgs/srv/detail/set_int32__rosidl_typesupport_introspection_c.h
-- Installing: /home/jeni/astra_s/install/astra_camera_msgs/include/astra_camera_msgs/srv/detail/get_device_info__rosidl_typesupport_introspection_c.h
-- Installing: /home/jeni/astra_s/install/astra_camera_msgs/include/astra_camera_msgs/srv/detail/get_camera_info__type_support.c
-- Installing: /home/jeni/astra_s/install/astra_camera_msgs/include/astra_camera_msgs/srv/detail/get_camera_info__rosidl_typesupport_introspection_c.h
-- Installing: /home/jeni/astra_s/install/astra_camera_msgs/include/astra_camera_msgs/srv/detail/get_string__type_support.c
-- Installing: /home/jeni/astra_s/install/astra_camera_msgs/include/astra_camera_msgs/srv/detail/get_camera_params__rosidl_typesupport_introspection_c.h
-- Installing: /home/jeni/astra_s/install/astra_camera_msgs/include/astra_camera_msgs/srv/detail/get_int32__rosidl_typesupport_introspection_c.h
-- Installing: /home/jeni/astra_s/install/astra_camera_msgs/include/astra_camera_msgs/srv/detail/set_int32__type_support.c
-- Up-to-date: /home/jeni/astra_s/install/astra_camera_msgs/include/astra_camera_msgs/msg
-- Installing: /home/jeni/astra_s/install/astra_camera_msgs/include/astra_camera_msgs/msg/rosidl_typesupport_introspection_c__visibility_control.h
-- Up-to-date: /home/jeni/astra_s/install/astra_camera_msgs/include/astra_camera_msgs/msg/detail
-- Installing: /home/jeni/astra_s/install/astra_camera_msgs/include/astra_camera_msgs/msg/detail/metadata__type_support.c
-- Installing: /home/jeni/astra_s/install/astra_camera_msgs/include/astra_camera_msgs/msg/detail/device_info__rosidl_typesupport_introspection_c.h
-- Installing: /home/jeni/astra_s/install/astra_camera_msgs/include/astra_camera_msgs/msg/detail/extrinsics__rosidl_typesupport_introspection_c.h
-- Installing: /home/jeni/astra_s/install/astra_camera_msgs/include/astra_camera_msgs/msg/detail/metadata__rosidl_typesupport_introspection_c.h
-- Installing: /home/jeni/astra_s/install/astra_camera_msgs/include/astra_camera_msgs/msg/detail/extrinsics__type_support.c
-- Installing: /home/jeni/astra_s/install/astra_camera_msgs/include/astra_camera_msgs/msg/detail/device_info__type_support.c
-- Installing: /home/jeni/astra_s/install/astra_camera_msgs/lib/libastra_camera_msgs__rosidl_typesupport_introspection_c.so
-- Set runtime path of "/home/jeni/astra_s/install/astra_camera_msgs/lib/libastra_camera_msgs__rosidl_typesupport_introspection_c.so" to ""
-- Installing: /home/jeni/astra_s/install/astra_camera_msgs/lib/libastra_camera_msgs__rosidl_typesupport_c.so
-- Set runtime path of "/home/jeni/astra_s/install/astra_camera_msgs/lib/libastra_camera_msgs__rosidl_typesupport_c.so" to ""
-- Up-to-date: /home/jeni/astra_s/install/astra_camera_msgs/include/astra_camera_msgs
-- Up-to-date: /home/jeni/astra_s/install/astra_camera_msgs/include/astra_camera_msgs/srv
-- Installing: /home/jeni/astra_s/install/astra_camera_msgs/include/astra_camera_msgs/srv/set_int32.hpp
-- Installing: /home/jeni/astra_s/install/astra_camera_msgs/include/astra_camera_msgs/srv/get_int32.hpp
-- Installing: /home/jeni/astra_s/install/astra_camera_msgs/include/astra_camera_msgs/srv/get_device_info.hpp
-- Up-to-date: /home/jeni/astra_s/install/astra_camera_msgs/include/astra_camera_msgs/srv/detail
-- Installing: /home/jeni/astra_s/install/astra_camera_msgs/include/astra_camera_msgs/srv/detail/get_int32__builder.hpp
-- Installing: /home/jeni/astra_s/install/astra_camera_msgs/include/astra_camera_msgs/srv/detail/get_camera_params__struct.hpp
-- Installing: /home/jeni/astra_s/install/astra_camera_msgs/include/astra_camera_msgs/srv/detail/get_device_info__traits.hpp
-- Installing: /home/jeni/astra_s/install/astra_camera_msgs/include/astra_camera_msgs/srv/detail/get_camera_params__traits.hpp
-- Installing: /home/jeni/astra_s/install/astra_camera_msgs/include/astra_camera_msgs/srv/detail/get_int32__traits.hpp
-- Installing: /home/jeni/astra_s/install/astra_camera_msgs/include/astra_camera_msgs/srv/detail/get_string__traits.hpp
-- Installing: /home/jeni/astra_s/install/astra_camera_msgs/include/astra_camera_msgs/srv/detail/get_device_info__type_support.hpp
-- Installing: /home/jeni/astra_s/install/astra_camera_msgs/include/astra_camera_msgs/srv/detail/get_camera_info__builder.hpp
-- Installing: /home/jeni/astra_s/install/astra_camera_msgs/include/astra_camera_msgs/srv/detail/get_camera_info__struct.hpp
-- Installing: /home/jeni/astra_s/install/astra_camera_msgs/include/astra_camera_msgs/srv/detail/set_int32__traits.hpp
-- Installing: /home/jeni/astra_s/install/astra_camera_msgs/include/astra_camera_msgs/srv/detail/get_camera_params__type_support.hpp
-- Installing: /home/jeni/astra_s/install/astra_camera_msgs/include/astra_camera_msgs/srv/detail/set_int32__struct.hpp
-- Installing: /home/jeni/astra_s/install/astra_camera_msgs/include/astra_camera_msgs/srv/detail/get_device_info__builder.hpp
-- Installing: /home/jeni/astra_s/install/astra_camera_msgs/include/astra_camera_msgs/srv/detail/get_camera_params__builder.hpp
-- Installing: /home/jeni/astra_s/install/astra_camera_msgs/include/astra_camera_msgs/srv/detail/get_int32__type_support.hpp
-- Installing: /home/jeni/astra_s/install/astra_camera_msgs/include/astra_camera_msgs/srv/detail/get_int32__struct.hpp
-- Installing: /home/jeni/astra_s/install/astra_camera_msgs/include/astra_camera_msgs/srv/detail/get_camera_info__traits.hpp
-- Installing: /home/jeni/astra_s/install/astra_camera_msgs/include/astra_camera_msgs/srv/detail/get_string__struct.hpp
-- Installing: /home/jeni/astra_s/install/astra_camera_msgs/include/astra_camera_msgs/srv/detail/get_string__builder.hpp
-- Installing: /home/jeni/astra_s/install/astra_camera_msgs/include/astra_camera_msgs/srv/detail/get_device_info__struct.hpp
-- Installing: /home/jeni/astra_s/install/astra_camera_msgs/include/astra_camera_msgs/srv/detail/get_string__type_support.hpp
-- Installing: /home/jeni/astra_s/install/astra_camera_msgs/include/astra_camera_msgs/srv/detail/set_int32__type_support.hpp
-- Installing: /home/jeni/astra_s/install/astra_camera_msgs/include/astra_camera_msgs/srv/detail/set_int32__builder.hpp
-- Installing: /home/jeni/astra_s/install/astra_camera_msgs/include/astra_camera_msgs/srv/detail/get_camera_info__type_support.hpp
-- Installing: /home/jeni/astra_s/install/astra_camera_msgs/include/astra_camera_msgs/srv/get_camera_info.hpp
-- Installing: /home/jeni/astra_s/install/astra_camera_msgs/include/astra_camera_msgs/srv/get_string.hpp
-- Installing: /home/jeni/astra_s/install/astra_camera_msgs/include/astra_camera_msgs/srv/get_camera_params.hpp
-- Up-to-date: /home/jeni/astra_s/install/astra_camera_msgs/include/astra_camera_msgs/msg
-- Installing: /home/jeni/astra_s/install/astra_camera_msgs/include/astra_camera_msgs/msg/metadata.hpp
-- Installing: /home/jeni/astra_s/install/astra_camera_msgs/include/astra_camera_msgs/msg/rosidl_generator_cpp__visibility_control.hpp
-- Installing: /home/jeni/astra_s/install/astra_camera_msgs/include/astra_camera_msgs/msg/extrinsics.hpp
-- Up-to-date: /home/jeni/astra_s/install/astra_camera_msgs/include/astra_camera_msgs/msg/detail
-- Installing: /home/jeni/astra_s/install/astra_camera_msgs/include/astra_camera_msgs/msg/detail/metadata__struct.hpp
-- Installing: /home/jeni/astra_s/install/astra_camera_msgs/include/astra_camera_msgs/msg/detail/extrinsics__builder.hpp
-- Installing: /home/jeni/astra_s/install/astra_camera_msgs/include/astra_camera_msgs/msg/detail/extrinsics__traits.hpp
-- Installing: /home/jeni/astra_s/install/astra_camera_msgs/include/astra_camera_msgs/msg/detail/device_info__builder.hpp
-- Installing: /home/jeni/astra_s/install/astra_camera_msgs/include/astra_camera_msgs/msg/detail/device_info__struct.hpp
-- Installing: /home/jeni/astra_s/install/astra_camera_msgs/include/astra_camera_msgs/msg/detail/metadata__builder.hpp
-- Installing: /home/jeni/astra_s/install/astra_camera_msgs/include/astra_camera_msgs/msg/detail/extrinsics__type_support.hpp
-- Installing: /home/jeni/astra_s/install/astra_camera_msgs/include/astra_camera_msgs/msg/detail/metadata__traits.hpp
-- Installing: /home/jeni/astra_s/install/astra_camera_msgs/include/astra_camera_msgs/msg/detail/metadata__type_support.hpp
-- Installing: /home/jeni/astra_s/install/astra_camera_msgs/include/astra_camera_msgs/msg/detail/device_info__traits.hpp
-- Installing: /home/jeni/astra_s/install/astra_camera_msgs/include/astra_camera_msgs/msg/detail/device_info__type_support.hpp
-- Installing: /home/jeni/astra_s/install/astra_camera_msgs/include/astra_camera_msgs/msg/detail/extrinsics__struct.hpp
-- Installing: /home/jeni/astra_s/install/astra_camera_msgs/include/astra_camera_msgs/msg/device_info.hpp
-- Up-to-date: /home/jeni/astra_s/install/astra_camera_msgs/include/astra_camera_msgs
-- Up-to-date: /home/jeni/astra_s/install/astra_camera_msgs/include/astra_camera_msgs/srv
-- Up-to-date: /home/jeni/astra_s/install/astra_camera_msgs/include/astra_camera_msgs/srv/detail
-- Installing: /home/jeni/astra_s/install/astra_camera_msgs/include/astra_camera_msgs/srv/detail/get_camera_info__type_support.cpp
-- Installing: /home/jeni/astra_s/install/astra_camera_msgs/include/astra_camera_msgs/srv/detail/get_int32__type_support.cpp
-- Installing: /home/jeni/astra_s/install/astra_camera_msgs/include/astra_camera_msgs/srv/detail/get_camera_params__type_support.cpp
-- Installing: /home/jeni/astra_s/install/astra_camera_msgs/include/astra_camera_msgs/srv/detail/get_string__type_support.cpp
-- Installing: /home/jeni/astra_s/install/astra_camera_msgs/include/astra_camera_msgs/srv/detail/get_string__rosidl_typesupport_introspection_cpp.hpp
-- Installing: /home/jeni/astra_s/install/astra_camera_msgs/include/astra_camera_msgs/srv/detail/get_camera_info__rosidl_typesupport_introspection_cpp.hpp
-- Installing: /home/jeni/astra_s/install/astra_camera_msgs/include/astra_camera_msgs/srv/detail/set_int32__type_support.cpp
-- Installing: /home/jeni/astra_s/install/astra_camera_msgs/include/astra_camera_msgs/srv/detail/get_device_info__type_support.cpp
-- Installing: /home/jeni/astra_s/install/astra_camera_msgs/include/astra_camera_msgs/srv/detail/get_device_info__rosidl_typesupport_introspection_cpp.hpp
-- Installing: /home/jeni/astra_s/install/astra_camera_msgs/include/astra_camera_msgs/srv/detail/set_int32__rosidl_typesupport_introspection_cpp.hpp
-- Installing: /home/jeni/astra_s/install/astra_camera_msgs/include/astra_camera_msgs/srv/detail/get_int32__rosidl_typesupport_introspection_cpp.hpp
-- Installing: /home/jeni/astra_s/install/astra_camera_msgs/include/astra_camera_msgs/srv/detail/get_camera_params__rosidl_typesupport_introspection_cpp.hpp
-- Up-to-date: /home/jeni/astra_s/install/astra_camera_msgs/include/astra_camera_msgs/msg
-- Up-to-date: /home/jeni/astra_s/install/astra_camera_msgs/include/astra_camera_msgs/msg/detail
-- Installing: /home/jeni/astra_s/install/astra_camera_msgs/include/astra_camera_msgs/msg/detail/device_info__rosidl_typesupport_introspection_cpp.hpp
-- Installing: /home/jeni/astra_s/install/astra_camera_msgs/include/astra_camera_msgs/msg/detail/metadata__rosidl_typesupport_introspection_cpp.hpp
-- Installing: /home/jeni/astra_s/install/astra_camera_msgs/include/astra_camera_msgs/msg/detail/extrinsics__rosidl_typesupport_introspection_cpp.hpp
-- Installing: /home/jeni/astra_s/install/astra_camera_msgs/include/astra_camera_msgs/msg/detail/device_info__type_support.cpp
-- Installing: /home/jeni/astra_s/install/astra_camera_msgs/include/astra_camera_msgs/msg/detail/extrinsics__type_support.cpp
-- Installing: /home/jeni/astra_s/install/astra_camera_msgs/include/astra_camera_msgs/msg/detail/metadata__type_support.cpp
-- Installing: /home/jeni/astra_s/install/astra_camera_msgs/lib/libastra_camera_msgs__rosidl_typesupport_introspection_cpp.so
-- Set runtime path of "/home/jeni/astra_s/install/astra_camera_msgs/lib/libastra_camera_msgs__rosidl_typesupport_introspection_cpp.so" to ""
-- Installing: /home/jeni/astra_s/install/astra_camera_msgs/lib/libastra_camera_msgs__rosidl_typesupport_cpp.so
-- Set runtime path of "/home/jeni/astra_s/install/astra_camera_msgs/lib/libastra_camera_msgs__rosidl_typesupport_cpp.so" to ""
-- Installing: /home/jeni/astra_s/install/astra_camera_msgs/share/astra_camera_msgs/environment/pythonpath.sh
-- Installing: /home/jeni/astra_s/install/astra_camera_msgs/share/astra_camera_msgs/environment/pythonpath.dsv
-- Installing: /home/jeni/astra_s/install/astra_camera_msgs/lib/python3.9/site-packages/astra_camera_msgs/__init__.py
Compiling '/home/jeni/astra_s/install/astra_camera_msgs/lib/python3.9/site-packages/astra_camera_msgs/__init__.py'...
-- Installing: /home/jeni/astra_s/install/astra_camera_msgs/lib/python3.9/site-packages/astra_camera_msgs/msg
-- Installing: /home/jeni/astra_s/install/astra_camera_msgs/lib/python3.9/site-packages/astra_camera_msgs/msg/_metadata.py
-- Installing: /home/jeni/astra_s/install/astra_camera_msgs/lib/python3.9/site-packages/astra_camera_msgs/msg/_extrinsics_s.c
-- Installing: /home/jeni/astra_s/install/astra_camera_msgs/lib/python3.9/site-packages/astra_camera_msgs/msg/_extrinsics.py
-- Installing: /home/jeni/astra_s/install/astra_camera_msgs/lib/python3.9/site-packages/astra_camera_msgs/msg/__init__.py
-- Installing: /home/jeni/astra_s/install/astra_camera_msgs/lib/python3.9/site-packages/astra_camera_msgs/msg/_device_info_s.c
-- Installing: /home/jeni/astra_s/install/astra_camera_msgs/lib/python3.9/site-packages/astra_camera_msgs/msg/_metadata_s.c
-- Installing: /home/jeni/astra_s/install/astra_camera_msgs/lib/python3.9/site-packages/astra_camera_msgs/msg/_device_info.py
-- Installing: /home/jeni/astra_s/install/astra_camera_msgs/lib/python3.9/site-packages/astra_camera_msgs/srv
-- Installing: /home/jeni/astra_s/install/astra_camera_msgs/lib/python3.9/site-packages/astra_camera_msgs/srv/_get_camera_params.py
-- Installing: /home/jeni/astra_s/install/astra_camera_msgs/lib/python3.9/site-packages/astra_camera_msgs/srv/_get_string_s.c
-- Installing: /home/jeni/astra_s/install/astra_camera_msgs/lib/python3.9/site-packages/astra_camera_msgs/srv/_get_camera_info.py
-- Installing: /home/jeni/astra_s/install/astra_camera_msgs/lib/python3.9/site-packages/astra_camera_msgs/srv/_set_int32.py
-- Installing: /home/jeni/astra_s/install/astra_camera_msgs/lib/python3.9/site-packages/astra_camera_msgs/srv/_get_string.py
-- Installing: /home/jeni/astra_s/install/astra_camera_msgs/lib/python3.9/site-packages/astra_camera_msgs/srv/_set_int32_s.c
-- Installing: /home/jeni/astra_s/install/astra_camera_msgs/lib/python3.9/site-packages/astra_camera_msgs/srv/__init__.py
-- Installing: /home/jeni/astra_s/install/astra_camera_msgs/lib/python3.9/site-packages/astra_camera_msgs/srv/_get_int32_s.c
-- Installing: /home/jeni/astra_s/install/astra_camera_msgs/lib/python3.9/site-packages/astra_camera_msgs/srv/_get_camera_params_s.c
-- Installing: /home/jeni/astra_s/install/astra_camera_msgs/lib/python3.9/site-packages/astra_camera_msgs/srv/_get_camera_info_s.c
-- Installing: /home/jeni/astra_s/install/astra_camera_msgs/lib/python3.9/site-packages/astra_camera_msgs/srv/_get_device_info.py
-- Installing: /home/jeni/astra_s/install/astra_camera_msgs/lib/python3.9/site-packages/astra_camera_msgs/srv/_get_device_info_s.c
-- Installing: /home/jeni/astra_s/install/astra_camera_msgs/lib/python3.9/site-packages/astra_camera_msgs/srv/_get_int32.py
-- Installing: /home/jeni/astra_s/install/astra_camera_msgs/lib/python3.9/site-packages/astra_camera_msgs/astra_camera_msgs_s__rosidl_typesupport_fastrtps_c.cpython-39-x86_64-linux-gnu.so
-- Set runtime path of "/home/jeni/astra_s/install/astra_camera_msgs/lib/python3.9/site-packages/astra_camera_msgs/astra_camera_msgs_s__rosidl_typesupport_fastrtps_c.cpython-39-x86_64-linux-gnu.so" to ""
-- Installing: /home/jeni/astra_s/install/astra_camera_msgs/lib/python3.9/site-packages/astra_camera_msgs/astra_camera_msgs_s__rosidl_typesupport_introspection_c.cpython-39-x86_64-linux-gnu.so
-- Set runtime path of "/home/jeni/astra_s/install/astra_camera_msgs/lib/python3.9/site-packages/astra_camera_msgs/astra_camera_msgs_s__rosidl_typesupport_introspection_c.cpython-39-x86_64-linux-gnu.so" to ""
-- Installing: /home/jeni/astra_s/install/astra_camera_msgs/lib/python3.9/site-packages/astra_camera_msgs/astra_camera_msgs_s__rosidl_typesupport_c.cpython-39-x86_64-linux-gnu.so
-- Set runtime path of "/home/jeni/astra_s/install/astra_camera_msgs/lib/python3.9/site-packages/astra_camera_msgs/astra_camera_msgs_s__rosidl_typesupport_c.cpython-39-x86_64-linux-gnu.so" to ""
-- Installing: /home/jeni/astra_s/install/astra_camera_msgs/lib/libastra_camera_msgs__python.so
-- Set runtime path of "/home/jeni/astra_s/install/astra_camera_msgs/lib/libastra_camera_msgs__python.so" to ""
-- Installing: /home/jeni/astra_s/install/astra_camera_msgs/share/astra_camera_msgs/msg/DeviceInfo.idl
-- Installing: /home/jeni/astra_s/install/astra_camera_msgs/share/astra_camera_msgs/msg/Extrinsics.idl
-- Installing: /home/jeni/astra_s/install/astra_camera_msgs/share/astra_camera_msgs/msg/Metadata.idl
-- Installing: /home/jeni/astra_s/install/astra_camera_msgs/share/astra_camera_msgs/srv/GetDeviceInfo.idl
-- Installing: /home/jeni/astra_s/install/astra_camera_msgs/share/astra_camera_msgs/srv/GetCameraInfo.idl
-- Installing: /home/jeni/astra_s/install/astra_camera_msgs/share/astra_camera_msgs/srv/GetCameraParams.idl
-- Installing: /home/jeni/astra_s/install/astra_camera_msgs/share/astra_camera_msgs/srv/GetInt32.idl
-- Installing: /home/jeni/astra_s/install/astra_camera_msgs/share/astra_camera_msgs/srv/GetString.idl
-- Installing: /home/jeni/astra_s/install/astra_camera_msgs/share/astra_camera_msgs/srv/SetInt32.idl
-- Installing: /home/jeni/astra_s/install/astra_camera_msgs/share/astra_camera_msgs/msg/DeviceInfo.msg
-- Installing: /home/jeni/astra_s/install/astra_camera_msgs/share/astra_camera_msgs/msg/Extrinsics.msg
-- Installing: /home/jeni/astra_s/install/astra_camera_msgs/share/astra_camera_msgs/msg/Metadata.msg
-- Installing: /home/jeni/astra_s/install/astra_camera_msgs/share/astra_camera_msgs/srv/GetDeviceInfo.srv
-- Installing: /home/jeni/astra_s/install/astra_camera_msgs/share/astra_camera_msgs/srv/GetDeviceInfo_Request.msg
-- Installing: /home/jeni/astra_s/install/astra_camera_msgs/share/astra_camera_msgs/srv/GetDeviceInfo_Response.msg
-- Installing: /home/jeni/astra_s/install/astra_camera_msgs/share/astra_camera_msgs/srv/GetCameraInfo.srv
-- Installing: /home/jeni/astra_s/install/astra_camera_msgs/share/astra_camera_msgs/srv/GetCameraInfo_Request.msg
-- Installing: /home/jeni/astra_s/install/astra_camera_msgs/share/astra_camera_msgs/srv/GetCameraInfo_Response.msg
-- Installing: /home/jeni/astra_s/install/astra_camera_msgs/share/astra_camera_msgs/srv/GetCameraParams.srv
-- Installing: /home/jeni/astra_s/install/astra_camera_msgs/share/astra_camera_msgs/srv/GetCameraParams_Request.msg
-- Installing: /home/jeni/astra_s/install/astra_camera_msgs/share/astra_camera_msgs/srv/GetCameraParams_Response.msg
-- Installing: /home/jeni/astra_s/install/astra_camera_msgs/share/astra_camera_msgs/srv/GetInt32.srv
-- Installing: /home/jeni/astra_s/install/astra_camera_msgs/share/astra_camera_msgs/srv/GetInt32_Request.msg
-- Installing: /home/jeni/astra_s/install/astra_camera_msgs/share/astra_camera_msgs/srv/GetInt32_Response.msg
-- Installing: /home/jeni/astra_s/install/astra_camera_msgs/share/astra_camera_msgs/srv/GetString.srv
-- Installing: /home/jeni/astra_s/install/astra_camera_msgs/share/astra_camera_msgs/srv/GetString_Request.msg
-- Installing: /home/jeni/astra_s/install/astra_camera_msgs/share/astra_camera_msgs/srv/GetString_Response.msg
-- Installing: /home/jeni/astra_s/install/astra_camera_msgs/share/astra_camera_msgs/srv/SetInt32.srv
-- Installing: /home/jeni/astra_s/install/astra_camera_msgs/share/astra_camera_msgs/srv/SetInt32_Request.msg
-- Installing: /home/jeni/astra_s/install/astra_camera_msgs/share/astra_camera_msgs/srv/SetInt32_Response.msg
-- Installing: /home/jeni/astra_s/install/astra_camera_msgs/share/ament_index/resource_index/package_run_dependencies/astra_camera_msgs
-- Installing: /home/jeni/astra_s/install/astra_camera_msgs/share/ament_index/resource_index/parent_prefix_path/astra_camera_msgs
-- Installing: /home/jeni/astra_s/install/astra_camera_msgs/share/astra_camera_msgs/environment/ament_prefix_path.sh
-- Installing: /home/jeni/astra_s/install/astra_camera_msgs/share/astra_camera_msgs/environment/ament_prefix_path.dsv
-- Installing: /home/jeni/astra_s/install/astra_camera_msgs/share/astra_camera_msgs/environment/path.sh
-- Installing: /home/jeni/astra_s/install/astra_camera_msgs/share/astra_camera_msgs/environment/path.dsv
-- Installing: /home/jeni/astra_s/install/astra_camera_msgs/share/astra_camera_msgs/local_setup.bash
-- Installing: /home/jeni/astra_s/install/astra_camera_msgs/share/astra_camera_msgs/local_setup.sh
-- Installing: /home/jeni/astra_s/install/astra_camera_msgs/share/astra_camera_msgs/local_setup.zsh
-- Installing: /home/jeni/astra_s/install/astra_camera_msgs/share/astra_camera_msgs/local_setup.dsv
-- Installing: /home/jeni/astra_s/install/astra_camera_msgs/share/astra_camera_msgs/package.dsv
-- Installing: /home/jeni/astra_s/install/astra_camera_msgs/share/ament_index/resource_index/packages/astra_camera_msgs
-- Installing: /home/jeni/astra_s/install/astra_camera_msgs/share/astra_camera_msgs/cmake/astra_camera_msgs__rosidl_generator_cExport.cmake
-- Installing: /home/jeni/astra_s/install/astra_camera_msgs/share/astra_camera_msgs/cmake/astra_camera_msgs__rosidl_generator_cExport-release.cmake
-- Installing: /home/jeni/astra_s/install/astra_camera_msgs/share/astra_camera_msgs/cmake/astra_camera_msgs__rosidl_typesupport_introspection_cExport.cmake
-- Installing: /home/jeni/astra_s/install/astra_camera_msgs/share/astra_camera_msgs/cmake/astra_camera_msgs__rosidl_typesupport_introspection_cExport-release.cmake
-- Installing: /home/jeni/astra_s/install/astra_camera_msgs/share/astra_camera_msgs/cmake/astra_camera_msgs__rosidl_typesupport_cExport.cmake
-- Installing: /home/jeni/astra_s/install/astra_camera_msgs/share/astra_camera_msgs/cmake/astra_camera_msgs__rosidl_typesupport_cExport-release.cmake
-- Installing: /home/jeni/astra_s/install/astra_camera_msgs/share/astra_camera_msgs/cmake/astra_camera_msgs__rosidl_generator_cppExport.cmake
-- Installing: /home/jeni/astra_s/install/astra_camera_msgs/share/astra_camera_msgs/cmake/astra_camera_msgs__rosidl_typesupport_introspection_cppExport.cmake
-- Installing: /home/jeni/astra_s/install/astra_camera_msgs/share/astra_camera_msgs/cmake/astra_camera_msgs__rosidl_typesupport_introspection_cppExport-release.cmake
-- Installing: /home/jeni/astra_s/install/astra_camera_msgs/share/astra_camera_msgs/cmake/astra_camera_msgs__rosidl_typesupport_cppExport.cmake
-- Installing: /home/jeni/astra_s/install/astra_camera_msgs/share/astra_camera_msgs/cmake/astra_camera_msgs__rosidl_typesupport_cppExport-release.cmake
-- Installing: /home/jeni/astra_s/install/astra_camera_msgs/share/astra_camera_msgs/cmake/rosidl_cmake-extras.cmake
-- Installing: /home/jeni/astra_s/install/astra_camera_msgs/share/astra_camera_msgs/cmake/ament_cmake_export_dependencies-extras.cmake
-- Installing: /home/jeni/astra_s/install/astra_camera_msgs/share/astra_camera_msgs/cmake/ament_cmake_export_libraries-extras.cmake
-- Installing: /home/jeni/astra_s/install/astra_camera_msgs/share/astra_camera_msgs/cmake/ament_cmake_export_targets-extras.cmake
-- Installing: /home/jeni/astra_s/install/astra_camera_msgs/share/astra_camera_msgs/cmake/ament_cmake_export_include_directories-extras.cmake
-- Installing: /home/jeni/astra_s/install/astra_camera_msgs/share/astra_camera_msgs/cmake/rosidl_cmake_export_typesupport_libraries-extras.cmake
-- Installing: /home/jeni/astra_s/install/astra_camera_msgs/share/astra_camera_msgs/cmake/rosidl_cmake_export_typesupport_targets-extras.cmake
-- Installing: /home/jeni/astra_s/install/astra_camera_msgs/share/astra_camera_msgs/cmake/astra_camera_msgsConfig.cmake
-- Installing: /home/jeni/astra_s/install/astra_camera_msgs/share/astra_camera_msgs/cmake/astra_camera_msgsConfig-version.cmake
-- Installing: /home/jeni/astra_s/install/astra_camera_msgs/share/astra_camera_msgs/package.xml
