[0.489s] Invoking command in '/home/jeni/astra_s/build/astra_camera_msgs': CMAKE_PREFIX_PATH=/opt/ros/foxy CONDA_PROMPT_MODIFIER=(base) /usr/bin/cmake /home/jeni/astra_s/src/ros2_astra_camera/astra_camera_msgs -DCMAKE_BUILD_TYPE=Release -DCMAKE_INSTALL_PREFIX=/home/jeni/astra_s/install/astra_camera_msgs
[0.518s] -- The C compiler identification is GNU 9.4.0
[0.548s] -- The CXX compiler identification is GNU 9.4.0
[0.551s] -- Check for working C compiler: /usr/bin/cc
[0.587s] -- Check for working C compiler: /usr/bin/cc -- works
[0.588s] -- Detecting C compiler ABI info
[0.625s] -- Detecting C compiler ABI info - done
[0.631s] -- Detecting C compile features
[0.631s] -- Detecting C compile features - done
[0.633s] -- Check for working CXX compiler: /usr/bin/c++
[0.677s] -- Check for working CXX compiler: /usr/bin/c++ -- works
[0.678s] -- Detecting CXX compiler ABI info
[0.748s] -- Detecting CXX compiler ABI info - done
[0.759s] -- Detecting CXX compile features
[0.760s] -- Detecting CXX compile features - done
[0.762s] -- Found ament_cmake: 0.9.12 (/opt/ros/foxy/share/ament_cmake/cmake)
[0.794s] -- Found PythonInterp: /home/jeni/anaconda3/bin/python3 (found suitable version "3.9.7", minimum required is "3") 
[0.794s] -- Using PYTHON_EXECUTABLE: /home/jeni/anaconda3/bin/python3
[1.019s] -- Found rosidl_default_generators: 1.0.1 (/opt/ros/foxy/share/rosidl_default_generators/cmake)
[1.026s] -- Using all available rosidl_typesupport_c: rosidl_typesupport_fastrtps_c;rosidl_typesupport_introspection_c
[1.027s] -- Found rosidl_adapter: 1.3.1 (/opt/ros/foxy/share/rosidl_adapter/cmake)
[1.129s] -- Found OpenSSL: /usr/lib/x86_64-linux-gnu/libcrypto.so (found version "1.1.1f")  
[1.153s] -- Found FastRTPS: /opt/ros/foxy/include  
[1.214s] -- Using all available rosidl_typesupport_cpp: rosidl_typesupport_fastrtps_cpp;rosidl_typesupport_introspection_cpp
[1.229s] -- Found sensor_msgs: 2.0.5 (/opt/ros/foxy/share/sensor_msgs/cmake)
[1.364s] -- Found PythonInterp: /home/jeni/anaconda3/bin/python3 (found version "3.9.7") 
[1.544s] -- Found ament_cmake_ros: 0.9.2 (/opt/ros/foxy/share/ament_cmake_ros/cmake)
[1.716s] -- Using all available rosidl_typesupport_c: rosidl_typesupport_fastrtps_c;rosidl_typesupport_introspection_c
[1.799s] -- Using all available rosidl_typesupport_cpp: rosidl_typesupport_fastrtps_cpp;rosidl_typesupport_introspection_cpp
[1.818s] -- Found PythonInterp: /home/jeni/anaconda3/bin/python3 (found suitable version "3.9.7", minimum required is "3.5") 
[1.819s] -- Found python_cmake_module: 0.8.1 (/opt/ros/foxy/share/python_cmake_module/cmake)
[1.838s] -- Found PythonLibs: /home/jeni/anaconda3/lib/libpython3.9.so (found suitable version "3.9.7", minimum required is "3.5") 
[1.838s] -- Using PYTHON_EXECUTABLE: /home/jeni/anaconda3/bin/python3
[1.838s] -- Using PYTHON_INCLUDE_DIRS: /home/jeni/anaconda3/include/python3.9
[1.838s] -- Using PYTHON_LIBRARIES: /home/jeni/anaconda3/lib/libpython3.9.so
[1.855s] -- Found PythonExtra: .so  
[2.032s] -- Using numpy include directory: /home/jeni/anaconda3/lib/python3.9/site-packages/numpy/core/include
[2.045s] -- Found ament_lint_auto: 0.9.8 (/opt/ros/foxy/share/ament_lint_auto/cmake)
[2.055s] -- Added test 'copyright' to check source files copyright and LICENSE
[2.055s] -- Added test 'lint_cmake' to check CMake code style
[2.056s] -- Added test 'xmllint' to check XML markup files
[2.059s] -- Configuring done
[2.067s] CMake Warning at /opt/ros/foxy/share/rosidl_generator_py/cmake/rosidl_generator_py_generate_interfaces.cmake:235 (add_library):
[2.067s]   Cannot generate a safe runtime search path for target
[2.068s]   astra_camera_msgs__rosidl_typesupport_fastrtps_c__pyext because files in
[2.068s]   some directories may conflict with libraries in implicit directories:
[2.068s] 
[2.068s]     runtime library [libssl.so.1.1] in /usr/lib/x86_64-linux-gnu may be hidden by files in:
[2.068s]       /home/jeni/anaconda3/lib
[2.068s]     runtime library [libcrypto.so.1.1] in /usr/lib/x86_64-linux-gnu may be hidden by files in:
[2.068s]       /home/jeni/anaconda3/lib
[2.068s] 
[2.068s]   Some of these libraries may not be found correctly.
[2.068s] Call Stack (most recent call first):
[2.068s]   /opt/ros/foxy/share/ament_cmake_core/cmake/core/ament_execute_extensions.cmake:48 (include)
[2.068s]   /opt/ros/foxy/share/rosidl_cmake/cmake/rosidl_generate_interfaces.cmake:286 (ament_execute_extensions)
[2.068s]   CMakeLists.txt:17 (rosidl_generate_interfaces)
[2.068s] 
[2.068s] 
[2.106s] -- Generating done
[2.109s] -- Build files have been written to: /home/jeni/astra_s/build/astra_camera_msgs
[2.118s] Invoked command in '/home/jeni/astra_s/build/astra_camera_msgs' returned '0': CMAKE_PREFIX_PATH=/opt/ros/foxy CONDA_PROMPT_MODIFIER=(base) /usr/bin/cmake /home/jeni/astra_s/src/ros2_astra_camera/astra_camera_msgs -DCMAKE_BUILD_TYPE=Release -DCMAKE_INSTALL_PREFIX=/home/jeni/astra_s/install/astra_camera_msgs
[2.119s] Invoking command in '/home/jeni/astra_s/build/astra_camera_msgs': CMAKE_PREFIX_PATH=/opt/ros/foxy CONDA_PROMPT_MODIFIER=(base) /usr/bin/cmake --build /home/jeni/astra_s/build/astra_camera_msgs -- -j20 -l20
[2.145s] [  1%] [34m[1mGenerating C code for ROS interfaces[0m
[2.145s] [35m[1mScanning dependencies of target astra_camera_msgs__cpp[0m
[2.152s] [  2%] [34m[1mGenerating C++ code for ROS interfaces[0m
[2.586s] [  2%] Built target astra_camera_msgs__cpp
[2.595s] [  3%] [34m[1mGenerating C++ introspection for ROS interfaces[0m
[2.599s] [  4%] [34m[1mGenerating C++ type support for eProsima Fast-RTPS[0m
[2.599s] [  5%] [34m[1mGenerating C++ type support dispatch for ROS interfaces[0m
[2.619s] [35m[1mScanning dependencies of target astra_camera_msgs__rosidl_generator_c[0m
[2.631s] [  6%] [32mBuilding C object CMakeFiles/astra_camera_msgs__rosidl_generator_c.dir/rosidl_generator_c/astra_camera_msgs/msg/detail/device_info__functions.c.o[0m
[2.632s] [  7%] [32mBuilding C object CMakeFiles/astra_camera_msgs__rosidl_generator_c.dir/rosidl_generator_c/astra_camera_msgs/msg/detail/extrinsics__functions.c.o[0m
[2.632s] [  8%] [32mBuilding C object CMakeFiles/astra_camera_msgs__rosidl_generator_c.dir/rosidl_generator_c/astra_camera_msgs/srv/detail/get_camera_info__functions.c.o[0m
[2.633s] [  9%] [32mBuilding C object CMakeFiles/astra_camera_msgs__rosidl_generator_c.dir/rosidl_generator_c/astra_camera_msgs/srv/detail/get_camera_params__functions.c.o[0m
[2.633s] [ 12%] [32mBuilding C object CMakeFiles/astra_camera_msgs__rosidl_generator_c.dir/rosidl_generator_c/astra_camera_msgs/srv/detail/get_string__functions.c.o[0m
[2.633s] [ 12%] [32mBuilding C object CMakeFiles/astra_camera_msgs__rosidl_generator_c.dir/rosidl_generator_c/astra_camera_msgs/srv/detail/get_device_info__functions.c.o[0m
[2.633s] [ 12%] [32mBuilding C object CMakeFiles/astra_camera_msgs__rosidl_generator_c.dir/rosidl_generator_c/astra_camera_msgs/msg/detail/metadata__functions.c.o[0m
[2.633s] [ 13%] [32mBuilding C object CMakeFiles/astra_camera_msgs__rosidl_generator_c.dir/rosidl_generator_c/astra_camera_msgs/srv/detail/set_int32__functions.c.o[0m
[2.634s] [ 14%] [32mBuilding C object CMakeFiles/astra_camera_msgs__rosidl_generator_c.dir/rosidl_generator_c/astra_camera_msgs/srv/detail/get_int32__functions.c.o[0m
[2.765s] [ 15%] [32m[1mLinking C shared library libastra_camera_msgs__rosidl_generator_c.so[0m
[2.801s] [ 15%] Built target astra_camera_msgs__rosidl_generator_c
[2.811s] [ 17%] [34m[1mGenerating C introspection for ROS interfaces[0m
[2.811s] [ 17%] [34m[1mGenerating C type support dispatch for ROS interfaces[0m
[2.951s] [35m[1mScanning dependencies of target astra_camera_msgs__rosidl_typesupport_cpp[0m
[2.963s] [ 18%] [32mBuilding CXX object CMakeFiles/astra_camera_msgs__rosidl_typesupport_cpp.dir/rosidl_typesupport_cpp/astra_camera_msgs/srv/set_int32__type_support.cpp.o[0m
[2.963s] [ 21%] [32mBuilding CXX object CMakeFiles/astra_camera_msgs__rosidl_typesupport_cpp.dir/rosidl_typesupport_cpp/astra_camera_msgs/srv/get_camera_params__type_support.cpp.o[0m
[2.963s] [ 21%] [32mBuilding CXX object CMakeFiles/astra_camera_msgs__rosidl_typesupport_cpp.dir/rosidl_typesupport_cpp/astra_camera_msgs/srv/get_camera_info__type_support.cpp.o[0m
[2.963s] [ 23%] [32mBuilding CXX object CMakeFiles/astra_camera_msgs__rosidl_typesupport_cpp.dir/rosidl_typesupport_cpp/astra_camera_msgs/msg/extrinsics__type_support.cpp.o[0m
[2.963s] [ 23%] [32mBuilding CXX object CMakeFiles/astra_camera_msgs__rosidl_typesupport_cpp.dir/rosidl_typesupport_cpp/astra_camera_msgs/msg/metadata__type_support.cpp.o[0m
[2.963s] [ 24%] [32mBuilding CXX object CMakeFiles/astra_camera_msgs__rosidl_typesupport_cpp.dir/rosidl_typesupport_cpp/astra_camera_msgs/msg/device_info__type_support.cpp.o[0m
[2.963s] [ 25%] [32mBuilding CXX object CMakeFiles/astra_camera_msgs__rosidl_typesupport_cpp.dir/rosidl_typesupport_cpp/astra_camera_msgs/srv/get_int32__type_support.cpp.o[0m
[2.963s] [ 26%] [32mBuilding CXX object CMakeFiles/astra_camera_msgs__rosidl_typesupport_cpp.dir/rosidl_typesupport_cpp/astra_camera_msgs/srv/get_device_info__type_support.cpp.o[0m
[2.965s] [ 27%] [32mBuilding CXX object CMakeFiles/astra_camera_msgs__rosidl_typesupport_cpp.dir/rosidl_typesupport_cpp/astra_camera_msgs/srv/get_string__type_support.cpp.o[0m
[3.089s] [35m[1mScanning dependencies of target astra_camera_msgs__rosidl_typesupport_introspection_cpp[0m
[3.111s] [ 28%] [32mBuilding CXX object CMakeFiles/astra_camera_msgs__rosidl_typesupport_introspection_cpp.dir/rosidl_typesupport_introspection_cpp/astra_camera_msgs/msg/detail/device_info__type_support.cpp.o[0m
[3.114s] [ 29%] [32mBuilding CXX object CMakeFiles/astra_camera_msgs__rosidl_typesupport_introspection_cpp.dir/rosidl_typesupport_introspection_cpp/astra_camera_msgs/msg/detail/extrinsics__type_support.cpp.o[0m
[3.122s] [ 30%] [32mBuilding CXX object CMakeFiles/astra_camera_msgs__rosidl_typesupport_introspection_cpp.dir/rosidl_typesupport_introspection_cpp/astra_camera_msgs/srv/detail/get_device_info__type_support.cpp.o[0m
[3.136s] [ 31%] [32mBuilding CXX object CMakeFiles/astra_camera_msgs__rosidl_typesupport_introspection_cpp.dir/rosidl_typesupport_introspection_cpp/astra_camera_msgs/msg/detail/metadata__type_support.cpp.o[0m
[3.148s] [ 32%] [32mBuilding CXX object CMakeFiles/astra_camera_msgs__rosidl_typesupport_introspection_cpp.dir/rosidl_typesupport_introspection_cpp/astra_camera_msgs/srv/detail/get_int32__type_support.cpp.o[0m
[3.148s] [ 33%] [32mBuilding CXX object CMakeFiles/astra_camera_msgs__rosidl_typesupport_introspection_cpp.dir/rosidl_typesupport_introspection_cpp/astra_camera_msgs/srv/detail/get_camera_info__type_support.cpp.o[0m
[3.156s] [ 34%] [32mBuilding CXX object CMakeFiles/astra_camera_msgs__rosidl_typesupport_introspection_cpp.dir/rosidl_typesupport_introspection_cpp/astra_camera_msgs/srv/detail/get_camera_params__type_support.cpp.o[0m
[3.181s] [35m[1mScanning dependencies of target astra_camera_msgs__rosidl_typesupport_fastrtps_cpp[0m
[3.182s] [ 35%] [32mBuilding CXX object CMakeFiles/astra_camera_msgs__rosidl_typesupport_introspection_cpp.dir/rosidl_typesupport_introspection_cpp/astra_camera_msgs/srv/detail/get_string__type_support.cpp.o[0m
[3.217s] [ 36%] [32mBuilding CXX object CMakeFiles/astra_camera_msgs__rosidl_typesupport_introspection_cpp.dir/rosidl_typesupport_introspection_cpp/astra_camera_msgs/srv/detail/set_int32__type_support.cpp.o[0m
[3.225s] [ 37%] [32mBuilding CXX object CMakeFiles/astra_camera_msgs__rosidl_typesupport_fastrtps_cpp.dir/rosidl_typesupport_fastrtps_cpp/astra_camera_msgs/msg/detail/dds_fastrtps/extrinsics__type_support.cpp.o[0m
[3.232s] [ 38%] [32mBuilding CXX object CMakeFiles/astra_camera_msgs__rosidl_typesupport_fastrtps_cpp.dir/rosidl_typesupport_fastrtps_cpp/astra_camera_msgs/msg/detail/dds_fastrtps/device_info__type_support.cpp.o[0m
[3.233s] [ 40%] [32mBuilding CXX object CMakeFiles/astra_camera_msgs__rosidl_typesupport_fastrtps_cpp.dir/rosidl_typesupport_fastrtps_cpp/astra_camera_msgs/srv/detail/dds_fastrtps/get_device_info__type_support.cpp.o[0m
[3.234s] [ 41%] [32mBuilding CXX object CMakeFiles/astra_camera_msgs__rosidl_typesupport_fastrtps_cpp.dir/rosidl_typesupport_fastrtps_cpp/astra_camera_msgs/srv/detail/dds_fastrtps/get_camera_info__type_support.cpp.o[0m
[3.235s] [ 42%] [32mBuilding CXX object CMakeFiles/astra_camera_msgs__rosidl_typesupport_fastrtps_cpp.dir/rosidl_typesupport_fastrtps_cpp/astra_camera_msgs/srv/detail/dds_fastrtps/get_camera_params__type_support.cpp.o[0m
[3.242s] [ 43%] [32mBuilding CXX object CMakeFiles/astra_camera_msgs__rosidl_typesupport_fastrtps_cpp.dir/rosidl_typesupport_fastrtps_cpp/astra_camera_msgs/msg/detail/dds_fastrtps/metadata__type_support.cpp.o[0m
[3.250s] [ 44%] [32mBuilding CXX object CMakeFiles/astra_camera_msgs__rosidl_typesupport_fastrtps_cpp.dir/rosidl_typesupport_fastrtps_cpp/astra_camera_msgs/srv/detail/dds_fastrtps/get_int32__type_support.cpp.o[0m
[3.317s] [ 45%] [32mBuilding CXX object CMakeFiles/astra_camera_msgs__rosidl_typesupport_fastrtps_cpp.dir/rosidl_typesupport_fastrtps_cpp/astra_camera_msgs/srv/detail/dds_fastrtps/get_string__type_support.cpp.o[0m
[3.355s] [ 46%] [32m[1mLinking CXX shared library libastra_camera_msgs__rosidl_typesupport_cpp.so[0m
[3.440s] [ 47%] [32mBuilding CXX object CMakeFiles/astra_camera_msgs__rosidl_typesupport_fastrtps_cpp.dir/rosidl_typesupport_fastrtps_cpp/astra_camera_msgs/srv/detail/dds_fastrtps/set_int32__type_support.cpp.o[0m
[3.449s] [ 47%] Built target astra_camera_msgs__rosidl_typesupport_cpp
[3.461s] [35m[1mScanning dependencies of target astra_camera_msgs__rosidl_typesupport_c[0m
[3.477s] [ 48%] [32mBuilding CXX object CMakeFiles/astra_camera_msgs__rosidl_typesupport_c.dir/rosidl_typesupport_c/astra_camera_msgs/msg/device_info__type_support.cpp.o[0m
[3.477s] [ 49%] [32mBuilding CXX object CMakeFiles/astra_camera_msgs__rosidl_typesupport_c.dir/rosidl_typesupport_c/astra_camera_msgs/msg/metadata__type_support.cpp.o[0m
[3.485s] [ 50%] [32mBuilding CXX object CMakeFiles/astra_camera_msgs__rosidl_typesupport_c.dir/rosidl_typesupport_c/astra_camera_msgs/msg/extrinsics__type_support.cpp.o[0m
[3.490s] [ 51%] [32mBuilding CXX object CMakeFiles/astra_camera_msgs__rosidl_typesupport_c.dir/rosidl_typesupport_c/astra_camera_msgs/srv/get_device_info__type_support.cpp.o[0m
[3.496s] [ 52%] [32mBuilding CXX object CMakeFiles/astra_camera_msgs__rosidl_typesupport_c.dir/rosidl_typesupport_c/astra_camera_msgs/srv/get_camera_info__type_support.cpp.o[0m
[3.508s] [ 53%] [32mBuilding CXX object CMakeFiles/astra_camera_msgs__rosidl_typesupport_c.dir/rosidl_typesupport_c/astra_camera_msgs/srv/get_int32__type_support.cpp.o[0m
[3.514s] [ 54%] [32mBuilding CXX object CMakeFiles/astra_camera_msgs__rosidl_typesupport_c.dir/rosidl_typesupport_c/astra_camera_msgs/srv/get_camera_params__type_support.cpp.o[0m
[3.517s] [ 55%] [32mBuilding CXX object CMakeFiles/astra_camera_msgs__rosidl_typesupport_c.dir/rosidl_typesupport_c/astra_camera_msgs/srv/get_string__type_support.cpp.o[0m
[3.518s] [ 56%] [32mBuilding CXX object CMakeFiles/astra_camera_msgs__rosidl_typesupport_c.dir/rosidl_typesupport_c/astra_camera_msgs/srv/set_int32__type_support.cpp.o[0m
[3.572s] [ 57%] [32m[1mLinking CXX shared library libastra_camera_msgs__rosidl_typesupport_c.so[0m
[3.616s] [ 57%] Built target astra_camera_msgs__rosidl_typesupport_c
[3.635s] [35m[1mScanning dependencies of target astra_camera_msgs__rosidl_typesupport_introspection_c[0m
[3.649s] [ 61%] [32mBuilding C object CMakeFiles/astra_camera_msgs__rosidl_typesupport_introspection_c.dir/rosidl_typesupport_introspection_c/astra_camera_msgs/srv/detail/get_camera_info__type_support.c.o[0m
[3.649s] [ 62%] [32mBuilding C object CMakeFiles/astra_camera_msgs__rosidl_typesupport_introspection_c.dir/rosidl_typesupport_introspection_c/astra_camera_msgs/srv/detail/get_camera_params__type_support.c.o[0m
[3.649s] [ 61%] [32mBuilding C object CMakeFiles/astra_camera_msgs__rosidl_typesupport_introspection_c.dir/rosidl_typesupport_introspection_c/astra_camera_msgs/srv/detail/get_string__type_support.c.o[0m
[3.650s] [ 62%] [32mBuilding C object CMakeFiles/astra_camera_msgs__rosidl_typesupport_introspection_c.dir/rosidl_typesupport_introspection_c/astra_camera_msgs/msg/detail/metadata__type_support.c.o[0m
[3.650s] [ 63%] [32mBuilding C object CMakeFiles/astra_camera_msgs__rosidl_typesupport_introspection_c.dir/rosidl_typesupport_introspection_c/astra_camera_msgs/msg/detail/extrinsics__type_support.c.o[0m
[3.652s] [ 64%] [32mBuilding C object CMakeFiles/astra_camera_msgs__rosidl_typesupport_introspection_c.dir/rosidl_typesupport_introspection_c/astra_camera_msgs/msg/detail/device_info__type_support.c.o[0m
[3.654s] [ 65%] [32mBuilding C object CMakeFiles/astra_camera_msgs__rosidl_typesupport_introspection_c.dir/rosidl_typesupport_introspection_c/astra_camera_msgs/srv/detail/get_int32__type_support.c.o[0m
[3.654s] [ 66%] [32mBuilding C object CMakeFiles/astra_camera_msgs__rosidl_typesupport_introspection_c.dir/rosidl_typesupport_introspection_c/astra_camera_msgs/srv/detail/get_device_info__type_support.c.o[0m
[3.668s] [ 67%] [32mBuilding C object CMakeFiles/astra_camera_msgs__rosidl_typesupport_introspection_c.dir/rosidl_typesupport_introspection_c/astra_camera_msgs/srv/detail/set_int32__type_support.c.o[0m
[3.727s] [ 68%] [32m[1mLinking C shared library libastra_camera_msgs__rosidl_typesupport_introspection_c.so[0m
[3.749s] [ 69%] [32m[1mLinking CXX shared library libastra_camera_msgs__rosidl_typesupport_introspection_cpp.so[0m
[3.759s] [ 69%] Built target astra_camera_msgs__rosidl_typesupport_introspection_c
[3.808s] [ 69%] Built target astra_camera_msgs__rosidl_typesupport_introspection_cpp
[3.859s] [ 70%] [32m[1mLinking CXX shared library libastra_camera_msgs__rosidl_typesupport_fastrtps_cpp.so[0m
[3.918s] [ 70%] Built target astra_camera_msgs__rosidl_typesupport_fastrtps_cpp
[3.924s] [ 71%] [34m[1mGenerating C type support for eProsima Fast-RTPS[0m
[4.301s] [35m[1mScanning dependencies of target astra_camera_msgs__rosidl_typesupport_fastrtps_c[0m
[4.320s] [ 73%] [32mBuilding CXX object CMakeFiles/astra_camera_msgs__rosidl_typesupport_fastrtps_c.dir/rosidl_typesupport_fastrtps_c/astra_camera_msgs/msg/detail/device_info__type_support_c.cpp.o[0m
[4.320s] [ 73%] [32mBuilding CXX object CMakeFiles/astra_camera_msgs__rosidl_typesupport_fastrtps_c.dir/rosidl_typesupport_fastrtps_c/astra_camera_msgs/msg/detail/extrinsics__type_support_c.cpp.o[0m
[4.321s] [ 74%] [32mBuilding CXX object CMakeFiles/astra_camera_msgs__rosidl_typesupport_fastrtps_c.dir/rosidl_typesupport_fastrtps_c/astra_camera_msgs/srv/detail/set_int32__type_support_c.cpp.o[0m
[4.323s] [ 75%] [32mBuilding CXX object CMakeFiles/astra_camera_msgs__rosidl_typesupport_fastrtps_c.dir/rosidl_typesupport_fastrtps_c/astra_camera_msgs/srv/detail/get_camera_params__type_support_c.cpp.o[0m
[4.323s] [ 76%] [32mBuilding CXX object CMakeFiles/astra_camera_msgs__rosidl_typesupport_fastrtps_c.dir/rosidl_typesupport_fastrtps_c/astra_camera_msgs/srv/detail/get_int32__type_support_c.cpp.o[0m
[4.323s] [ 77%] [32mBuilding CXX object CMakeFiles/astra_camera_msgs__rosidl_typesupport_fastrtps_c.dir/rosidl_typesupport_fastrtps_c/astra_camera_msgs/srv/detail/get_string__type_support_c.cpp.o[0m
[4.323s] [ 78%] [32mBuilding CXX object CMakeFiles/astra_camera_msgs__rosidl_typesupport_fastrtps_c.dir/rosidl_typesupport_fastrtps_c/astra_camera_msgs/msg/detail/metadata__type_support_c.cpp.o[0m
[4.323s] [ 80%] [32mBuilding CXX object CMakeFiles/astra_camera_msgs__rosidl_typesupport_fastrtps_c.dir/rosidl_typesupport_fastrtps_c/astra_camera_msgs/srv/detail/get_device_info__type_support_c.cpp.o[0m
[4.323s] [ 81%] [32mBuilding CXX object CMakeFiles/astra_camera_msgs__rosidl_typesupport_fastrtps_c.dir/rosidl_typesupport_fastrtps_c/astra_camera_msgs/srv/detail/get_camera_info__type_support_c.cpp.o[0m
[4.712s] [ 82%] [32m[1mLinking CXX shared library libastra_camera_msgs__rosidl_typesupport_fastrtps_c.so[0m
[4.764s] [ 82%] Built target astra_camera_msgs__rosidl_typesupport_fastrtps_c
[4.769s] [35m[1mScanning dependencies of target astra_camera_msgs[0m
[4.776s] [ 82%] Built target astra_camera_msgs
[4.782s] [35m[1mScanning dependencies of target astra_camera_msgs__py[0m
[4.789s] [ 83%] [34m[1mGenerating Python code for ROS interfaces[0m
[5.577s] [ 83%] Built target astra_camera_msgs__py
[5.583s] [35m[1mScanning dependencies of target astra_camera_msgs__python[0m
[5.600s] [ 85%] [32mBuilding C object CMakeFiles/astra_camera_msgs__python.dir/rosidl_generator_py/astra_camera_msgs/msg/_extrinsics_s.c.o[0m
[5.600s] [ 85%] [32mBuilding C object CMakeFiles/astra_camera_msgs__python.dir/rosidl_generator_py/astra_camera_msgs/msg/_device_info_s.c.o[0m
[5.601s] [ 86%] [32mBuilding C object CMakeFiles/astra_camera_msgs__python.dir/rosidl_generator_py/astra_camera_msgs/msg/_metadata_s.c.o[0m
[5.602s] [ 87%] [32mBuilding C object CMakeFiles/astra_camera_msgs__python.dir/rosidl_generator_py/astra_camera_msgs/srv/_get_camera_info_s.c.o[0m
[5.602s] [ 89%] [32mBuilding C object CMakeFiles/astra_camera_msgs__python.dir/rosidl_generator_py/astra_camera_msgs/srv/_get_camera_params_s.c.o[0m
[5.603s] [ 89%] [32mBuilding C object CMakeFiles/astra_camera_msgs__python.dir/rosidl_generator_py/astra_camera_msgs/srv/_get_device_info_s.c.o[0m
[5.603s] [ 90%] [32mBuilding C object CMakeFiles/astra_camera_msgs__python.dir/rosidl_generator_py/astra_camera_msgs/srv/_get_string_s.c.o[0m
[5.603s] [ 91%] [32mBuilding C object CMakeFiles/astra_camera_msgs__python.dir/rosidl_generator_py/astra_camera_msgs/srv/_set_int32_s.c.o[0m
[5.604s] [ 92%] [32mBuilding C object CMakeFiles/astra_camera_msgs__python.dir/rosidl_generator_py/astra_camera_msgs/srv/_get_int32_s.c.o[0m
[5.725s] [ 93%] [32m[1mLinking C shared library rosidl_generator_py/astra_camera_msgs/libastra_camera_msgs__python.so[0m
[5.753s] [ 93%] Built target astra_camera_msgs__python
[5.759s] [35m[1mScanning dependencies of target astra_camera_msgs__rosidl_typesupport_introspection_c__pyext[0m
[5.759s] [35m[1mScanning dependencies of target astra_camera_msgs__rosidl_typesupport_fastrtps_c__pyext[0m
[5.759s] [35m[1mScanning dependencies of target astra_camera_msgs__rosidl_typesupport_c__pyext[0m
[5.771s] [ 94%] [32mBuilding C object CMakeFiles/astra_camera_msgs__rosidl_typesupport_c__pyext.dir/rosidl_generator_py/astra_camera_msgs/_astra_camera_msgs_s.ep.rosidl_typesupport_c.c.o[0m
[5.772s] [ 96%] [32mBuilding C object CMakeFiles/astra_camera_msgs__rosidl_typesupport_introspection_c__pyext.dir/rosidl_generator_py/astra_camera_msgs/_astra_camera_msgs_s.ep.rosidl_typesupport_introspection_c.c.o[0m
[5.772s] [ 96%] [32mBuilding C object CMakeFiles/astra_camera_msgs__rosidl_typesupport_fastrtps_c__pyext.dir/rosidl_generator_py/astra_camera_msgs/_astra_camera_msgs_s.ep.rosidl_typesupport_fastrtps_c.c.o[0m
[5.931s] [ 98%] [32m[1mLinking C shared library rosidl_generator_py/astra_camera_msgs/astra_camera_msgs_s__rosidl_typesupport_c.cpython-39-x86_64-linux-gnu.so[0m
[5.931s] [ 98%] [32m[1mLinking CXX shared library rosidl_generator_py/astra_camera_msgs/astra_camera_msgs_s__rosidl_typesupport_fastrtps_c.cpython-39-x86_64-linux-gnu.so[0m
[5.936s] [100%] [32m[1mLinking C shared library rosidl_generator_py/astra_camera_msgs/astra_camera_msgs_s__rosidl_typesupport_introspection_c.cpython-39-x86_64-linux-gnu.so[0m
[5.957s] [100%] Built target astra_camera_msgs__rosidl_typesupport_c__pyext
[5.962s] [100%] Built target astra_camera_msgs__rosidl_typesupport_introspection_c__pyext
[5.972s] [100%] Built target astra_camera_msgs__rosidl_typesupport_fastrtps_c__pyext
[5.980s] Invoked command in '/home/jeni/astra_s/build/astra_camera_msgs' returned '0': CMAKE_PREFIX_PATH=/opt/ros/foxy CONDA_PROMPT_MODIFIER=(base) /usr/bin/cmake --build /home/jeni/astra_s/build/astra_camera_msgs -- -j20 -l20
[6.055s] Invoking command in '/home/jeni/astra_s/build/astra_camera_msgs': CMAKE_PREFIX_PATH=/opt/ros/foxy CONDA_PROMPT_MODIFIER=(base) /usr/bin/cmake --install /home/jeni/astra_s/build/astra_camera_msgs
[6.061s] -- Install configuration: "Release"
[6.061s] -- Installing: /home/jeni/astra_s/install/astra_camera_msgs/share/ament_index/resource_index/rosidl_interfaces/astra_camera_msgs
[6.061s] -- Installing: /home/jeni/astra_s/install/astra_camera_msgs/include/astra_camera_msgs
[6.061s] -- Installing: /home/jeni/astra_s/install/astra_camera_msgs/include/astra_camera_msgs/srv
[6.061s] -- Installing: /home/jeni/astra_s/install/astra_camera_msgs/include/astra_camera_msgs/srv/get_camera_params.h
[6.061s] -- Installing: /home/jeni/astra_s/install/astra_camera_msgs/include/astra_camera_msgs/srv/get_device_info.h
[6.061s] -- Installing: /home/jeni/astra_s/install/astra_camera_msgs/include/astra_camera_msgs/srv/get_int32.h
[6.061s] -- Installing: /home/jeni/astra_s/install/astra_camera_msgs/include/astra_camera_msgs/srv/detail
[6.061s] -- Installing: /home/jeni/astra_s/install/astra_camera_msgs/include/astra_camera_msgs/srv/detail/get_string__type_support.h
[6.061s] -- Installing: /home/jeni/astra_s/install/astra_camera_msgs/include/astra_camera_msgs/srv/detail/set_int32__struct.h
[6.062s] -- Installing: /home/jeni/astra_s/install/astra_camera_msgs/include/astra_camera_msgs/srv/detail/get_int32__type_support.h
[6.062s] -- Installing: /home/jeni/astra_s/install/astra_camera_msgs/include/astra_camera_msgs/srv/detail/get_camera_info__functions.h
[6.062s] -- Installing: /home/jeni/astra_s/install/astra_camera_msgs/include/astra_camera_msgs/srv/detail/get_int32__functions.c
[6.062s] -- Installing: /home/jeni/astra_s/install/astra_camera_msgs/include/astra_camera_msgs/srv/detail/get_device_info__functions.h
[6.062s] -- Installing: /home/jeni/astra_s/install/astra_camera_msgs/include/astra_camera_msgs/srv/detail/set_int32__functions.h
[6.062s] -- Installing: /home/jeni/astra_s/install/astra_camera_msgs/include/astra_camera_msgs/srv/detail/get_camera_params__type_support.h
[6.062s] -- Installing: /home/jeni/astra_s/install/astra_camera_msgs/include/astra_camera_msgs/srv/detail/get_string__functions.c
[6.062s] -- Installing: /home/jeni/astra_s/install/astra_camera_msgs/include/astra_camera_msgs/srv/detail/get_string__struct.h
[6.062s] -- Installing: /home/jeni/astra_s/install/astra_camera_msgs/include/astra_camera_msgs/srv/detail/get_camera_params__functions.c
[6.062s] -- Installing: /home/jeni/astra_s/install/astra_camera_msgs/include/astra_camera_msgs/srv/detail/get_camera_params__struct.h
[6.062s] -- Installing: /home/jeni/astra_s/install/astra_camera_msgs/include/astra_camera_msgs/srv/detail/set_int32__type_support.h
[6.063s] -- Installing: /home/jeni/astra_s/install/astra_camera_msgs/include/astra_camera_msgs/srv/detail/get_device_info__functions.c
[6.063s] -- Installing: /home/jeni/astra_s/install/astra_camera_msgs/include/astra_camera_msgs/srv/detail/get_int32__functions.h
[6.063s] -- Installing: /home/jeni/astra_s/install/astra_camera_msgs/include/astra_camera_msgs/srv/detail/get_camera_info__functions.c
[6.063s] -- Installing: /home/jeni/astra_s/install/astra_camera_msgs/include/astra_camera_msgs/srv/detail/get_camera_info__struct.h
[6.063s] -- Installing: /home/jeni/astra_s/install/astra_camera_msgs/include/astra_camera_msgs/srv/detail/set_int32__functions.c
[6.063s] -- Installing: /home/jeni/astra_s/install/astra_camera_msgs/include/astra_camera_msgs/srv/detail/get_camera_params__functions.h
[6.063s] -- Installing: /home/jeni/astra_s/install/astra_camera_msgs/include/astra_camera_msgs/srv/detail/get_camera_info__type_support.h
[6.063s] -- Installing: /home/jeni/astra_s/install/astra_camera_msgs/include/astra_camera_msgs/srv/detail/get_device_info__type_support.h
[6.063s] -- Installing: /home/jeni/astra_s/install/astra_camera_msgs/include/astra_camera_msgs/srv/detail/get_string__functions.h
[6.063s] -- Installing: /home/jeni/astra_s/install/astra_camera_msgs/include/astra_camera_msgs/srv/detail/get_int32__struct.h
[6.063s] -- Installing: /home/jeni/astra_s/install/astra_camera_msgs/include/astra_camera_msgs/srv/detail/get_device_info__struct.h
[6.064s] -- Installing: /home/jeni/astra_s/install/astra_camera_msgs/include/astra_camera_msgs/srv/set_int32.h
[6.064s] -- Installing: /home/jeni/astra_s/install/astra_camera_msgs/include/astra_camera_msgs/srv/get_string.h
[6.064s] -- Installing: /home/jeni/astra_s/install/astra_camera_msgs/include/astra_camera_msgs/srv/get_camera_info.h
[6.064s] -- Installing: /home/jeni/astra_s/install/astra_camera_msgs/include/astra_camera_msgs/msg
[6.064s] -- Installing: /home/jeni/astra_s/install/astra_camera_msgs/include/astra_camera_msgs/msg/rosidl_generator_c__visibility_control.h
[6.064s] -- Installing: /home/jeni/astra_s/install/astra_camera_msgs/include/astra_camera_msgs/msg/detail
[6.064s] -- Installing: /home/jeni/astra_s/install/astra_camera_msgs/include/astra_camera_msgs/msg/detail/device_info__struct.h
[6.064s] -- Installing: /home/jeni/astra_s/install/astra_camera_msgs/include/astra_camera_msgs/msg/detail/metadata__type_support.h
[6.064s] -- Installing: /home/jeni/astra_s/install/astra_camera_msgs/include/astra_camera_msgs/msg/detail/metadata__struct.h
[6.064s] -- Installing: /home/jeni/astra_s/install/astra_camera_msgs/include/astra_camera_msgs/msg/detail/device_info__functions.h
[6.065s] -- Installing: /home/jeni/astra_s/install/astra_camera_msgs/include/astra_camera_msgs/msg/detail/extrinsics__functions.h
[6.065s] -- Installing: /home/jeni/astra_s/install/astra_camera_msgs/include/astra_camera_msgs/msg/detail/extrinsics__type_support.h
[6.065s] -- Installing: /home/jeni/astra_s/install/astra_camera_msgs/include/astra_camera_msgs/msg/detail/extrinsics__functions.c
[6.065s] -- Installing: /home/jeni/astra_s/install/astra_camera_msgs/include/astra_camera_msgs/msg/detail/device_info__type_support.h
[6.065s] -- Installing: /home/jeni/astra_s/install/astra_camera_msgs/include/astra_camera_msgs/msg/detail/extrinsics__struct.h
[6.065s] -- Installing: /home/jeni/astra_s/install/astra_camera_msgs/include/astra_camera_msgs/msg/detail/device_info__functions.c
[6.065s] -- Installing: /home/jeni/astra_s/install/astra_camera_msgs/include/astra_camera_msgs/msg/detail/metadata__functions.c
[6.065s] -- Installing: /home/jeni/astra_s/install/astra_camera_msgs/include/astra_camera_msgs/msg/detail/metadata__functions.h
[6.065s] -- Installing: /home/jeni/astra_s/install/astra_camera_msgs/include/astra_camera_msgs/msg/device_info.h
[6.065s] -- Installing: /home/jeni/astra_s/install/astra_camera_msgs/include/astra_camera_msgs/msg/extrinsics.h
[6.065s] -- Installing: /home/jeni/astra_s/install/astra_camera_msgs/include/astra_camera_msgs/msg/metadata.h
[6.066s] -- Installing: /home/jeni/astra_s/install/astra_camera_msgs/share/astra_camera_msgs/environment/library_path.sh
[6.066s] -- Installing: /home/jeni/astra_s/install/astra_camera_msgs/share/astra_camera_msgs/environment/library_path.dsv
[6.066s] -- Installing: /home/jeni/astra_s/install/astra_camera_msgs/lib/libastra_camera_msgs__rosidl_generator_c.so
[6.066s] -- Set runtime path of "/home/jeni/astra_s/install/astra_camera_msgs/lib/libastra_camera_msgs__rosidl_generator_c.so" to ""
[6.066s] -- Up-to-date: /home/jeni/astra_s/install/astra_camera_msgs/include/astra_camera_msgs
[6.066s] -- Up-to-date: /home/jeni/astra_s/install/astra_camera_msgs/include/astra_camera_msgs/srv
[6.066s] -- Up-to-date: /home/jeni/astra_s/install/astra_camera_msgs/include/astra_camera_msgs/srv/detail
[6.066s] -- Installing: /home/jeni/astra_s/install/astra_camera_msgs/include/astra_camera_msgs/srv/detail/set_int32__rosidl_typesupport_fastrtps_c.h
[6.066s] -- Installing: /home/jeni/astra_s/install/astra_camera_msgs/include/astra_camera_msgs/srv/detail/get_string__rosidl_typesupport_fastrtps_c.h
[6.066s] -- Installing: /home/jeni/astra_s/install/astra_camera_msgs/include/astra_camera_msgs/srv/detail/get_camera_params__rosidl_typesupport_fastrtps_c.h
[6.066s] -- Installing: /home/jeni/astra_s/install/astra_camera_msgs/include/astra_camera_msgs/srv/detail/get_int32__rosidl_typesupport_fastrtps_c.h
[6.066s] -- Installing: /home/jeni/astra_s/install/astra_camera_msgs/include/astra_camera_msgs/srv/detail/get_camera_info__rosidl_typesupport_fastrtps_c.h
[6.066s] -- Installing: /home/jeni/astra_s/install/astra_camera_msgs/include/astra_camera_msgs/srv/detail/get_device_info__rosidl_typesupport_fastrtps_c.h
[6.066s] -- Up-to-date: /home/jeni/astra_s/install/astra_camera_msgs/include/astra_camera_msgs/msg
[6.066s] -- Up-to-date: /home/jeni/astra_s/install/astra_camera_msgs/include/astra_camera_msgs/msg/detail
[6.066s] -- Installing: /home/jeni/astra_s/install/astra_camera_msgs/include/astra_camera_msgs/msg/detail/extrinsics__rosidl_typesupport_fastrtps_c.h
[6.066s] -- Installing: /home/jeni/astra_s/install/astra_camera_msgs/include/astra_camera_msgs/msg/detail/device_info__rosidl_typesupport_fastrtps_c.h
[6.066s] -- Installing: /home/jeni/astra_s/install/astra_camera_msgs/include/astra_camera_msgs/msg/detail/metadata__rosidl_typesupport_fastrtps_c.h
[6.066s] -- Installing: /home/jeni/astra_s/install/astra_camera_msgs/include/astra_camera_msgs/msg/rosidl_typesupport_fastrtps_c__visibility_control.h
[6.066s] -- Installing: /home/jeni/astra_s/install/astra_camera_msgs/lib/libastra_camera_msgs__rosidl_typesupport_fastrtps_c.so
[6.066s] -- Set runtime path of "/home/jeni/astra_s/install/astra_camera_msgs/lib/libastra_camera_msgs__rosidl_typesupport_fastrtps_c.so" to ""
[6.066s] -- Up-to-date: /home/jeni/astra_s/install/astra_camera_msgs/include/astra_camera_msgs
[6.066s] -- Up-to-date: /home/jeni/astra_s/install/astra_camera_msgs/include/astra_camera_msgs/srv
[6.067s] -- Up-to-date: /home/jeni/astra_s/install/astra_camera_msgs/include/astra_camera_msgs/srv/detail
[6.067s] -- Installing: /home/jeni/astra_s/install/astra_camera_msgs/include/astra_camera_msgs/srv/detail/get_int32__rosidl_typesupport_fastrtps_cpp.hpp
[6.067s] -- Installing: /home/jeni/astra_s/install/astra_camera_msgs/include/astra_camera_msgs/srv/detail/get_camera_params__rosidl_typesupport_fastrtps_cpp.hpp
[6.067s] -- Installing: /home/jeni/astra_s/install/astra_camera_msgs/include/astra_camera_msgs/srv/detail/get_camera_info__rosidl_typesupport_fastrtps_cpp.hpp
[6.067s] -- Installing: /home/jeni/astra_s/install/astra_camera_msgs/include/astra_camera_msgs/srv/detail/dds_fastrtps
[6.067s] -- Installing: /home/jeni/astra_s/install/astra_camera_msgs/include/astra_camera_msgs/srv/detail/get_device_info__rosidl_typesupport_fastrtps_cpp.hpp
[6.067s] -- Installing: /home/jeni/astra_s/install/astra_camera_msgs/include/astra_camera_msgs/srv/detail/set_int32__rosidl_typesupport_fastrtps_cpp.hpp
[6.067s] -- Installing: /home/jeni/astra_s/install/astra_camera_msgs/include/astra_camera_msgs/srv/detail/get_string__rosidl_typesupport_fastrtps_cpp.hpp
[6.067s] -- Up-to-date: /home/jeni/astra_s/install/astra_camera_msgs/include/astra_camera_msgs/msg
[6.067s] -- Up-to-date: /home/jeni/astra_s/install/astra_camera_msgs/include/astra_camera_msgs/msg/detail
[6.067s] -- Installing: /home/jeni/astra_s/install/astra_camera_msgs/include/astra_camera_msgs/msg/detail/metadata__rosidl_typesupport_fastrtps_cpp.hpp
[6.067s] -- Installing: /home/jeni/astra_s/install/astra_camera_msgs/include/astra_camera_msgs/msg/detail/device_info__rosidl_typesupport_fastrtps_cpp.hpp
[6.067s] -- Installing: /home/jeni/astra_s/install/astra_camera_msgs/include/astra_camera_msgs/msg/detail/extrinsics__rosidl_typesupport_fastrtps_cpp.hpp
[6.067s] -- Installing: /home/jeni/astra_s/install/astra_camera_msgs/include/astra_camera_msgs/msg/detail/dds_fastrtps
[6.067s] -- Installing: /home/jeni/astra_s/install/astra_camera_msgs/include/astra_camera_msgs/msg/rosidl_typesupport_fastrtps_cpp__visibility_control.h
[6.067s] -- Installing: /home/jeni/astra_s/install/astra_camera_msgs/lib/libastra_camera_msgs__rosidl_typesupport_fastrtps_cpp.so
[6.067s] -- Set runtime path of "/home/jeni/astra_s/install/astra_camera_msgs/lib/libastra_camera_msgs__rosidl_typesupport_fastrtps_cpp.so" to ""
[6.067s] -- Up-to-date: /home/jeni/astra_s/install/astra_camera_msgs/include/astra_camera_msgs
[6.067s] -- Up-to-date: /home/jeni/astra_s/install/astra_camera_msgs/include/astra_camera_msgs/srv
[6.067s] -- Up-to-date: /home/jeni/astra_s/install/astra_camera_msgs/include/astra_camera_msgs/srv/detail
[6.067s] -- Installing: /home/jeni/astra_s/install/astra_camera_msgs/include/astra_camera_msgs/srv/detail/get_camera_params__type_support.c
[6.067s] -- Installing: /home/jeni/astra_s/install/astra_camera_msgs/include/astra_camera_msgs/srv/detail/get_int32__type_support.c
[6.067s] -- Installing: /home/jeni/astra_s/install/astra_camera_msgs/include/astra_camera_msgs/srv/detail/get_string__rosidl_typesupport_introspection_c.h
[6.067s] -- Installing: /home/jeni/astra_s/install/astra_camera_msgs/include/astra_camera_msgs/srv/detail/get_device_info__type_support.c
[6.067s] -- Installing: /home/jeni/astra_s/install/astra_camera_msgs/include/astra_camera_msgs/srv/detail/set_int32__rosidl_typesupport_introspection_c.h
[6.067s] -- Installing: /home/jeni/astra_s/install/astra_camera_msgs/include/astra_camera_msgs/srv/detail/get_device_info__rosidl_typesupport_introspection_c.h
[6.067s] -- Installing: /home/jeni/astra_s/install/astra_camera_msgs/include/astra_camera_msgs/srv/detail/get_camera_info__type_support.c
[6.067s] -- Installing: /home/jeni/astra_s/install/astra_camera_msgs/include/astra_camera_msgs/srv/detail/get_camera_info__rosidl_typesupport_introspection_c.h
[6.068s] -- Installing: /home/jeni/astra_s/install/astra_camera_msgs/include/astra_camera_msgs/srv/detail/get_string__type_support.c
[6.068s] -- Installing: /home/jeni/astra_s/install/astra_camera_msgs/include/astra_camera_msgs/srv/detail/get_camera_params__rosidl_typesupport_introspection_c.h
[6.068s] -- Installing: /home/jeni/astra_s/install/astra_camera_msgs/include/astra_camera_msgs/srv/detail/get_int32__rosidl_typesupport_introspection_c.h
[6.068s] -- Installing: /home/jeni/astra_s/install/astra_camera_msgs/include/astra_camera_msgs/srv/detail/set_int32__type_support.c
[6.068s] -- Up-to-date: /home/jeni/astra_s/install/astra_camera_msgs/include/astra_camera_msgs/msg
[6.068s] -- Installing: /home/jeni/astra_s/install/astra_camera_msgs/include/astra_camera_msgs/msg/rosidl_typesupport_introspection_c__visibility_control.h
[6.068s] -- Up-to-date: /home/jeni/astra_s/install/astra_camera_msgs/include/astra_camera_msgs/msg/detail
[6.068s] -- Installing: /home/jeni/astra_s/install/astra_camera_msgs/include/astra_camera_msgs/msg/detail/metadata__type_support.c
[6.068s] -- Installing: /home/jeni/astra_s/install/astra_camera_msgs/include/astra_camera_msgs/msg/detail/device_info__rosidl_typesupport_introspection_c.h
[6.068s] -- Installing: /home/jeni/astra_s/install/astra_camera_msgs/include/astra_camera_msgs/msg/detail/extrinsics__rosidl_typesupport_introspection_c.h
[6.068s] -- Installing: /home/jeni/astra_s/install/astra_camera_msgs/include/astra_camera_msgs/msg/detail/metadata__rosidl_typesupport_introspection_c.h
[6.068s] -- Installing: /home/jeni/astra_s/install/astra_camera_msgs/include/astra_camera_msgs/msg/detail/extrinsics__type_support.c
[6.068s] -- Installing: /home/jeni/astra_s/install/astra_camera_msgs/include/astra_camera_msgs/msg/detail/device_info__type_support.c
[6.068s] -- Installing: /home/jeni/astra_s/install/astra_camera_msgs/lib/libastra_camera_msgs__rosidl_typesupport_introspection_c.so
[6.068s] -- Set runtime path of "/home/jeni/astra_s/install/astra_camera_msgs/lib/libastra_camera_msgs__rosidl_typesupport_introspection_c.so" to ""
[6.068s] -- Installing: /home/jeni/astra_s/install/astra_camera_msgs/lib/libastra_camera_msgs__rosidl_typesupport_c.so
[6.068s] -- Set runtime path of "/home/jeni/astra_s/install/astra_camera_msgs/lib/libastra_camera_msgs__rosidl_typesupport_c.so" to ""
[6.068s] -- Up-to-date: /home/jeni/astra_s/install/astra_camera_msgs/include/astra_camera_msgs
[6.068s] -- Up-to-date: /home/jeni/astra_s/install/astra_camera_msgs/include/astra_camera_msgs/srv
[6.068s] -- Installing: /home/jeni/astra_s/install/astra_camera_msgs/include/astra_camera_msgs/srv/set_int32.hpp
[6.068s] -- Installing: /home/jeni/astra_s/install/astra_camera_msgs/include/astra_camera_msgs/srv/get_int32.hpp
[6.068s] -- Installing: /home/jeni/astra_s/install/astra_camera_msgs/include/astra_camera_msgs/srv/get_device_info.hpp
[6.068s] -- Up-to-date: /home/jeni/astra_s/install/astra_camera_msgs/include/astra_camera_msgs/srv/detail
[6.068s] -- Installing: /home/jeni/astra_s/install/astra_camera_msgs/include/astra_camera_msgs/srv/detail/get_int32__builder.hpp
[6.068s] -- Installing: /home/jeni/astra_s/install/astra_camera_msgs/include/astra_camera_msgs/srv/detail/get_camera_params__struct.hpp
[6.068s] -- Installing: /home/jeni/astra_s/install/astra_camera_msgs/include/astra_camera_msgs/srv/detail/get_device_info__traits.hpp
[6.068s] -- Installing: /home/jeni/astra_s/install/astra_camera_msgs/include/astra_camera_msgs/srv/detail/get_camera_params__traits.hpp
[6.068s] -- Installing: /home/jeni/astra_s/install/astra_camera_msgs/include/astra_camera_msgs/srv/detail/get_int32__traits.hpp
[6.068s] -- Installing: /home/jeni/astra_s/install/astra_camera_msgs/include/astra_camera_msgs/srv/detail/get_string__traits.hpp
[6.068s] -- Installing: /home/jeni/astra_s/install/astra_camera_msgs/include/astra_camera_msgs/srv/detail/get_device_info__type_support.hpp
[6.068s] -- Installing: /home/jeni/astra_s/install/astra_camera_msgs/include/astra_camera_msgs/srv/detail/get_camera_info__builder.hpp
[6.068s] -- Installing: /home/jeni/astra_s/install/astra_camera_msgs/include/astra_camera_msgs/srv/detail/get_camera_info__struct.hpp
[6.069s] -- Installing: /home/jeni/astra_s/install/astra_camera_msgs/include/astra_camera_msgs/srv/detail/set_int32__traits.hpp
[6.069s] -- Installing: /home/jeni/astra_s/install/astra_camera_msgs/include/astra_camera_msgs/srv/detail/get_camera_params__type_support.hpp
[6.069s] -- Installing: /home/jeni/astra_s/install/astra_camera_msgs/include/astra_camera_msgs/srv/detail/set_int32__struct.hpp
[6.069s] -- Installing: /home/jeni/astra_s/install/astra_camera_msgs/include/astra_camera_msgs/srv/detail/get_device_info__builder.hpp
[6.069s] -- Installing: /home/jeni/astra_s/install/astra_camera_msgs/include/astra_camera_msgs/srv/detail/get_camera_params__builder.hpp
[6.069s] -- Installing: /home/jeni/astra_s/install/astra_camera_msgs/include/astra_camera_msgs/srv/detail/get_int32__type_support.hpp
[6.069s] -- Installing: /home/jeni/astra_s/install/astra_camera_msgs/include/astra_camera_msgs/srv/detail/get_int32__struct.hpp
[6.069s] -- Installing: /home/jeni/astra_s/install/astra_camera_msgs/include/astra_camera_msgs/srv/detail/get_camera_info__traits.hpp
[6.069s] -- Installing: /home/jeni/astra_s/install/astra_camera_msgs/include/astra_camera_msgs/srv/detail/get_string__struct.hpp
[6.069s] -- Installing: /home/jeni/astra_s/install/astra_camera_msgs/include/astra_camera_msgs/srv/detail/get_string__builder.hpp
[6.069s] -- Installing: /home/jeni/astra_s/install/astra_camera_msgs/include/astra_camera_msgs/srv/detail/get_device_info__struct.hpp
[6.069s] -- Installing: /home/jeni/astra_s/install/astra_camera_msgs/include/astra_camera_msgs/srv/detail/get_string__type_support.hpp
[6.069s] -- Installing: /home/jeni/astra_s/install/astra_camera_msgs/include/astra_camera_msgs/srv/detail/set_int32__type_support.hpp
[6.069s] -- Installing: /home/jeni/astra_s/install/astra_camera_msgs/include/astra_camera_msgs/srv/detail/set_int32__builder.hpp
[6.069s] -- Installing: /home/jeni/astra_s/install/astra_camera_msgs/include/astra_camera_msgs/srv/detail/get_camera_info__type_support.hpp
[6.069s] -- Installing: /home/jeni/astra_s/install/astra_camera_msgs/include/astra_camera_msgs/srv/get_camera_info.hpp
[6.069s] -- Installing: /home/jeni/astra_s/install/astra_camera_msgs/include/astra_camera_msgs/srv/get_string.hpp
[6.069s] -- Installing: /home/jeni/astra_s/install/astra_camera_msgs/include/astra_camera_msgs/srv/get_camera_params.hpp
[6.069s] -- Up-to-date: /home/jeni/astra_s/install/astra_camera_msgs/include/astra_camera_msgs/msg
[6.069s] -- Installing: /home/jeni/astra_s/install/astra_camera_msgs/include/astra_camera_msgs/msg/metadata.hpp
[6.069s] -- Installing: /home/jeni/astra_s/install/astra_camera_msgs/include/astra_camera_msgs/msg/rosidl_generator_cpp__visibility_control.hpp
[6.069s] -- Installing: /home/jeni/astra_s/install/astra_camera_msgs/include/astra_camera_msgs/msg/extrinsics.hpp
[6.069s] -- Up-to-date: /home/jeni/astra_s/install/astra_camera_msgs/include/astra_camera_msgs/msg/detail
[6.069s] -- Installing: /home/jeni/astra_s/install/astra_camera_msgs/include/astra_camera_msgs/msg/detail/metadata__struct.hpp
[6.069s] -- Installing: /home/jeni/astra_s/install/astra_camera_msgs/include/astra_camera_msgs/msg/detail/extrinsics__builder.hpp
[6.069s] -- Installing: /home/jeni/astra_s/install/astra_camera_msgs/include/astra_camera_msgs/msg/detail/extrinsics__traits.hpp
[6.069s] -- Installing: /home/jeni/astra_s/install/astra_camera_msgs/include/astra_camera_msgs/msg/detail/device_info__builder.hpp
[6.069s] -- Installing: /home/jeni/astra_s/install/astra_camera_msgs/include/astra_camera_msgs/msg/detail/device_info__struct.hpp
[6.069s] -- Installing: /home/jeni/astra_s/install/astra_camera_msgs/include/astra_camera_msgs/msg/detail/metadata__builder.hpp
[6.069s] -- Installing: /home/jeni/astra_s/install/astra_camera_msgs/include/astra_camera_msgs/msg/detail/extrinsics__type_support.hpp
[6.069s] -- Installing: /home/jeni/astra_s/install/astra_camera_msgs/include/astra_camera_msgs/msg/detail/metadata__traits.hpp
[6.069s] -- Installing: /home/jeni/astra_s/install/astra_camera_msgs/include/astra_camera_msgs/msg/detail/metadata__type_support.hpp
[6.069s] -- Installing: /home/jeni/astra_s/install/astra_camera_msgs/include/astra_camera_msgs/msg/detail/device_info__traits.hpp
[6.069s] -- Installing: /home/jeni/astra_s/install/astra_camera_msgs/include/astra_camera_msgs/msg/detail/device_info__type_support.hpp
[6.070s] -- Installing: /home/jeni/astra_s/install/astra_camera_msgs/include/astra_camera_msgs/msg/detail/extrinsics__struct.hpp
[6.070s] -- Installing: /home/jeni/astra_s/install/astra_camera_msgs/include/astra_camera_msgs/msg/device_info.hpp
[6.070s] -- Up-to-date: /home/jeni/astra_s/install/astra_camera_msgs/include/astra_camera_msgs
[6.070s] -- Up-to-date: /home/jeni/astra_s/install/astra_camera_msgs/include/astra_camera_msgs/srv
[6.070s] -- Up-to-date: /home/jeni/astra_s/install/astra_camera_msgs/include/astra_camera_msgs/srv/detail
[6.070s] -- Installing: /home/jeni/astra_s/install/astra_camera_msgs/include/astra_camera_msgs/srv/detail/get_camera_info__type_support.cpp
[6.070s] -- Installing: /home/jeni/astra_s/install/astra_camera_msgs/include/astra_camera_msgs/srv/detail/get_int32__type_support.cpp
[6.070s] -- Installing: /home/jeni/astra_s/install/astra_camera_msgs/include/astra_camera_msgs/srv/detail/get_camera_params__type_support.cpp
[6.070s] -- Installing: /home/jeni/astra_s/install/astra_camera_msgs/include/astra_camera_msgs/srv/detail/get_string__type_support.cpp
[6.070s] -- Installing: /home/jeni/astra_s/install/astra_camera_msgs/include/astra_camera_msgs/srv/detail/get_string__rosidl_typesupport_introspection_cpp.hpp
[6.070s] -- Installing: /home/jeni/astra_s/install/astra_camera_msgs/include/astra_camera_msgs/srv/detail/get_camera_info__rosidl_typesupport_introspection_cpp.hpp
[6.070s] -- Installing: /home/jeni/astra_s/install/astra_camera_msgs/include/astra_camera_msgs/srv/detail/set_int32__type_support.cpp
[6.070s] -- Installing: /home/jeni/astra_s/install/astra_camera_msgs/include/astra_camera_msgs/srv/detail/get_device_info__type_support.cpp
[6.070s] -- Installing: /home/jeni/astra_s/install/astra_camera_msgs/include/astra_camera_msgs/srv/detail/get_device_info__rosidl_typesupport_introspection_cpp.hpp
[6.070s] -- Installing: /home/jeni/astra_s/install/astra_camera_msgs/include/astra_camera_msgs/srv/detail/set_int32__rosidl_typesupport_introspection_cpp.hpp
[6.070s] -- Installing: /home/jeni/astra_s/install/astra_camera_msgs/include/astra_camera_msgs/srv/detail/get_int32__rosidl_typesupport_introspection_cpp.hpp
[6.070s] -- Installing: /home/jeni/astra_s/install/astra_camera_msgs/include/astra_camera_msgs/srv/detail/get_camera_params__rosidl_typesupport_introspection_cpp.hpp
[6.070s] -- Up-to-date: /home/jeni/astra_s/install/astra_camera_msgs/include/astra_camera_msgs/msg
[6.070s] -- Up-to-date: /home/jeni/astra_s/install/astra_camera_msgs/include/astra_camera_msgs/msg/detail
[6.070s] -- Installing: /home/jeni/astra_s/install/astra_camera_msgs/include/astra_camera_msgs/msg/detail/device_info__rosidl_typesupport_introspection_cpp.hpp
[6.070s] -- Installing: /home/jeni/astra_s/install/astra_camera_msgs/include/astra_camera_msgs/msg/detail/metadata__rosidl_typesupport_introspection_cpp.hpp
[6.070s] -- Installing: /home/jeni/astra_s/install/astra_camera_msgs/include/astra_camera_msgs/msg/detail/extrinsics__rosidl_typesupport_introspection_cpp.hpp
[6.070s] -- Installing: /home/jeni/astra_s/install/astra_camera_msgs/include/astra_camera_msgs/msg/detail/device_info__type_support.cpp
[6.070s] -- Installing: /home/jeni/astra_s/install/astra_camera_msgs/include/astra_camera_msgs/msg/detail/extrinsics__type_support.cpp
[6.070s] -- Installing: /home/jeni/astra_s/install/astra_camera_msgs/include/astra_camera_msgs/msg/detail/metadata__type_support.cpp
[6.070s] -- Installing: /home/jeni/astra_s/install/astra_camera_msgs/lib/libastra_camera_msgs__rosidl_typesupport_introspection_cpp.so
[6.070s] -- Set runtime path of "/home/jeni/astra_s/install/astra_camera_msgs/lib/libastra_camera_msgs__rosidl_typesupport_introspection_cpp.so" to ""
[6.070s] -- Installing: /home/jeni/astra_s/install/astra_camera_msgs/lib/libastra_camera_msgs__rosidl_typesupport_cpp.so
[6.070s] -- Set runtime path of "/home/jeni/astra_s/install/astra_camera_msgs/lib/libastra_camera_msgs__rosidl_typesupport_cpp.so" to ""
[6.070s] -- Installing: /home/jeni/astra_s/install/astra_camera_msgs/share/astra_camera_msgs/environment/pythonpath.sh
[6.070s] -- Installing: /home/jeni/astra_s/install/astra_camera_msgs/share/astra_camera_msgs/environment/pythonpath.dsv
[6.070s] -- Installing: /home/jeni/astra_s/install/astra_camera_msgs/lib/python3.9/site-packages/astra_camera_msgs/__init__.py
[6.090s] Compiling '/home/jeni/astra_s/install/astra_camera_msgs/lib/python3.9/site-packages/astra_camera_msgs/__init__.py'...
[6.093s] -- Installing: /home/jeni/astra_s/install/astra_camera_msgs/lib/python3.9/site-packages/astra_camera_msgs/msg
[6.093s] -- Installing: /home/jeni/astra_s/install/astra_camera_msgs/lib/python3.9/site-packages/astra_camera_msgs/msg/_metadata.py
[6.093s] -- Installing: /home/jeni/astra_s/install/astra_camera_msgs/lib/python3.9/site-packages/astra_camera_msgs/msg/_extrinsics_s.c
[6.093s] -- Installing: /home/jeni/astra_s/install/astra_camera_msgs/lib/python3.9/site-packages/astra_camera_msgs/msg/_extrinsics.py
[6.093s] -- Installing: /home/jeni/astra_s/install/astra_camera_msgs/lib/python3.9/site-packages/astra_camera_msgs/msg/__init__.py
[6.093s] -- Installing: /home/jeni/astra_s/install/astra_camera_msgs/lib/python3.9/site-packages/astra_camera_msgs/msg/_device_info_s.c
[6.093s] -- Installing: /home/jeni/astra_s/install/astra_camera_msgs/lib/python3.9/site-packages/astra_camera_msgs/msg/_metadata_s.c
[6.094s] -- Installing: /home/jeni/astra_s/install/astra_camera_msgs/lib/python3.9/site-packages/astra_camera_msgs/msg/_device_info.py
[6.094s] -- Installing: /home/jeni/astra_s/install/astra_camera_msgs/lib/python3.9/site-packages/astra_camera_msgs/srv
[6.094s] -- Installing: /home/jeni/astra_s/install/astra_camera_msgs/lib/python3.9/site-packages/astra_camera_msgs/srv/_get_camera_params.py
[6.094s] -- Installing: /home/jeni/astra_s/install/astra_camera_msgs/lib/python3.9/site-packages/astra_camera_msgs/srv/_get_string_s.c
[6.094s] -- Installing: /home/jeni/astra_s/install/astra_camera_msgs/lib/python3.9/site-packages/astra_camera_msgs/srv/_get_camera_info.py
[6.094s] -- Installing: /home/jeni/astra_s/install/astra_camera_msgs/lib/python3.9/site-packages/astra_camera_msgs/srv/_set_int32.py
[6.094s] -- Installing: /home/jeni/astra_s/install/astra_camera_msgs/lib/python3.9/site-packages/astra_camera_msgs/srv/_get_string.py
[6.094s] -- Installing: /home/jeni/astra_s/install/astra_camera_msgs/lib/python3.9/site-packages/astra_camera_msgs/srv/_set_int32_s.c
[6.094s] -- Installing: /home/jeni/astra_s/install/astra_camera_msgs/lib/python3.9/site-packages/astra_camera_msgs/srv/__init__.py
[6.094s] -- Installing: /home/jeni/astra_s/install/astra_camera_msgs/lib/python3.9/site-packages/astra_camera_msgs/srv/_get_int32_s.c
[6.094s] -- Installing: /home/jeni/astra_s/install/astra_camera_msgs/lib/python3.9/site-packages/astra_camera_msgs/srv/_get_camera_params_s.c
[6.094s] -- Installing: /home/jeni/astra_s/install/astra_camera_msgs/lib/python3.9/site-packages/astra_camera_msgs/srv/_get_camera_info_s.c
[6.094s] -- Installing: /home/jeni/astra_s/install/astra_camera_msgs/lib/python3.9/site-packages/astra_camera_msgs/srv/_get_device_info.py
[6.094s] -- Installing: /home/jeni/astra_s/install/astra_camera_msgs/lib/python3.9/site-packages/astra_camera_msgs/srv/_get_device_info_s.c
[6.094s] -- Installing: /home/jeni/astra_s/install/astra_camera_msgs/lib/python3.9/site-packages/astra_camera_msgs/srv/_get_int32.py
[6.094s] -- Installing: /home/jeni/astra_s/install/astra_camera_msgs/lib/python3.9/site-packages/astra_camera_msgs/astra_camera_msgs_s__rosidl_typesupport_fastrtps_c.cpython-39-x86_64-linux-gnu.so
[6.094s] -- Set runtime path of "/home/jeni/astra_s/install/astra_camera_msgs/lib/python3.9/site-packages/astra_camera_msgs/astra_camera_msgs_s__rosidl_typesupport_fastrtps_c.cpython-39-x86_64-linux-gnu.so" to ""
[6.094s] -- Installing: /home/jeni/astra_s/install/astra_camera_msgs/lib/python3.9/site-packages/astra_camera_msgs/astra_camera_msgs_s__rosidl_typesupport_introspection_c.cpython-39-x86_64-linux-gnu.so
[6.095s] -- Set runtime path of "/home/jeni/astra_s/install/astra_camera_msgs/lib/python3.9/site-packages/astra_camera_msgs/astra_camera_msgs_s__rosidl_typesupport_introspection_c.cpython-39-x86_64-linux-gnu.so" to ""
[6.095s] -- Installing: /home/jeni/astra_s/install/astra_camera_msgs/lib/python3.9/site-packages/astra_camera_msgs/astra_camera_msgs_s__rosidl_typesupport_c.cpython-39-x86_64-linux-gnu.so
[6.095s] -- Set runtime path of "/home/jeni/astra_s/install/astra_camera_msgs/lib/python3.9/site-packages/astra_camera_msgs/astra_camera_msgs_s__rosidl_typesupport_c.cpython-39-x86_64-linux-gnu.so" to ""
[6.095s] -- Installing: /home/jeni/astra_s/install/astra_camera_msgs/lib/libastra_camera_msgs__python.so
[6.095s] -- Set runtime path of "/home/jeni/astra_s/install/astra_camera_msgs/lib/libastra_camera_msgs__python.so" to ""
[6.095s] -- Installing: /home/jeni/astra_s/install/astra_camera_msgs/share/astra_camera_msgs/msg/DeviceInfo.idl
[6.095s] -- Installing: /home/jeni/astra_s/install/astra_camera_msgs/share/astra_camera_msgs/msg/Extrinsics.idl
[6.095s] -- Installing: /home/jeni/astra_s/install/astra_camera_msgs/share/astra_camera_msgs/msg/Metadata.idl
[6.095s] -- Installing: /home/jeni/astra_s/install/astra_camera_msgs/share/astra_camera_msgs/srv/GetDeviceInfo.idl
[6.095s] -- Installing: /home/jeni/astra_s/install/astra_camera_msgs/share/astra_camera_msgs/srv/GetCameraInfo.idl
[6.096s] -- Installing: /home/jeni/astra_s/install/astra_camera_msgs/share/astra_camera_msgs/srv/GetCameraParams.idl
[6.096s] -- Installing: /home/jeni/astra_s/install/astra_camera_msgs/share/astra_camera_msgs/srv/GetInt32.idl
[6.096s] -- Installing: /home/jeni/astra_s/install/astra_camera_msgs/share/astra_camera_msgs/srv/GetString.idl
[6.096s] -- Installing: /home/jeni/astra_s/install/astra_camera_msgs/share/astra_camera_msgs/srv/SetInt32.idl
[6.096s] -- Installing: /home/jeni/astra_s/install/astra_camera_msgs/share/astra_camera_msgs/msg/DeviceInfo.msg
[6.096s] -- Installing: /home/jeni/astra_s/install/astra_camera_msgs/share/astra_camera_msgs/msg/Extrinsics.msg
[6.096s] -- Installing: /home/jeni/astra_s/install/astra_camera_msgs/share/astra_camera_msgs/msg/Metadata.msg
[6.096s] -- Installing: /home/jeni/astra_s/install/astra_camera_msgs/share/astra_camera_msgs/srv/GetDeviceInfo.srv
[6.096s] -- Installing: /home/jeni/astra_s/install/astra_camera_msgs/share/astra_camera_msgs/srv/GetDeviceInfo_Request.msg
[6.096s] -- Installing: /home/jeni/astra_s/install/astra_camera_msgs/share/astra_camera_msgs/srv/GetDeviceInfo_Response.msg
[6.096s] -- Installing: /home/jeni/astra_s/install/astra_camera_msgs/share/astra_camera_msgs/srv/GetCameraInfo.srv
[6.096s] -- Installing: /home/jeni/astra_s/install/astra_camera_msgs/share/astra_camera_msgs/srv/GetCameraInfo_Request.msg
[6.096s] -- Installing: /home/jeni/astra_s/install/astra_camera_msgs/share/astra_camera_msgs/srv/GetCameraInfo_Response.msg
[6.096s] -- Installing: /home/jeni/astra_s/install/astra_camera_msgs/share/astra_camera_msgs/srv/GetCameraParams.srv
[6.096s] -- Installing: /home/jeni/astra_s/install/astra_camera_msgs/share/astra_camera_msgs/srv/GetCameraParams_Request.msg
[6.096s] -- Installing: /home/jeni/astra_s/install/astra_camera_msgs/share/astra_camera_msgs/srv/GetCameraParams_Response.msg
[6.096s] -- Installing: /home/jeni/astra_s/install/astra_camera_msgs/share/astra_camera_msgs/srv/GetInt32.srv
[6.096s] -- Installing: /home/jeni/astra_s/install/astra_camera_msgs/share/astra_camera_msgs/srv/GetInt32_Request.msg
[6.096s] -- Installing: /home/jeni/astra_s/install/astra_camera_msgs/share/astra_camera_msgs/srv/GetInt32_Response.msg
[6.096s] -- Installing: /home/jeni/astra_s/install/astra_camera_msgs/share/astra_camera_msgs/srv/GetString.srv
[6.096s] -- Installing: /home/jeni/astra_s/install/astra_camera_msgs/share/astra_camera_msgs/srv/GetString_Request.msg
[6.096s] -- Installing: /home/jeni/astra_s/install/astra_camera_msgs/share/astra_camera_msgs/srv/GetString_Response.msg
[6.096s] -- Installing: /home/jeni/astra_s/install/astra_camera_msgs/share/astra_camera_msgs/srv/SetInt32.srv
[6.097s] -- Installing: /home/jeni/astra_s/install/astra_camera_msgs/share/astra_camera_msgs/srv/SetInt32_Request.msg
[6.097s] -- Installing: /home/jeni/astra_s/install/astra_camera_msgs/share/astra_camera_msgs/srv/SetInt32_Response.msg
[6.097s] -- Installing: /home/jeni/astra_s/install/astra_camera_msgs/share/ament_index/resource_index/package_run_dependencies/astra_camera_msgs
[6.097s] -- Installing: /home/jeni/astra_s/install/astra_camera_msgs/share/ament_index/resource_index/parent_prefix_path/astra_camera_msgs
[6.097s] -- Installing: /home/jeni/astra_s/install/astra_camera_msgs/share/astra_camera_msgs/environment/ament_prefix_path.sh
[6.097s] -- Installing: /home/jeni/astra_s/install/astra_camera_msgs/share/astra_camera_msgs/environment/ament_prefix_path.dsv
[6.097s] -- Installing: /home/jeni/astra_s/install/astra_camera_msgs/share/astra_camera_msgs/environment/path.sh
[6.097s] -- Installing: /home/jeni/astra_s/install/astra_camera_msgs/share/astra_camera_msgs/environment/path.dsv
[6.097s] -- Installing: /home/jeni/astra_s/install/astra_camera_msgs/share/astra_camera_msgs/local_setup.bash
[6.097s] -- Installing: /home/jeni/astra_s/install/astra_camera_msgs/share/astra_camera_msgs/local_setup.sh
[6.097s] -- Installing: /home/jeni/astra_s/install/astra_camera_msgs/share/astra_camera_msgs/local_setup.zsh
[6.097s] -- Installing: /home/jeni/astra_s/install/astra_camera_msgs/share/astra_camera_msgs/local_setup.dsv
[6.097s] -- Installing: /home/jeni/astra_s/install/astra_camera_msgs/share/astra_camera_msgs/package.dsv
[6.097s] -- Installing: /home/jeni/astra_s/install/astra_camera_msgs/share/ament_index/resource_index/packages/astra_camera_msgs
[6.097s] -- Installing: /home/jeni/astra_s/install/astra_camera_msgs/share/astra_camera_msgs/cmake/astra_camera_msgs__rosidl_generator_cExport.cmake
[6.097s] -- Installing: /home/jeni/astra_s/install/astra_camera_msgs/share/astra_camera_msgs/cmake/astra_camera_msgs__rosidl_generator_cExport-release.cmake
[6.097s] -- Installing: /home/jeni/astra_s/install/astra_camera_msgs/share/astra_camera_msgs/cmake/astra_camera_msgs__rosidl_typesupport_introspection_cExport.cmake
[6.098s] -- Installing: /home/jeni/astra_s/install/astra_camera_msgs/share/astra_camera_msgs/cmake/astra_camera_msgs__rosidl_typesupport_introspection_cExport-release.cmake
[6.098s] -- Installing: /home/jeni/astra_s/install/astra_camera_msgs/share/astra_camera_msgs/cmake/astra_camera_msgs__rosidl_typesupport_cExport.cmake
[6.098s] -- Installing: /home/jeni/astra_s/install/astra_camera_msgs/share/astra_camera_msgs/cmake/astra_camera_msgs__rosidl_typesupport_cExport-release.cmake
[6.098s] -- Installing: /home/jeni/astra_s/install/astra_camera_msgs/share/astra_camera_msgs/cmake/astra_camera_msgs__rosidl_generator_cppExport.cmake
[6.098s] -- Installing: /home/jeni/astra_s/install/astra_camera_msgs/share/astra_camera_msgs/cmake/astra_camera_msgs__rosidl_typesupport_introspection_cppExport.cmake
[6.098s] -- Installing: /home/jeni/astra_s/install/astra_camera_msgs/share/astra_camera_msgs/cmake/astra_camera_msgs__rosidl_typesupport_introspection_cppExport-release.cmake
[6.098s] -- Installing: /home/jeni/astra_s/install/astra_camera_msgs/share/astra_camera_msgs/cmake/astra_camera_msgs__rosidl_typesupport_cppExport.cmake
[6.098s] -- Installing: /home/jeni/astra_s/install/astra_camera_msgs/share/astra_camera_msgs/cmake/astra_camera_msgs__rosidl_typesupport_cppExport-release.cmake
[6.098s] -- Installing: /home/jeni/astra_s/install/astra_camera_msgs/share/astra_camera_msgs/cmake/rosidl_cmake-extras.cmake
[6.098s] -- Installing: /home/jeni/astra_s/install/astra_camera_msgs/share/astra_camera_msgs/cmake/ament_cmake_export_dependencies-extras.cmake
[6.098s] -- Installing: /home/jeni/astra_s/install/astra_camera_msgs/share/astra_camera_msgs/cmake/ament_cmake_export_libraries-extras.cmake
[6.098s] -- Installing: /home/jeni/astra_s/install/astra_camera_msgs/share/astra_camera_msgs/cmake/ament_cmake_export_targets-extras.cmake
[6.098s] -- Installing: /home/jeni/astra_s/install/astra_camera_msgs/share/astra_camera_msgs/cmake/ament_cmake_export_include_directories-extras.cmake
[6.098s] -- Installing: /home/jeni/astra_s/install/astra_camera_msgs/share/astra_camera_msgs/cmake/rosidl_cmake_export_typesupport_libraries-extras.cmake
[6.098s] -- Installing: /home/jeni/astra_s/install/astra_camera_msgs/share/astra_camera_msgs/cmake/rosidl_cmake_export_typesupport_targets-extras.cmake
[6.098s] -- Installing: /home/jeni/astra_s/install/astra_camera_msgs/share/astra_camera_msgs/cmake/astra_camera_msgsConfig.cmake
[6.098s] -- Installing: /home/jeni/astra_s/install/astra_camera_msgs/share/astra_camera_msgs/cmake/astra_camera_msgsConfig-version.cmake
[6.098s] -- Installing: /home/jeni/astra_s/install/astra_camera_msgs/share/astra_camera_msgs/package.xml
[6.100s] Invoked command in '/home/jeni/astra_s/build/astra_camera_msgs' returned '0': CMAKE_PREFIX_PATH=/opt/ros/foxy CONDA_PROMPT_MODIFIER=(base) /usr/bin/cmake --install /home/jeni/astra_s/build/astra_camera_msgs
