[0.251s] Invoking command in '/home/jeni/astra_s/build/libuvc': CONDA_PROMPT_MODIFIER=(base) /usr/bin/cmake /home/jeni/astra_s/libuvc -DCMAKE_BUILD_TYPE=Release -DCMAKE_INSTALL_PREFIX=/home/jeni/astra_s/install/libuvc
[0.279s] -- The C compiler identification is GNU 9.4.0
[0.282s] -- Check for working C compiler: /usr/bin/cc
[0.320s] -- Check for working C compiler: /usr/bin/cc -- works
[0.321s] -- Detecting C compiler ABI info
[0.358s] -- Detecting C compiler ABI info - done
[0.365s] -- Detecting C compile features
[0.365s] -- Detecting C compile features - done
[0.366s] -- No target type selected, default to both shared and static library
[0.368s] -- Found PkgConfig: /usr/bin/pkg-config (found version "0.29.1") 
[0.368s] -- Checking for module 'libusb-1.0'
[0.375s] --   Found libusb-1.0, version 1.0.23
[0.393s] -- libusb-1.0 found using pkgconfig
[0.402s] -- Found JPEG: /usr/lib/x86_64-linux-gnu/libjpeg.so (found version "80") 
[0.402s] -- Found JPEG library using standard module
[0.402s] -- Found JPEG: /usr/lib/x86_64-linux-gnu/libjpeg.so  
[0.402s] -- Building libuvc with JPEG support.
[0.403s] -- Looking for pthread.h
[0.441s] -- Looking for pthread.h - found
[0.441s] -- Performing Test CMAKE_HAVE_LIBC_PTHREAD
[0.498s] -- Performing Test CMAKE_HAVE_LIBC_PTHREAD - Failed
[0.498s] -- Check if compiler accepts -pthread
[0.568s] -- Check if compiler accepts -pthread - yes
[0.569s] -- Found Threads: TRUE  
[0.574s] -- Configuring done
[0.581s] -- Generating done
[0.581s] -- Build files have been written to: /home/jeni/astra_s/build/libuvc
[0.588s] Invoked command in '/home/jeni/astra_s/build/libuvc' returned '0': CONDA_PROMPT_MODIFIER=(base) /usr/bin/cmake /home/jeni/astra_s/libuvc -DCMAKE_BUILD_TYPE=Release -DCMAKE_INSTALL_PREFIX=/home/jeni/astra_s/install/libuvc
[0.590s] Invoking command in '/home/jeni/astra_s/build/libuvc': CONDA_PROMPT_MODIFIER=(base) /usr/bin/cmake --build /home/jeni/astra_s/build/libuvc -- -j20 -l20
[0.625s] [35m[1mScanning dependencies of target uvc[0m
[0.625s] [35m[1mScanning dependencies of target uvc_static[0m
[0.638s] [ 36%] [32mBuilding C object CMakeFiles/uvc_static.dir/src/ctrl-gen.c.o[0m
[0.639s] [ 36%] [32mBuilding C object CMakeFiles/uvc_static.dir/src/device.c.o[0m
[0.639s] [ 36%] [32mBuilding C object CMakeFiles/uvc.dir/src/frame.c.o[0m
[0.639s] [ 36%] [32mBuilding C object CMakeFiles/uvc.dir/src/ctrl-gen.c.o[0m
[0.639s] [ 36%] [32mBuilding C object CMakeFiles/uvc_static.dir/src/ctrl.c.o[0m
[0.639s] [ 36%] [32mBuilding C object CMakeFiles/uvc.dir/src/device.c.o[0m
[0.639s] [ 36%] [32mBuilding C object CMakeFiles/uvc_static.dir/src/diag.c.o[0m
[0.640s] [ 36%] [32mBuilding C object CMakeFiles/uvc.dir/src/init.c.o[0m
[0.640s] [ 40%] [32mBuilding C object CMakeFiles/uvc.dir/src/ctrl.c.o[0m
[0.641s] [ 45%] [32mBuilding C object CMakeFiles/uvc.dir/src/diag.c.o[0m
[0.643s] [ 50%] [32mBuilding C object CMakeFiles/uvc_static.dir/src/frame.c.o[0m
[0.646s] [ 59%] [32mBuilding C object CMakeFiles/uvc.dir/src/frame-mjpeg.c.o[0m
[0.646s] [ 59%] [32mBuilding C object CMakeFiles/uvc.dir/src/misc.c.o[0m
[0.647s] [ 63%] [32mBuilding C object CMakeFiles/uvc_static.dir/src/init.c.o[0m
[0.648s] [ 68%] [32mBuilding C object CMakeFiles/uvc.dir/src/stream.c.o[0m
[0.677s] [ 72%] [32mBuilding C object CMakeFiles/uvc_static.dir/src/stream.c.o[0m
[0.699s] [ 77%] [32mBuilding C object CMakeFiles/uvc_static.dir/src/misc.c.o[0m
[0.733s] [ 81%] [32mBuilding C object CMakeFiles/uvc_static.dir/src/frame-mjpeg.c.o[0m
[0.952s] [ 86%] [32m[1mLinking C shared library libuvc.so[0m
[0.989s] [ 86%] Built target uvc
[0.995s] [35m[1mScanning dependencies of target example[0m
[1.002s] [ 90%] [32mBuilding C object CMakeFiles/example.dir/src/example.c.o[0m
[1.035s] [100%] [32m[1mLinking C static library libuvc.a[0m
[1.035s] [100%] [32m[1mLinking C executable example[0m
[1.056s] [100%] Built target uvc_static
[1.056s] [100%] Built target example
[1.063s] Invoked command in '/home/jeni/astra_s/build/libuvc' returned '0': CONDA_PROMPT_MODIFIER=(base) /usr/bin/cmake --build /home/jeni/astra_s/build/libuvc -- -j20 -l20
[1.091s] Invoking command in '/home/jeni/astra_s/build/libuvc': CONDA_PROMPT_MODIFIER=(base) /usr/bin/cmake --install /home/jeni/astra_s/build/libuvc
[1.096s] -- Install configuration: "Release"
[1.096s] -- Installing: /home/jeni/astra_s/install/libuvc/lib/libuvc.so.0.0.7
[1.096s] -- Installing: /home/jeni/astra_s/install/libuvc/lib/libuvc.so.0
[1.096s] -- Installing: /home/jeni/astra_s/install/libuvc/lib/libuvc.so
[1.097s] -- Installing: /home/jeni/astra_s/install/libuvc/include/libuvc/libuvc.h
[1.097s] -- Installing: /home/jeni/astra_s/install/libuvc/include/libuvc/libuvc_config.h
[1.097s] -- Installing: /home/jeni/astra_s/install/libuvc/lib/libuvc.a
[1.097s] -- Up-to-date: /home/jeni/astra_s/install/libuvc/include/libuvc/libuvc.h
[1.097s] -- Up-to-date: /home/jeni/astra_s/install/libuvc/include/libuvc/libuvc_config.h
[1.097s] -- Installing: /home/jeni/astra_s/install/libuvc/lib/cmake/libuvc/libuvcTargets.cmake
[1.097s] -- Installing: /home/jeni/astra_s/install/libuvc/lib/cmake/libuvc/libuvcTargets-release.cmake
[1.097s] -- Installing: /home/jeni/astra_s/install/libuvc/lib/cmake/libuvc/FindLibUSB.cmake
[1.097s] -- Installing: /home/jeni/astra_s/install/libuvc/lib/cmake/libuvc/FindJpegPkg.cmake
[1.097s] -- Installing: /home/jeni/astra_s/install/libuvc/lib/cmake/libuvc/libuvcConfigVersion.cmake
[1.097s] -- Installing: /home/jeni/astra_s/install/libuvc/lib/pkgconfig/libuvc.pc
[1.098s] -- Installing: /home/jeni/astra_s/install/libuvc/lib/cmake/libuvc/libuvcConfig.cmake
[1.098s] Invoked command in '/home/jeni/astra_s/build/libuvc' returned '0': CONDA_PROMPT_MODIFIER=(base) /usr/bin/cmake --install /home/jeni/astra_s/build/libuvc
