Performing C++ SOURCE FILE Test HAS_CPP20_FLAG failed with the following output:
Change Dir: /home/jeni/astra_s/build/magic_enum/CMakeFiles/CMakeTmp

Run Build Command(s):/usr/bin/make cmTC_fd1a7/fast && /usr/bin/make -f CMakeFiles/cmTC_fd1a7.dir/build.make CMakeFiles/cmTC_fd1a7.dir/build
make[1]: Entering directory '/home/jeni/astra_s/build/magic_enum/CMakeFiles/CMakeTmp'
Building CXX object CMakeFiles/cmTC_fd1a7.dir/src.cxx.o
/usr/bin/c++    -DHAS_CPP20_FLAG   -std=c++20 -o CMakeFiles/cmTC_fd1a7.dir/src.cxx.o -c /home/jeni/astra_s/build/magic_enum/CMakeFiles/CMakeTmp/src.cxx
c++: error: unrecognized command line option '-std=c++20'; did you mean '-std=c++2a'?
make[1]: *** [CMakeFiles/cmTC_fd1a7.dir/build.make:66: CMakeFiles/cmTC_fd1a7.dir/src.cxx.o] Error 1
make[1]: Leaving directory '/home/jeni/astra_s/build/magic_enum/CMakeFiles/CMakeTmp'
make: *** [Makefile:121: cmTC_fd1a7/fast] Error 2


Source file was:
int main() { return 0; }
Performing C++ SOURCE FILE Test HAS_CPP23_FLAG failed with the following output:
Change Dir: /home/jeni/astra_s/build/magic_enum/CMakeFiles/CMakeTmp

Run Build Command(s):/usr/bin/make cmTC_7ec66/fast && /usr/bin/make -f CMakeFiles/cmTC_7ec66.dir/build.make CMakeFiles/cmTC_7ec66.dir/build
make[1]: Entering directory '/home/jeni/astra_s/build/magic_enum/CMakeFiles/CMakeTmp'
Building CXX object CMakeFiles/cmTC_7ec66.dir/src.cxx.o
/usr/bin/c++    -DHAS_CPP23_FLAG   -std=c++23 -o CMakeFiles/cmTC_7ec66.dir/src.cxx.o -c /home/jeni/astra_s/build/magic_enum/CMakeFiles/CMakeTmp/src.cxx
c++: error: unrecognized command line option '-std=c++23'; did you mean '-std=c++03'?
make[1]: *** [CMakeFiles/cmTC_7ec66.dir/build.make:66: CMakeFiles/cmTC_7ec66.dir/src.cxx.o] Error 1
make[1]: Leaving directory '/home/jeni/astra_s/build/magic_enum/CMakeFiles/CMakeTmp'
make: *** [Makefile:121: cmTC_7ec66/fast] Error 2


Source file was:
int main() { return 0; }
