[0.149s] Invoking command in '/home/jeni/astra_s/build/astra_camera': AMENT_PREFIX_PATH=/home/jeni/astra_s/install/astra_camera_msgs:${AMENT_PREFIX_PATH} CMAKE_PREFIX_PATH=/home/jeni/astra_s/install/astra_camera_msgs:/opt/ros/foxy CONDA_PROMPT_MODIFIER=(base) LD_LIBRARY_PATH=/home/jeni/astra_s/install/astra_camera_msgs/lib:${LD_LIBRARY_PATH} PYTHONPATH=/home/jeni/astra_s/install/astra_camera_msgs/lib/python3.9/site-packages:${PYTHONPATH} /usr/bin/cmake /home/jeni/astra_s/src/ros2_astra_camera/astra_camera -DCMAKE_BUILD_TYPE=Release -DCMAKE_INSTALL_PREFIX=/home/jeni/astra_s/install/astra_camera
[0.186s] -- The C compiler identification is GNU 9.4.0
[0.221s] -- The CXX compiler identification is GNU 9.4.0
[0.224s] -- Check for working C compiler: /usr/bin/cc
[0.266s] -- Check for working C compiler: /usr/bin/cc -- works
[0.267s] -- Detecting C compiler ABI info
[0.311s] -- Detecting C compiler ABI info - done
[0.318s] -- Detecting C compile features
[0.318s] -- Detecting C compile features - done
[0.319s] -- Check for working CXX compiler: /usr/bin/c++
[0.365s] -- Check for working CXX compiler: /usr/bin/c++ -- works
[0.365s] -- Detecting CXX compiler ABI info
[0.412s] -- Detecting CXX compiler ABI info - done
[0.418s] -- Detecting CXX compile features
[0.418s] -- Detecting CXX compile features - done
[0.419s] -- Found ament_cmake: 0.9.12 (/opt/ros/foxy/share/ament_cmake/cmake)
[0.438s] -- Found PythonInterp: /home/jeni/anaconda3/bin/python3 (found suitable version "3.9.7", minimum required is "3") 
[0.438s] -- Using PYTHON_EXECUTABLE: /home/jeni/anaconda3/bin/python3
[0.541s] -- Found ament_index_cpp: 1.1.0 (/opt/ros/foxy/share/ament_index_cpp/cmake)
[0.543s] -- Found astra_camera_msgs: 1.0.1 (/home/jeni/astra_s/install/astra_camera_msgs/share/astra_camera_msgs/cmake)
[0.559s] -- Using all available rosidl_typesupport_c: rosidl_typesupport_fastrtps_c;rosidl_typesupport_introspection_c
[0.562s] -- Found rosidl_adapter: 1.3.1 (/opt/ros/foxy/share/rosidl_adapter/cmake)
[0.604s] -- Found OpenSSL: /usr/lib/x86_64-linux-gnu/libcrypto.so (found version "1.1.1f")  
[0.621s] -- Found FastRTPS: /opt/ros/foxy/include  
[0.666s] -- Using all available rosidl_typesupport_cpp: rosidl_typesupport_fastrtps_cpp;rosidl_typesupport_introspection_cpp
[0.833s] -- Found camera_info_manager: 2.4.0 (/opt/ros/foxy/share/camera_info_manager/cmake)
[0.862s] -- Found rmw_implementation_cmake: 1.0.4 (/opt/ros/foxy/share/rmw_implementation_cmake/cmake)
[0.862s] -- Using RMW implementation 'rmw_fastrtps_cpp' as default
[0.863s] -- Looking for pthread.h
[0.908s] -- Looking for pthread.h - found
[0.908s] -- Performing Test CMAKE_HAVE_LIBC_PTHREAD
[0.954s] -- Performing Test CMAKE_HAVE_LIBC_PTHREAD - Failed
[0.954s] -- Looking for pthread_create in pthreads
[0.991s] -- Looking for pthread_create in pthreads - not found
[0.991s] -- Looking for pthread_create in pthread
[1.035s] -- Looking for pthread_create in pthread - found
[1.036s] -- Found Threads: TRUE  
[1.216s] -- Setting yaml-cpp_DIR to: '/opt/ros/foxy/share/yaml_cpp_vendor/cmake/../../../opt/yaml_cpp_vendor/lib/cmake/yaml-cpp'
[1.301s] -- Found class_loader: 2.0.3 (/opt/ros/foxy/share/class_loader/cmake)
[1.307s] -- Found cv_bridge: 3.0.7 (/opt/ros/foxy/share/cv_bridge/cmake)
[1.351s] -- Found image_geometry: 3.0.7 (/opt/ros/foxy/share/image_geometry/cmake)
[1.356s] -- Found image_publisher: 2.3.0 (/opt/ros/foxy/share/image_publisher/cmake)
[1.567s] -- Found JPEG: /usr/lib/x86_64-linux-gnu/libjpeg.so (found version "80") 
[1.567s] -- Found JPEG library using standard module
[1.568s] -- Found JPEG: /usr/lib/x86_64-linux-gnu/libjpeg.so  
[1.572s] -- Found PkgConfig: /usr/bin/pkg-config (found version "0.29.1") 
[1.573s] -- Checking for module 'libusb-1.0'
[1.590s] --   Found libusb-1.0, version 1.0.23
[1.628s] -- libusb-1.0 found using pkgconfig
[1.639s] -- Found OpenCV: /usr (found version "4.2.0") 
[1.642s] -- Found std_srvs: 2.0.5 (/opt/ros/foxy/share/std_srvs/cmake)
[1.654s] -- Found tf2: 0.13.14 (/opt/ros/foxy/share/tf2/cmake)
[1.666s] -- Found tf2_eigen: 0.13.14 (/opt/ros/foxy/share/tf2_eigen/cmake)
[1.861s] -- Found tf2_sensor_msgs: 0.13.14 (/opt/ros/foxy/share/tf2_sensor_msgs/cmake)
[1.872s] -- ORRBEC Machine : x86_64
[1.872s] 
[1.872s] -- ORRBEC Machine Bits : 64
[1.872s] 
[1.872s] -- ORRBEC : x64
[2.145s] -- Found ament_lint_auto: 0.9.8 (/opt/ros/foxy/share/ament_lint_auto/cmake)
[2.216s] -- Configuring done
[2.260s] -- Generating done
[2.261s] -- Build files have been written to: /home/jeni/astra_s/build/astra_camera
[2.268s] Invoked command in '/home/jeni/astra_s/build/astra_camera' returned '0': AMENT_PREFIX_PATH=/home/jeni/astra_s/install/astra_camera_msgs:${AMENT_PREFIX_PATH} CMAKE_PREFIX_PATH=/home/jeni/astra_s/install/astra_camera_msgs:/opt/ros/foxy CONDA_PROMPT_MODIFIER=(base) LD_LIBRARY_PATH=/home/jeni/astra_s/install/astra_camera_msgs/lib:${LD_LIBRARY_PATH} PYTHONPATH=/home/jeni/astra_s/install/astra_camera_msgs/lib/python3.9/site-packages:${PYTHONPATH} /usr/bin/cmake /home/jeni/astra_s/src/ros2_astra_camera/astra_camera -DCMAKE_BUILD_TYPE=Release -DCMAKE_INSTALL_PREFIX=/home/jeni/astra_s/install/astra_camera
[2.271s] Invoking command in '/home/jeni/astra_s/build/astra_camera': AMENT_PREFIX_PATH=/home/jeni/astra_s/install/astra_camera_msgs:${AMENT_PREFIX_PATH} CMAKE_PREFIX_PATH=/home/jeni/astra_s/install/astra_camera_msgs:/opt/ros/foxy CONDA_PROMPT_MODIFIER=(base) LD_LIBRARY_PATH=/home/jeni/astra_s/install/astra_camera_msgs/lib:${LD_LIBRARY_PATH} PYTHONPATH=/home/jeni/astra_s/install/astra_camera_msgs/lib/python3.9/site-packages:${PYTHONPATH} /usr/bin/cmake --build /home/jeni/astra_s/build/astra_camera -- -j20 -l20
[2.295s] [35m[1mScanning dependencies of target astra_camera[0m
[2.386s] [  6%] [32mBuilding CXX object CMakeFiles/astra_camera.dir/src/point_cloud_proc/point_cloud_xyz.cpp.o[0m
[2.389s] [ 18%] [32mBuilding CXX object CMakeFiles/astra_camera.dir/src/dynamic_params.cpp.o[0m
[2.389s] [ 18%] [32mBuilding CXX object CMakeFiles/astra_camera.dir/src/point_cloud_proc/point_cloud_xyzrgb.cpp.o[0m
[2.392s] [ 25%] [32mBuilding CXX object CMakeFiles/astra_camera.dir/src/ob_frame_listener.cpp.o[0m
[2.392s] [ 31%] [32mBuilding CXX object CMakeFiles/astra_camera.dir/src/device_listener.cpp.o[0m
[2.392s] [ 37%] [32mBuilding CXX object CMakeFiles/astra_camera.dir/src/ob_camera_info.cpp.o[0m
[2.393s] [ 43%] [32mBuilding CXX object CMakeFiles/astra_camera.dir/src/ob_camera_node_factory.cpp.o[0m
[2.393s] [ 50%] [32mBuilding CXX object CMakeFiles/astra_camera.dir/src/ob_camera_node.cpp.o[0m
[2.393s] [ 56%] [32mBuilding CXX object CMakeFiles/astra_camera.dir/src/ob_timer_filter.cpp.o[0m
[2.393s] [ 62%] [32mBuilding CXX object CMakeFiles/astra_camera.dir/src/ros_param_backend.cpp.o[0m
[2.394s] [ 68%] [32mBuilding CXX object CMakeFiles/astra_camera.dir/src/ros_service.cpp.o[0m
[2.395s] [ 75%] [32mBuilding CXX object CMakeFiles/astra_camera.dir/src/uvc_camera_driver.cpp.o[0m
[2.395s] [ 81%] [32mBuilding CXX object CMakeFiles/astra_camera.dir/src/utils.cpp.o[0m
[11.021s] [ 87%] [32m[1mLinking CXX shared library libastra_camera.so[0m
[12.590s] [ 87%] Built target astra_camera
[12.596s] [35m[1mScanning dependencies of target list_devices_node[0m
[12.627s] [ 93%] [32mBuilding CXX object CMakeFiles/list_devices_node.dir/src/list_devices_node.cpp.o[0m
[13.837s] [100%] [32m[1mLinking CXX executable list_devices_node[0m
[14.566s] [100%] Built target list_devices_node
[14.573s] Invoked command in '/home/jeni/astra_s/build/astra_camera' returned '0': AMENT_PREFIX_PATH=/home/jeni/astra_s/install/astra_camera_msgs:${AMENT_PREFIX_PATH} CMAKE_PREFIX_PATH=/home/jeni/astra_s/install/astra_camera_msgs:/opt/ros/foxy CONDA_PROMPT_MODIFIER=(base) LD_LIBRARY_PATH=/home/jeni/astra_s/install/astra_camera_msgs/lib:${LD_LIBRARY_PATH} PYTHONPATH=/home/jeni/astra_s/install/astra_camera_msgs/lib/python3.9/site-packages:${PYTHONPATH} /usr/bin/cmake --build /home/jeni/astra_s/build/astra_camera -- -j20 -l20
[14.599s] Invoking command in '/home/jeni/astra_s/build/astra_camera': AMENT_PREFIX_PATH=/home/jeni/astra_s/install/astra_camera_msgs:${AMENT_PREFIX_PATH} CMAKE_PREFIX_PATH=/home/jeni/astra_s/install/astra_camera_msgs:/opt/ros/foxy CONDA_PROMPT_MODIFIER=(base) LD_LIBRARY_PATH=/home/jeni/astra_s/install/astra_camera_msgs/lib:${LD_LIBRARY_PATH} PYTHONPATH=/home/jeni/astra_s/install/astra_camera_msgs/lib/python3.9/site-packages:${PYTHONPATH} /usr/bin/cmake --install /home/jeni/astra_s/build/astra_camera
[14.609s] -- Install configuration: "Debug"
[14.609s] -- Installing: /home/jeni/astra_s/install/astra_camera/lib/libastra_camera.so
[14.634s] -- Set runtime path of "/home/jeni/astra_s/install/astra_camera/lib/libastra_camera.so" to ""
[14.634s] -- Installing: /home/jeni/astra_s/install/astra_camera/lib/libOpenNI2.so
[14.635s] -- Installing: /home/jeni/astra_s/install/astra_camera/lib//OpenNI2
[14.635s] -- Installing: /home/jeni/astra_s/install/astra_camera/lib//OpenNI2/Drivers
[14.635s] -- Installing: /home/jeni/astra_s/install/astra_camera/lib//OpenNI2/Drivers/liborbbec.so
[14.635s] -- Installing: /home/jeni/astra_s/install/astra_camera/lib//OpenNI2/Drivers/libOniFile.so
[14.636s] -- Installing: /home/jeni/astra_s/install/astra_camera/lib//OpenNI2/Drivers/OniFile.ini
[14.636s] -- Installing: /home/jeni/astra_s/install/astra_camera/lib//OpenNI2/Drivers/orbbec.ini
[14.636s] -- Installing: /home/jeni/astra_s/install/astra_camera/lib/astra_camera/list_devices_node
[14.637s] -- Set runtime path of "/home/jeni/astra_s/install/astra_camera/lib/astra_camera/list_devices_node" to ""
[14.637s] -- Installing: /home/jeni/astra_s/install/astra_camera/include
[14.637s] -- Installing: /home/jeni/astra_s/install/astra_camera/include/openni2
[14.637s] -- Installing: /home/jeni/astra_s/install/astra_camera/include/openni2/PS1080.h
[14.637s] -- Installing: /home/jeni/astra_s/install/astra_camera/include/openni2/OniTest.h
[14.637s] -- Installing: /home/jeni/astra_s/install/astra_camera/include/openni2/Linux-x86
[14.637s] -- Installing: /home/jeni/astra_s/install/astra_camera/include/openni2/Linux-x86/OniPlatformLinux-x86.h
[14.637s] -- Installing: /home/jeni/astra_s/install/astra_camera/include/openni2/SonixCamera.h
[14.637s] -- Installing: /home/jeni/astra_s/install/astra_camera/include/openni2/MacOSX
[14.637s] -- Installing: /home/jeni/astra_s/install/astra_camera/include/openni2/MacOSX/OniPlatformMacOSX.h
[14.637s] -- Installing: /home/jeni/astra_s/install/astra_camera/include/openni2/OniProperties.h
[14.637s] -- Installing: /home/jeni/astra_s/install/astra_camera/include/openni2/OpenNI.h
[14.637s] -- Installing: /home/jeni/astra_s/install/astra_camera/include/openni2/PSLink.h
[14.637s] -- Installing: /home/jeni/astra_s/install/astra_camera/include/openni2/PrimeSense.h
[14.637s] -- Installing: /home/jeni/astra_s/install/astra_camera/include/openni2/OniCAPI.h
[14.637s] -- Installing: /home/jeni/astra_s/install/astra_camera/include/openni2/OniPlatform.h
[14.637s] -- Installing: /home/jeni/astra_s/install/astra_camera/include/openni2/util.h
[14.637s] -- Installing: /home/jeni/astra_s/install/astra_camera/include/openni2/OniCEnums.h
[14.637s] -- Installing: /home/jeni/astra_s/install/astra_camera/include/openni2/OniCTypes.h
[14.637s] -- Installing: /home/jeni/astra_s/install/astra_camera/include/openni2/KinectProperties.h
[14.637s] -- Installing: /home/jeni/astra_s/install/astra_camera/include/openni2/openni2_redist
[14.637s] -- Installing: /home/jeni/astra_s/install/astra_camera/include/openni2/openni2_redist/arm
[14.637s] -- Installing: /home/jeni/astra_s/install/astra_camera/include/openni2/openni2_redist/arm/libOpenNI2.so
[14.638s] -- Installing: /home/jeni/astra_s/install/astra_camera/include/openni2/openni2_redist/arm/OpenNI.ini
[14.638s] -- Installing: /home/jeni/astra_s/install/astra_camera/include/openni2/openni2_redist/arm/SimpleRead
[14.638s] -- Installing: /home/jeni/astra_s/install/astra_camera/include/openni2/openni2_redist/arm/libDepthUtils.a
[14.638s] -- Installing: /home/jeni/astra_s/install/astra_camera/include/openni2/openni2_redist/arm/OpenNI2
[14.638s] -- Installing: /home/jeni/astra_s/install/astra_camera/include/openni2/openni2_redist/arm/OpenNI2/Drivers
[14.638s] -- Installing: /home/jeni/astra_s/install/astra_camera/include/openni2/openni2_redist/arm/OpenNI2/Drivers/liborbbec.so
[14.638s] -- Installing: /home/jeni/astra_s/install/astra_camera/include/openni2/openni2_redist/arm/OpenNI2/Drivers/libOniFile.so
[14.639s] -- Installing: /home/jeni/astra_s/install/astra_camera/include/openni2/openni2_redist/arm/OpenNI2/Drivers/OniFile.ini
[14.639s] -- Installing: /home/jeni/astra_s/install/astra_camera/include/openni2/openni2_redist/arm/OpenNI2/Drivers/orbbec.ini
[14.639s] -- Installing: /home/jeni/astra_s/install/astra_camera/include/openni2/openni2_redist/arm/PS1080Console
[14.639s] -- Installing: /home/jeni/astra_s/install/astra_camera/include/openni2/openni2_redist/arm/NiViewer
[14.639s] -- Installing: /home/jeni/astra_s/install/astra_camera/include/openni2/openni2_redist/x64
[14.639s] -- Installing: /home/jeni/astra_s/install/astra_camera/include/openni2/openni2_redist/x64/libOpenNI2.so
[14.639s] -- Installing: /home/jeni/astra_s/install/astra_camera/include/openni2/openni2_redist/x64/OpenNI.ini
[14.640s] -- Installing: /home/jeni/astra_s/install/astra_camera/include/openni2/openni2_redist/x64/OpenNI2
[14.640s] -- Installing: /home/jeni/astra_s/install/astra_camera/include/openni2/openni2_redist/x64/OpenNI2/Drivers
[14.640s] -- Installing: /home/jeni/astra_s/install/astra_camera/include/openni2/openni2_redist/x64/OpenNI2/Drivers/liborbbec.so
[14.640s] -- Installing: /home/jeni/astra_s/install/astra_camera/include/openni2/openni2_redist/x64/OpenNI2/Drivers/libOniFile.so
[14.641s] -- Installing: /home/jeni/astra_s/install/astra_camera/include/openni2/openni2_redist/x64/OpenNI2/Drivers/OniFile.ini
[14.641s] -- Installing: /home/jeni/astra_s/install/astra_camera/include/openni2/openni2_redist/x64/OpenNI2/Drivers/orbbec.ini
[14.641s] -- Installing: /home/jeni/astra_s/install/astra_camera/include/openni2/openni2_redist/arm64
[14.641s] -- Installing: /home/jeni/astra_s/install/astra_camera/include/openni2/openni2_redist/arm64/libOpenNI2.so
[14.641s] -- Installing: /home/jeni/astra_s/install/astra_camera/include/openni2/openni2_redist/arm64/OpenNI.ini
[14.641s] -- Installing: /home/jeni/astra_s/install/astra_camera/include/openni2/openni2_redist/arm64/SimpleRead
[14.641s] -- Installing: /home/jeni/astra_s/install/astra_camera/include/openni2/openni2_redist/arm64/libDepthUtils.a
[14.641s] -- Installing: /home/jeni/astra_s/install/astra_camera/include/openni2/openni2_redist/arm64/OpenNI2
[14.641s] -- Installing: /home/jeni/astra_s/install/astra_camera/include/openni2/openni2_redist/arm64/OpenNI2/Drivers
[14.641s] -- Installing: /home/jeni/astra_s/install/astra_camera/include/openni2/openni2_redist/arm64/OpenNI2/Drivers/liborbbec.so
[14.642s] -- Installing: /home/jeni/astra_s/install/astra_camera/include/openni2/openni2_redist/arm64/OpenNI2/Drivers/libOniFile.so
[14.642s] -- Installing: /home/jeni/astra_s/install/astra_camera/include/openni2/openni2_redist/arm64/OpenNI2/Drivers/OniFile.ini
[14.642s] -- Installing: /home/jeni/astra_s/install/astra_camera/include/openni2/openni2_redist/arm64/OpenNI2/Drivers/orbbec.ini
[14.642s] -- Installing: /home/jeni/astra_s/install/astra_camera/include/openni2/openni2_redist/arm64/PS1080Console
[14.642s] -- Installing: /home/jeni/astra_s/install/astra_camera/include/openni2/openni2_redist/arm64/NiViewer
[14.643s] -- Installing: /home/jeni/astra_s/install/astra_camera/include/openni2/Driver
[14.643s] -- Installing: /home/jeni/astra_s/install/astra_camera/include/openni2/Driver/OniDriverAPI.h
[14.643s] -- Installing: /home/jeni/astra_s/install/astra_camera/include/openni2/Driver/OniDriverTypes.h
[14.643s] -- Installing: /home/jeni/astra_s/install/astra_camera/include/openni2/Android-Arm
[14.643s] -- Installing: /home/jeni/astra_s/install/astra_camera/include/openni2/Android-Arm/OniPlatformAndroid-Arm.h
[14.643s] -- Installing: /home/jeni/astra_s/install/astra_camera/include/openni2/OniCProperties.h
[14.643s] -- Installing: /home/jeni/astra_s/install/astra_camera/include/openni2/Win32
[14.643s] -- Installing: /home/jeni/astra_s/install/astra_camera/include/openni2/Win32/OniPlatformWin32.h
[14.643s] -- Installing: /home/jeni/astra_s/install/astra_camera/include/openni2/Linux-Arm
[14.643s] -- Installing: /home/jeni/astra_s/install/astra_camera/include/openni2/Linux-Arm/OniPlatformLinux-Arm.h
[14.643s] -- Installing: /home/jeni/astra_s/install/astra_camera/include/openni2/OniEnums.h
[14.643s] -- Installing: /home/jeni/astra_s/install/astra_camera/include/openni2/OniVersion.h
[14.643s] -- Installing: /home/jeni/astra_s/install/astra_camera/include/astra_camera
[14.643s] -- Installing: /home/jeni/astra_s/install/astra_camera/include/astra_camera/ob_camera_node_factory.h
[14.643s] -- Installing: /home/jeni/astra_s/install/astra_camera/include/astra_camera/utils.h
[14.643s] -- Installing: /home/jeni/astra_s/install/astra_camera/include/astra_camera/constants.h
[14.643s] -- Installing: /home/jeni/astra_s/install/astra_camera/include/astra_camera/ob_timer_filter.h
[14.643s] -- Installing: /home/jeni/astra_s/install/astra_camera/include/astra_camera/dynamic_params.h
[14.643s] -- Installing: /home/jeni/astra_s/install/astra_camera/include/astra_camera/types.h
[14.643s] -- Installing: /home/jeni/astra_s/install/astra_camera/include/astra_camera/device_listener.h
[14.643s] -- Installing: /home/jeni/astra_s/install/astra_camera/include/astra_camera/point_cloud_proc
[14.643s] -- Installing: /home/jeni/astra_s/install/astra_camera/include/astra_camera/point_cloud_proc/point_cloud_xyz.h
[14.643s] -- Installing: /home/jeni/astra_s/install/astra_camera/include/astra_camera/point_cloud_proc/depth_traits.h
[14.643s] -- Installing: /home/jeni/astra_s/install/astra_camera/include/astra_camera/point_cloud_proc/point_cloud_xyzrgb.h
[14.643s] -- Installing: /home/jeni/astra_s/install/astra_camera/include/astra_camera/ob_frame_listener.h
[14.643s] -- Installing: /home/jeni/astra_s/install/astra_camera/include/astra_camera/uvc_camera_driver.h
[14.643s] -- Installing: /home/jeni/astra_s/install/astra_camera/include/astra_camera/ob_camera_node.h
[14.643s] -- Installing: /home/jeni/astra_s/install/astra_camera/include/astra_camera/ros_param_backend.h
[14.644s] -- Installing: /home/jeni/astra_s/install/astra_camera/share/astra_camera//launch
[14.644s] -- Installing: /home/jeni/astra_s/install/astra_camera/share/astra_camera//launch/multi_dabai_dw.launch.py
[14.644s] -- Installing: /home/jeni/astra_s/install/astra_camera/share/astra_camera//launch/dabai_dw.launch.py
[14.644s] -- Installing: /home/jeni/astra_s/install/astra_camera/share/astra_camera//launch/dabai_dcw.launch.py
[14.644s] -- Installing: /home/jeni/astra_s/install/astra_camera/share/astra_camera//launch/multi_dabai_pro.launch.py
[14.644s] -- Installing: /home/jeni/astra_s/install/astra_camera/share/astra_camera//launch/dabai_pro.launch.py
[14.644s] -- Installing: /home/jeni/astra_s/install/astra_camera/share/astra_camera//launch/multi_dabai.launch.py
[14.644s] -- Installing: /home/jeni/astra_s/install/astra_camera/share/astra_camera//launch/multi_astra_mini.launch.py
[14.644s] -- Installing: /home/jeni/astra_s/install/astra_camera/share/astra_camera//launch/.gitkeep
[14.644s] -- Installing: /home/jeni/astra_s/install/astra_camera/share/astra_camera//launch/astra_mini.launch.py
[14.644s] -- Installing: /home/jeni/astra_s/install/astra_camera/share/astra_camera//launch/dabai.launch.py
[14.644s] -- Installing: /home/jeni/astra_s/install/astra_camera/share/astra_camera//launch/multi_dabai_dcw.launch.py
[14.644s] -- Installing: /home/jeni/astra_s/install/astra_camera/share/astra_camera//config
[14.644s] -- Installing: /home/jeni/astra_s/install/astra_camera/share/astra_camera//config/.gitkeep
[14.644s] -- Installing: /home/jeni/astra_s/install/astra_camera/share/astra_camera//params
[14.644s] -- Installing: /home/jeni/astra_s/install/astra_camera/share/astra_camera//params/camera_params_template.yaml
[14.644s] -- Installing: /home/jeni/astra_s/install/astra_camera/share/astra_camera//params/dabai_pro_params.yaml
[14.644s] -- Installing: /home/jeni/astra_s/install/astra_camera/share/astra_camera//params/dabai_params.yaml
[14.644s] -- Installing: /home/jeni/astra_s/install/astra_camera/share/astra_camera//params/.gitkeep
[14.644s] -- Installing: /home/jeni/astra_s/install/astra_camera/share/astra_camera//params/dabai_dw_params.yaml
[14.644s] -- Installing: /home/jeni/astra_s/install/astra_camera/share/astra_camera//params/astra_mini_params.yaml
[14.644s] -- Installing: /home/jeni/astra_s/install/astra_camera/share/astra_camera//params/dabai_dcw_params.yaml
[14.644s] -- Installing: /home/jeni/astra_s/install/astra_camera/share/astra_camera//rviz
[14.644s] -- Installing: /home/jeni/astra_s/install/astra_camera/share/astra_camera//rviz/pointcloud.rviz
[14.644s] -- Installing: /home/jeni/astra_s/install/astra_camera/share/astra_camera//rviz/multi_camera.rviz
[14.644s] -- Installing: /home/jeni/astra_s/install/astra_camera/share/astra_camera//rviz/.gitkeep
[14.644s] -- Installing: /home/jeni/astra_s/install/astra_camera/share/astra_camera/environment/library_path.sh
[14.644s] -- Installing: /home/jeni/astra_s/install/astra_camera/share/astra_camera/environment/library_path.dsv
[14.644s] -- Installing: /home/jeni/astra_s/install/astra_camera/share/ament_index/resource_index/package_run_dependencies/astra_camera
[14.644s] -- Installing: /home/jeni/astra_s/install/astra_camera/share/ament_index/resource_index/parent_prefix_path/astra_camera
[14.644s] -- Installing: /home/jeni/astra_s/install/astra_camera/share/astra_camera/environment/ament_prefix_path.sh
[14.644s] -- Installing: /home/jeni/astra_s/install/astra_camera/share/astra_camera/environment/ament_prefix_path.dsv
[14.645s] -- Installing: /home/jeni/astra_s/install/astra_camera/share/astra_camera/environment/path.sh
[14.645s] -- Installing: /home/jeni/astra_s/install/astra_camera/share/astra_camera/environment/path.dsv
[14.645s] -- Installing: /home/jeni/astra_s/install/astra_camera/share/astra_camera/local_setup.bash
[14.645s] -- Installing: /home/jeni/astra_s/install/astra_camera/share/astra_camera/local_setup.sh
[14.645s] -- Installing: /home/jeni/astra_s/install/astra_camera/share/astra_camera/local_setup.zsh
[14.645s] -- Installing: /home/jeni/astra_s/install/astra_camera/share/astra_camera/local_setup.dsv
[14.645s] -- Installing: /home/jeni/astra_s/install/astra_camera/share/astra_camera/package.dsv
[14.645s] -- Installing: /home/jeni/astra_s/install/astra_camera/share/ament_index/resource_index/packages/astra_camera
[14.645s] -- Installing: /home/jeni/astra_s/install/astra_camera/share/ament_index/resource_index/rclcpp_components/astra_camera
[14.645s] -- Installing: /home/jeni/astra_s/install/astra_camera/share/astra_camera/cmake/ament_cmake_export_include_directories-extras.cmake
[14.645s] -- Installing: /home/jeni/astra_s/install/astra_camera/share/astra_camera/cmake/ament_cmake_export_libraries-extras.cmake
[14.645s] -- Installing: /home/jeni/astra_s/install/astra_camera/share/astra_camera/cmake/ament_cmake_export_dependencies-extras.cmake
[14.645s] -- Installing: /home/jeni/astra_s/install/astra_camera/share/astra_camera/cmake/astra_cameraConfig.cmake
[14.645s] -- Installing: /home/jeni/astra_s/install/astra_camera/share/astra_camera/cmake/astra_cameraConfig-version.cmake
[14.645s] -- Installing: /home/jeni/astra_s/install/astra_camera/share/astra_camera/package.xml
[14.646s] Invoked command in '/home/jeni/astra_s/build/astra_camera' returned '0': AMENT_PREFIX_PATH=/home/jeni/astra_s/install/astra_camera_msgs:${AMENT_PREFIX_PATH} CMAKE_PREFIX_PATH=/home/jeni/astra_s/install/astra_camera_msgs:/opt/ros/foxy CONDA_PROMPT_MODIFIER=(base) LD_LIBRARY_PATH=/home/jeni/astra_s/install/astra_camera_msgs/lib:${LD_LIBRARY_PATH} PYTHONPATH=/home/jeni/astra_s/install/astra_camera_msgs/lib/python3.9/site-packages:${PYTHONPATH} /usr/bin/cmake --install /home/jeni/astra_s/build/astra_camera
