[0.371s] Invoking command in '/home/jeni/astra_s/build/glog': CONDA_PROMPT_MODIFIER=(base) /usr/bin/cmake /home/jeni/astra_s/glog-0.6.0 -DCMAKE_BUILD_TYPE=Release -DCMAKE_INSTALL_PREFIX=/home/jeni/astra_s/install/glog
[0.405s] -- The CXX compiler identification is GNU 9.4.0
[0.408s] -- Check for working CXX compiler: /usr/bin/c++
[0.451s] -- Check for working CXX compiler: /usr/bin/c++ -- works
[0.452s] -- Detecting CXX compiler ABI info
[0.495s] -- Detecting CXX compiler ABI info - done
[0.504s] -- Detecting CXX compile features
[0.504s] -- Detecting CXX compile features - done
[0.519s] -- Could NOT find GTest (missing: GTest_DIR)
[0.521s] -- Looking for gflags namespace
[0.703s] -- Looking for gflags namespace - gflags
[0.705s] -- Looking for C++ include pthread.h
[0.770s] -- Looking for C++ include pthread.h - found
[0.772s] -- Performing Test CMAKE_HAVE_LIBC_PTHREAD
[0.987s] -- Performing Test CMAKE_HAVE_LIBC_PTHREAD - Failed
[0.987s] -- Looking for pthread_create in pthreads
[1.060s] -- Looking for pthread_create in pthreads - not found
[1.060s] -- Looking for pthread_create in pthread
[1.120s] -- Looking for pthread_create in pthread - found
[1.120s] -- Found Threads: TRUE  
[1.127s] -- Could NOT find Unwind (missing: Unwind_INCLUDE_DIR Unwind_LIBRARY) 
[1.128s] -- Looking for C++ include unwind.h
[1.175s] -- Looking for C++ include unwind.h - found
[1.175s] -- Looking for _Unwind_Backtrace
[1.224s] -- Looking for _Unwind_Backtrace - found
[1.224s] -- Looking for C++ include dlfcn.h
[1.271s] -- Looking for C++ include dlfcn.h - found
[1.271s] -- Looking for C++ include execinfo.h
[1.320s] -- Looking for C++ include execinfo.h - found
[1.322s] -- Looking for C++ include glob.h
[1.369s] -- Looking for C++ include glob.h - found
[1.370s] -- Looking for C++ include inttypes.h
[1.418s] -- Looking for C++ include inttypes.h - found
[1.418s] -- Looking for C++ include memory.h
[1.467s] -- Looking for C++ include memory.h - found
[1.467s] -- Looking for C++ include pwd.h
[1.513s] -- Looking for C++ include pwd.h - found
[1.513s] -- Looking for C++ include stdint.h
[1.561s] -- Looking for C++ include stdint.h - found
[1.561s] -- Looking for C++ include strings.h
[1.608s] -- Looking for C++ include strings.h - found
[1.608s] -- Looking for C++ include sys/stat.h
[1.657s] -- Looking for C++ include sys/stat.h - found
[1.657s] -- Looking for C++ include sys/syscall.h
[1.703s] -- Looking for C++ include sys/syscall.h - found
[1.704s] -- Looking for C++ include sys/time.h
[1.751s] -- Looking for C++ include sys/time.h - found
[1.751s] -- Looking for C++ include sys/types.h
[1.803s] -- Looking for C++ include sys/types.h - found
[1.803s] -- Looking for C++ include sys/utsname.h
[1.852s] -- Looking for C++ include sys/utsname.h - found
[1.852s] -- Looking for C++ include sys/wait.h
[1.901s] -- Looking for C++ include sys/wait.h - found
[1.901s] -- Looking for C++ include syscall.h
[1.949s] -- Looking for C++ include syscall.h - found
[1.949s] -- Looking for C++ include syslog.h
[2.000s] -- Looking for C++ include syslog.h - found
[2.000s] -- Looking for C++ include ucontext.h
[2.048s] -- Looking for C++ include ucontext.h - found
[2.049s] -- Looking for C++ include unistd.h
[2.099s] -- Looking for C++ include unistd.h - found
[2.099s] -- Looking for C++ include ext/hash_map
[2.282s] -- Looking for C++ include ext/hash_map - found
[2.282s] -- Looking for C++ include ext/hash_set
[2.475s] -- Looking for C++ include ext/hash_set - found
[2.475s] -- Looking for C++ include ext/slist
[2.611s] -- Looking for C++ include ext/slist - found
[2.611s] -- Looking for C++ include tr1/unordered_map
[2.704s] -- Looking for C++ include tr1/unordered_map - found
[2.704s] -- Looking for C++ include tr1/unordered_set
[2.793s] -- Looking for C++ include tr1/unordered_set - found
[2.794s] -- Looking for C++ include unordered_map
[2.988s] -- Looking for C++ include unordered_map - found
[2.993s] -- Looking for C++ include unordered_set
[3.341s] -- Looking for C++ include unordered_set - found
[3.341s] -- Looking for C++ include stddef.h
[3.445s] -- Looking for C++ include stddef.h - found
[3.445s] -- Check size of unsigned __int16
[3.476s] -- Check size of unsigned __int16 - failed
[3.476s] -- Check size of u_int16_t
[3.596s] -- Check size of u_int16_t - done
[3.597s] -- Check size of uint16_t
[3.664s] -- Check size of uint16_t - done
[3.665s] -- Looking for dladdr
[3.718s] -- Looking for dladdr - not found
[3.718s] -- Looking for fcntl
[3.770s] -- Looking for fcntl - found
[3.770s] -- Looking for pread
[3.819s] -- Looking for pread - found
[3.819s] -- Looking for pwrite
[3.868s] -- Looking for pwrite - found
[3.868s] -- Looking for sigaction
[3.917s] -- Looking for sigaction - found
[3.917s] -- Looking for sigaltstack
[3.964s] -- Looking for sigaltstack - found
[3.965s] -- Performing Test HAVE_NO_DEPRECATED
[4.011s] -- Performing Test HAVE_NO_DEPRECATED - Success
[4.011s] -- Performing Test HAVE_NO_UNNAMED_TYPE_TEMPLATE_ARGS
[4.029s] -- Performing Test HAVE_NO_UNNAMED_TYPE_TEMPLATE_ARGS - Failed
[4.029s] -- Looking for pthread_threadid_np
[4.050s] -- Looking for pthread_threadid_np - not found
[4.050s] -- Looking for snprintf
[4.109s] -- Looking for snprintf - found
[4.109s] -- Looking for UnDecorateSymbolName in dbghelp
[4.167s] -- Looking for UnDecorateSymbolName in dbghelp - not found
[4.168s] -- Performing Test HAVE___ATTRIBUTE__
[4.230s] -- Performing Test HAVE___ATTRIBUTE__ - Success
[4.230s] -- Performing Test HAVE___ATTRIBUTE__VISIBILITY_DEFAULT
[4.308s] -- Performing Test HAVE___ATTRIBUTE__VISIBILITY_DEFAULT - Success
[4.308s] -- Performing Test HAVE___ATTRIBUTE__VISIBILITY_HIDDEN
[4.389s] -- Performing Test HAVE___ATTRIBUTE__VISIBILITY_HIDDEN - Success
[4.389s] -- Performing Test HAVE___BUILTIN_EXPECT
[4.457s] -- Performing Test HAVE___BUILTIN_EXPECT - Success
[4.458s] -- Performing Test HAVE___SYNC_VAL_COMPARE_AND_SWAP
[4.510s] -- Performing Test HAVE___SYNC_VAL_COMPARE_AND_SWAP - Success
[4.510s] -- Performing Test HAVE_RWLOCK
[4.564s] -- Performing Test HAVE_RWLOCK - Success
[4.565s] -- Performing Test HAVE___DECLSPEC
[4.583s] -- Performing Test HAVE___DECLSPEC - Failed
[4.583s] -- Performing Test STL_NO_NAMESPACE
[4.632s] -- Performing Test STL_NO_NAMESPACE - Failed
[4.632s] -- Performing Test STL_STD_NAMESPACE
[4.736s] -- Performing Test STL_STD_NAMESPACE - Success
[4.736s] -- Performing Test HAVE_USING_OPERATOR
[4.892s] -- Performing Test HAVE_USING_OPERATOR - Success
[4.892s] -- Performing Test HAVE_NAMESPACES
[4.942s] -- Performing Test HAVE_NAMESPACES - Success
[4.943s] -- Performing Test HAVE_GCC_TLS
[4.990s] -- Performing Test HAVE_GCC_TLS - Success
[4.990s] -- Performing Test HAVE_MSVC_TLS
[5.007s] -- Performing Test HAVE_MSVC_TLS - Failed
[5.008s] -- Performing Test HAVE_CXX11_TLS
[5.056s] -- Performing Test HAVE_CXX11_TLS - Success
[5.056s] -- Performing Test HAVE_ALIGNED_STORAGE
[5.110s] -- Performing Test HAVE_ALIGNED_STORAGE - Success
[5.110s] -- Performing Test HAVE_CXX11_ATOMIC
[5.173s] -- Performing Test HAVE_CXX11_ATOMIC - Success
[5.173s] -- Performing Test HAVE_CXX11_CONSTEXPR
[5.220s] -- Performing Test HAVE_CXX11_CONSTEXPR - Success
[5.220s] -- Performing Test HAVE_CXX11_CHRONO
[5.291s] -- Performing Test HAVE_CXX11_CHRONO - Success
[5.291s] -- Performing Test HAVE_CXX11_NULLPTR_T
[5.342s] -- Performing Test HAVE_CXX11_NULLPTR_T - Success
[5.814s] -- Performing Test HAVE_LOCALTIME_R
[5.867s] -- Performing Test HAVE_LOCALTIME_R - Success
[5.870s] -- Performing Test COMPILER_HAS_HIDDEN_VISIBILITY
[5.916s] -- Performing Test COMPILER_HAS_HIDDEN_VISIBILITY - Success
[5.916s] -- Performing Test COMPILER_HAS_HIDDEN_INLINE_VISIBILITY
[5.961s] -- Performing Test COMPILER_HAS_HIDDEN_INLINE_VISIBILITY - Success
[5.961s] -- Performing Test COMPILER_HAS_DEPRECATED_ATTR
[6.011s] -- Performing Test COMPILER_HAS_DEPRECATED_ATTR - Success
[6.023s] -- Configuring done
[6.035s] -- Generating done
[6.037s] -- Build files have been written to: /home/jeni/astra_s/build/glog
[6.165s] Invoked command in '/home/jeni/astra_s/build/glog' returned '0': CONDA_PROMPT_MODIFIER=(base) /usr/bin/cmake /home/jeni/astra_s/glog-0.6.0 -DCMAKE_BUILD_TYPE=Release -DCMAKE_INSTALL_PREFIX=/home/jeni/astra_s/install/glog
[6.167s] Invoking command in '/home/jeni/astra_s/build/glog': CONDA_PROMPT_MODIFIER=(base) /usr/bin/cmake --build /home/jeni/astra_s/build/glog -- -j20 -l20
[6.188s] [35m[1mScanning dependencies of target glogbase[0m
[6.197s] [ 12%] [32mBuilding CXX object CMakeFiles/glogbase.dir/src/symbolize.cc.o[0m
[6.197s] [ 12%] [32mBuilding CXX object CMakeFiles/glogbase.dir/src/raw_logging.cc.o[0m
[6.197s] [ 12%] [32mBuilding CXX object CMakeFiles/glogbase.dir/src/logging.cc.o[0m
[6.197s] [ 12%] [32mBuilding CXX object CMakeFiles/glogbase.dir/src/demangle.cc.o[0m
[6.199s] [ 22%] [32mBuilding CXX object CMakeFiles/glogbase.dir/src/utilities.cc.o[0m
[6.199s] [ 22%] [32mBuilding CXX object CMakeFiles/glogbase.dir/src/vlog_is_on.cc.o[0m
[6.199s] [ 22%] [32mBuilding CXX object CMakeFiles/glogbase.dir/src/signalhandler.cc.o[0m
[7.486s] [ 22%] Built target glogbase
[7.492s] [35m[1mScanning dependencies of target glogtest[0m
[7.492s] [35m[1mScanning dependencies of target glog[0m
[7.498s] [ 25%] [32m[1mLinking CXX static library libglogtest.a[0m
[7.499s] [ 29%] [32m[1mLinking CXX shared library libglog.so[0m
[7.517s] [ 29%] Built target glogtest
[7.524s] [35m[1mScanning dependencies of target cleanup_immediately_unittest[0m
[7.524s] [35m[1mScanning dependencies of target logging_custom_prefix_unittest[0m
[7.525s] [35m[1mScanning dependencies of target utilities_unittest[0m
[7.525s] [35m[1mScanning dependencies of target signalhandler_unittest[0m
[7.525s] [35m[1mScanning dependencies of target symbolize_unittest[0m
[7.525s] [35m[1mScanning dependencies of target cleanup_with_absolute_prefix_unittest[0m
[7.525s] [35m[1mScanning dependencies of target logging_unittest[0m
[7.526s] [35m[1mScanning dependencies of target demangle_unittest[0m
[7.526s] [35m[1mScanning dependencies of target stacktrace_unittest[0m
[7.526s] [35m[1mScanning dependencies of target cleanup_with_relative_prefix_unittest[0m
[7.526s] [35m[1mScanning dependencies of target stl_logging_unittest[0m
[7.533s] [ 38%] [32mBuilding CXX object CMakeFiles/signalhandler_unittest.dir/src/signalhandler_unittest.cc.o[0m
[7.533s] [ 38%] [32mBuilding CXX object CMakeFiles/logging_custom_prefix_unittest.dir/src/logging_custom_prefix_unittest.cc.o[0m
[7.533s] [ 38%] [32mBuilding CXX object CMakeFiles/cleanup_immediately_unittest.dir/src/cleanup_immediately_unittest.cc.o[0m
[7.534s] [ 41%] [32mBuilding CXX object CMakeFiles/cleanup_with_absolute_prefix_unittest.dir/src/cleanup_with_absolute_prefix_unittest.cc.o[0m
[7.534s] [ 45%] [32mBuilding CXX object CMakeFiles/symbolize_unittest.dir/src/symbolize_unittest.cc.o[0m
[7.535s] [ 48%] [32mBuilding CXX object CMakeFiles/utilities_unittest.dir/src/utilities_unittest.cc.o[0m
[7.535s] [ 51%] [32mBuilding CXX object CMakeFiles/logging_unittest.dir/src/logging_unittest.cc.o[0m
[7.535s] [ 54%] [32mBuilding CXX object CMakeFiles/cleanup_with_relative_prefix_unittest.dir/src/cleanup_with_relative_prefix_unittest.cc.o[0m
[7.536s] [ 58%] [32mBuilding CXX object CMakeFiles/stacktrace_unittest.dir/src/stacktrace_unittest.cc.o[0m
[7.536s] [ 61%] [32mBuilding CXX object CMakeFiles/demangle_unittest.dir/src/demangle_unittest.cc.o[0m
[7.543s] [ 64%] [32mBuilding CXX object CMakeFiles/stl_logging_unittest.dir/src/stl_logging_unittest.cc.o[0m
[7.575s] [ 64%] Built target glog
[7.925s] [ 67%] [32m[1mLinking CXX executable stacktrace_unittest[0m
[7.947s] [ 70%] [32m[1mLinking CXX executable signalhandler_unittest[0m
[7.973s] [ 74%] [32m[1mLinking CXX executable cleanup_immediately_unittest[0m
[8.004s] [ 77%] [32m[1mLinking CXX executable demangle_unittest[0m
[8.038s] [ 77%] Built target stacktrace_unittest
[8.048s] [ 77%] Built target signalhandler_unittest
[8.064s] [ 80%] [32m[1mLinking CXX executable utilities_unittest[0m
[8.081s] [ 80%] Built target demangle_unittest
[8.091s] [ 80%] Built target cleanup_immediately_unittest
[8.093s] [ 83%] [32m[1mLinking CXX executable cleanup_with_absolute_prefix_unittest[0m
[8.106s] [ 87%] [32m[1mLinking CXX executable symbolize_unittest[0m
[8.165s] [ 87%] Built target symbolize_unittest
[8.177s] [ 90%] [32m[1mLinking CXX executable cleanup_with_relative_prefix_unittest[0m
[8.188s] [ 90%] Built target utilities_unittest
[8.189s] [ 90%] Built target cleanup_with_absolute_prefix_unittest
[8.240s] [ 90%] Built target cleanup_with_relative_prefix_unittest
[8.771s] [ 93%] [32m[1mLinking CXX executable stl_logging_unittest[0m
[8.818s] [ 93%] Built target stl_logging_unittest
[9.206s] [ 96%] [32m[1mLinking CXX executable logging_custom_prefix_unittest[0m
[9.341s] [ 96%] Built target logging_custom_prefix_unittest
[9.366s] [100%] [32m[1mLinking CXX executable logging_unittest[0m
[9.482s] [100%] Built target logging_unittest
[9.499s] Invoked command in '/home/jeni/astra_s/build/glog' returned '0': CONDA_PROMPT_MODIFIER=(base) /usr/bin/cmake --build /home/jeni/astra_s/build/glog -- -j20 -l20
[9.563s] Invoking command in '/home/jeni/astra_s/build/glog': CONDA_PROMPT_MODIFIER=(base) /usr/bin/cmake --install /home/jeni/astra_s/build/glog
[9.573s] -- Install configuration: "Release"
[9.573s] -- Installing: /home/jeni/astra_s/install/glog/lib/libglog.so.0.6.0
[9.573s] -- Installing: /home/jeni/astra_s/install/glog/lib/libglog.so.1
[9.573s] -- Installing: /home/jeni/astra_s/install/glog/lib/libglog.so
[9.573s] -- Installing: /home/jeni/astra_s/install/glog/include/glog/export.h
[9.573s] -- Installing: /home/jeni/astra_s/install/glog/include/glog/logging.h
[9.574s] -- Installing: /home/jeni/astra_s/install/glog/include/glog/raw_logging.h
[9.574s] -- Installing: /home/jeni/astra_s/install/glog/include/glog/stl_logging.h
[9.574s] -- Installing: /home/jeni/astra_s/install/glog/include/glog/vlog_is_on.h
[9.574s] -- Installing: /home/jeni/astra_s/install/glog/include/glog/log_severity.h
[9.574s] -- Installing: /home/jeni/astra_s/install/glog/include/glog/platform.h
[9.574s] -- Installing: /home/jeni/astra_s/install/glog/lib/pkgconfig/libglog.pc
[9.574s] -- Installing: /home/jeni/astra_s/install/glog/lib/cmake/glog/glog-modules.cmake
[9.574s] -- Installing: /home/jeni/astra_s/install/glog/lib/cmake/glog/glog-config.cmake
[9.574s] -- Installing: /home/jeni/astra_s/install/glog/lib/cmake/glog/glog-config-version.cmake
[9.574s] -- Installing: /home/jeni/astra_s/install/glog/lib/cmake/glog/glog-targets.cmake
[9.574s] -- Installing: /home/jeni/astra_s/install/glog/lib/cmake/glog/glog-targets-release.cmake
[9.580s] Invoked command in '/home/jeni/astra_s/build/glog' returned '0': CONDA_PROMPT_MODIFIER=(base) /usr/bin/cmake --install /home/jeni/astra_s/build/glog
